[0.016s] Invoking command in '/home/ananya/ros2_ws/build/my_box_bot_gazebo': CMAKE_PREFIX_PATH=/home/ananya/ros2_ws/install/my_box_bot_description:/home/ananya/ros2_ws/install/my_box_bot_gazebo:/home/ananya/ros2_ws/install/gazebo_test:/opt/ros/humble /usr/bin/cmake --build /home/ananya/ros2_ws/build/my_box_bot_gazebo -- -j8 -l8
[0.038s] -- Found ament_cmake: 1.3.5 (/opt/ros/humble/share/ament_cmake/cmake)
[0.160s] -- Found rclpy: 3.3.9 (/opt/ros/humble/share/rclpy/cmake)
[0.160s] -- Found gazebo_ros: 3.7.0 (/opt/ros/humble/share/gazebo_ros/cmake)
[0.184s] -- Found rosidl_generator_c: 3.1.5 (/opt/ros/humble/share/rosidl_generator_c/cmake)
[0.185s] -- Found rosidl_adapter: 3.1.5 (/opt/ros/humble/share/rosidl_adapter/cmake)
[0.190s] -- Found rosidl_generator_cpp: 3.1.5 (/opt/ros/humble/share/rosidl_generator_cpp/cmake)
[0.199s] -- Using all available rosidl_typesupport_c: rosidl_typesupport_fastrtps_c;rosidl_typesupport_introspection_c
[0.211s] -- Using all available rosidl_typesupport_cpp: rosidl_typesupport_fastrtps_cpp;rosidl_typesupport_introspection_cpp
[0.260s] -- Found rmw_implementation_cmake: 6.1.1 (/opt/ros/humble/share/rmw_implementation_cmake/cmake)
[0.261s] -- Found rmw_fastrtps_cpp: 6.2.3 (/opt/ros/humble/share/rmw_fastrtps_cpp/cmake)
[0.366s] -- Using RMW implementation 'rmw_fastrtps_cpp' as default
[0.520s] -- Found DART: /usr/include (Required is at least version "6.6") found components: dart 
[0.548s] -- Found Protobuf: /usr/lib/x86_64-linux-gnu/libprotobuf.so (found version "3.12.4") 
[0.550s] -- Looking for ignition-math6 -- found version 6.15.0
[0.554s] -- Searching for dependencies of ignition-math6
[0.555s] -- Looking for OGRE...
[0.560s] -- Found Ogre Ghadamon (1.9.0)
[0.560s] -- Found OGRE: optimized;/usr/lib/x86_64-linux-gnu/libOgreMain.so;debug;/usr/lib/x86_64-linux-gnu/libOgreMain.so
[0.569s] -- Looking for OGRE_Paging...
[0.569s] -- Found OGRE_Paging: optimized;/usr/lib/x86_64-linux-gnu/libOgrePaging.so;debug;/usr/lib/x86_64-linux-gnu/libOgrePaging.so
[0.569s] -- Looking for OGRE_Terrain...
[0.569s] -- Found OGRE_Terrain: optimized;/usr/lib/x86_64-linux-gnu/libOgreTerrain.so;debug;/usr/lib/x86_64-linux-gnu/libOgreTerrain.so
[0.569s] -- Looking for OGRE_Property...
[0.569s] -- Found OGRE_Property: optimized;/usr/lib/x86_64-linux-gnu/libOgreProperty.so;debug;/usr/lib/x86_64-linux-gnu/libOgreProperty.so
[0.569s] -- Looking for OGRE_RTShaderSystem...
[0.569s] -- Found OGRE_RTShaderSystem: optimized;/usr/lib/x86_64-linux-gnu/libOgreRTShaderSystem.so;debug;/usr/lib/x86_64-linux-gnu/libOgreRTShaderSystem.so
[0.569s] -- Looking for OGRE_Volume...
[0.570s] -- Found OGRE_Volume: optimized;/usr/lib/x86_64-linux-gnu/libOgreVolume.so;debug;/usr/lib/x86_64-linux-gnu/libOgreVolume.so
[0.570s] -- Looking for OGRE_Overlay...
[0.570s] -- Found OGRE_Overlay: optimized;/usr/lib/x86_64-linux-gnu/libOgreOverlay.so;debug;/usr/lib/x86_64-linux-gnu/libOgreOverlay.so
[0.657s] -- Looking for ignition-math6 -- found version 6.15.0
[0.657s] -- Looking for ignition-transport8 -- found version 8.2.1
[0.657s] -- Searching for dependencies of ignition-transport8
[0.673s] -- Found Protobuf: /usr/lib/x86_64-linux-gnu/libprotobuf.so (found suitable version "3.12.4", minimum required is "3") 
[0.683s] -- Config-file not installed for ZeroMQ -- checking for pkg-config
[0.687s] -- Checking for module 'libzmq >= 4'
[0.698s] --   Found libzmq , version 4.3.4
[0.734s] -- Checking for module 'uuid'
[0.745s] --   Found uuid, version 2.37.2
[0.774s] -- Looking for ignition-msgs5 -- found version 5.8.1
[0.774s] -- Searching for dependencies of ignition-msgs5
[0.790s] -- Looking for ignition-math6 -- found version 6.15.0
[0.794s] -- Checking for module 'tinyxml2'
[0.806s] --   Found tinyxml2, version 9.0.0
[0.834s] -- Looking for ignition-msgs5 -- found version 5.8.1
[0.834s] -- Looking for ignition-common3 -- found version 3.14.0
[0.834s] -- Searching for dependencies of ignition-common3
[0.835s] -- Looking for dlfcn.h - found
[0.835s] -- Looking for libdl - found
[0.844s] -- Searching for <ignition-common3> component [graphics]
[0.844s] -- Looking for ignition-common3-graphics -- found version 3.14.0
[0.844s] -- Searching for dependencies of ignition-common3-graphics
[0.845s] -- Looking for ignition-math6 -- found version 6.15.0
[0.845s] -- Looking for ignition-fuel_tools4 -- found version 4.4.0
[0.846s] -- Searching for dependencies of ignition-fuel_tools4
[0.879s] -- Checking for module 'jsoncpp'
[0.891s] --   Found jsoncpp, version 1.9.5
[0.924s] -- Checking for module 'libzip'
[0.935s] --   Found libzip, version 1.7.3
[0.963s] -- Looking for ignition-common3 -- found version 3.14.0
[0.964s] -- Looking for ignition-math6 -- found version 6.15.0
[0.964s] -- Looking for ignition-msgs5 -- found version 5.8.1
[0.965s] -- Gazebo version: 11.10
[0.973s] -- Found my_box_bot_description: 0.0.0 (/home/ananya/ros2_ws/install/my_box_bot_description/share/my_box_bot_description/cmake)
[0.973s] -- Found xacro: 2.0.8 (/opt/ros/humble/share/xacro/cmake)
[0.973s] -- Found ament_lint_auto: 0.12.7 (/opt/ros/humble/share/ament_lint_auto/cmake)
[1.030s] -- Added test 'copyright' to check source files copyright and LICENSE
[1.032s] -- Added test 'flake8' to check Python code syntax and style conventions
[1.032s] -- Added test 'lint_cmake' to check CMake code style
[1.032s] -- Added test 'pep257' to check Python code against some of the docstring style conventions in PEP 257
[1.033s] -- Added test 'xmllint' to check XML markup files
[1.034s] -- Configuring done
[1.038s] -- Generating done
[1.040s] -- Build files have been written to: /home/ananya/ros2_ws/build/my_box_bot_gazebo
[1.065s] Invoked command in '/home/ananya/ros2_ws/build/my_box_bot_gazebo' returned '0': CMAKE_PREFIX_PATH=/home/ananya/ros2_ws/install/my_box_bot_description:/home/ananya/ros2_ws/install/my_box_bot_gazebo:/home/ananya/ros2_ws/install/gazebo_test:/opt/ros/humble /usr/bin/cmake --build /home/ananya/ros2_ws/build/my_box_bot_gazebo -- -j8 -l8
[1.086s] Invoking command in '/home/ananya/ros2_ws/build/my_box_bot_gazebo': CMAKE_PREFIX_PATH=/home/ananya/ros2_ws/install/my_box_bot_description:/home/ananya/ros2_ws/install/my_box_bot_gazebo:/home/ananya/ros2_ws/install/gazebo_test:/opt/ros/humble /usr/bin/cmake --install /home/ananya/ros2_ws/build/my_box_bot_gazebo
[1.093s] -- Install configuration: ""
[1.093s] -- Up-to-date: /home/ananya/ros2_ws/install/my_box_bot_gazebo/share/my_box_bot_gazebo//launch
[1.093s] -- Up-to-date: /home/ananya/ros2_ws/install/my_box_bot_gazebo/share/my_box_bot_gazebo//launch/spawn_robot_description.launch.py
[1.093s] -- Up-to-date: /home/ananya/ros2_ws/install/my_box_bot_gazebo/share/my_box_bot_gazebo//launch/start_world.launch.py
[1.093s] -- Up-to-date: /home/ananya/ros2_ws/install/my_box_bot_gazebo/share/my_box_bot_gazebo//launch/design1_launch.py
[1.093s] -- Up-to-date: /home/ananya/ros2_ws/install/my_box_bot_gazebo/share/my_box_bot_gazebo//launch/demo.launch.py
[1.094s] -- Installing: /home/ananya/ros2_ws/install/my_box_bot_gazebo/share/my_box_bot_gazebo//launch/new.launch.py
[1.094s] -- Up-to-date: /home/ananya/ros2_ws/install/my_box_bot_gazebo/share/my_box_bot_gazebo//worlds
[1.094s] -- Up-to-date: /home/ananya/ros2_ws/install/my_box_bot_gazebo/share/my_box_bot_gazebo//worlds/box_bot_empty.world
[1.094s] -- Up-to-date: /home/ananya/ros2_ws/install/my_box_bot_gazebo/share/my_box_bot_gazebo//urdf
[1.094s] -- Up-to-date: /home/ananya/ros2_ws/install/my_box_bot_gazebo/share/my_box_bot_gazebo//urdf/final1_urdf.csv
[1.094s] -- Up-to-date: /home/ananya/ros2_ws/install/my_box_bot_gazebo/share/my_box_bot_gazebo//urdf/final1_urdf.urdf
[1.094s] -- Up-to-date: /home/ananya/ros2_ws/install/my_box_bot_gazebo/share/my_box_bot_gazebo//meshes
[1.094s] -- Up-to-date: /home/ananya/ros2_ws/install/my_box_bot_gazebo/share/my_box_bot_gazebo//meshes/base_link.STL
[1.094s] -- Up-to-date: /home/ananya/ros2_ws/install/my_box_bot_gazebo/share/my_box_bot_gazebo//meshes/pulley.STL
[1.095s] -- Up-to-date: /home/ananya/ros2_ws/install/my_box_bot_gazebo/share/my_box_bot_gazebo//meshes/upperleg.STL
[1.095s] -- Up-to-date: /home/ananya/ros2_ws/install/my_box_bot_gazebo/share/my_box_bot_gazebo//meshes/acc.STL
[1.095s] -- Up-to-date: /home/ananya/ros2_ws/install/my_box_bot_gazebo/share/my_box_bot_gazebo//meshes/c_bracket.STL
[1.095s] -- Up-to-date: /home/ananya/ros2_ws/install/my_box_bot_gazebo/share/my_box_bot_gazebo//meshes/acc_knee.STL
[1.095s] -- Up-to-date: /home/ananya/ros2_ws/install/my_box_bot_gazebo/share/my_box_bot_gazebo//meshes/lowerleg.STL
[1.095s] -- Up-to-date: /home/ananya/ros2_ws/install/my_box_bot_gazebo/share/ament_index/resource_index/package_run_dependencies/my_box_bot_gazebo
[1.095s] -- Up-to-date: /home/ananya/ros2_ws/install/my_box_bot_gazebo/share/ament_index/resource_index/parent_prefix_path/my_box_bot_gazebo
[1.095s] -- Up-to-date: /home/ananya/ros2_ws/install/my_box_bot_gazebo/share/my_box_bot_gazebo/environment/ament_prefix_path.sh
[1.095s] -- Installing: /home/ananya/ros2_ws/install/my_box_bot_gazebo/share/my_box_bot_gazebo/environment/ament_prefix_path.dsv
[1.095s] -- Up-to-date: /home/ananya/ros2_ws/install/my_box_bot_gazebo/share/my_box_bot_gazebo/environment/path.sh
[1.095s] -- Installing: /home/ananya/ros2_ws/install/my_box_bot_gazebo/share/my_box_bot_gazebo/environment/path.dsv
[1.096s] -- Up-to-date: /home/ananya/ros2_ws/install/my_box_bot_gazebo/share/my_box_bot_gazebo/local_setup.bash
[1.096s] -- Up-to-date: /home/ananya/ros2_ws/install/my_box_bot_gazebo/share/my_box_bot_gazebo/local_setup.sh
[1.096s] -- Up-to-date: /home/ananya/ros2_ws/install/my_box_bot_gazebo/share/my_box_bot_gazebo/local_setup.zsh
[1.096s] -- Installing: /home/ananya/ros2_ws/install/my_box_bot_gazebo/share/my_box_bot_gazebo/local_setup.dsv
[1.096s] -- Installing: /home/ananya/ros2_ws/install/my_box_bot_gazebo/share/my_box_bot_gazebo/package.dsv
[1.096s] -- Up-to-date: /home/ananya/ros2_ws/install/my_box_bot_gazebo/share/ament_index/resource_index/packages/my_box_bot_gazebo
[1.098s] -- Up-to-date: /home/ananya/ros2_ws/install/my_box_bot_gazebo/share/my_box_bot_gazebo/cmake/my_box_bot_gazeboConfig.cmake
[1.098s] -- Up-to-date: /home/ananya/ros2_ws/install/my_box_bot_gazebo/share/my_box_bot_gazebo/cmake/my_box_bot_gazeboConfig-version.cmake
[1.098s] -- Installing: /home/ananya/ros2_ws/install/my_box_bot_gazebo/share/my_box_bot_gazebo/package.xml
[1.099s] Invoked command in '/home/ananya/ros2_ws/build/my_box_bot_gazebo' returned '0': CMAKE_PREFIX_PATH=/home/ananya/ros2_ws/install/my_box_bot_description:/home/ananya/ros2_ws/install/my_box_bot_gazebo:/home/ananya/ros2_ws/install/gazebo_test:/opt/ros/humble /usr/bin/cmake --install /home/ananya/ros2_ws/build/my_box_bot_gazebo
