[0.267s] DEBUG:colcon:Command line arguments: ['/usr/bin/colcon', 'build']
[0.267s] DEBUG:colcon:Parsed command line arguments: Namespace(log_base=None, log_level=None, verb_name='build', build_base='build', install_base='install', merge_install=False, symlink_install=False, test_result_base=None, continue_on_error=False, executor='parallel', parallel_workers=8, event_handlers=None, ignore_user_meta=False, metas=['./colcon.meta'], base_paths=['.'], packages_ignore=None, packages_ignore_regex=None, paths=None, packages_up_to=None, packages_up_to_regex=None, packages_above=None, packages_above_and_dependencies=None, packages_above_depth=None, packages_select_by_dep=None, packages_skip_by_dep=None, packages_skip_up_to=None, packages_select_build_failed=False, packages_skip_build_finished=False, packages_select_test_failures=False, packages_skip_test_passed=False, packages_select=None, packages_skip=None, packages_select_regex=None, packages_skip_regex=None, packages_start=None, packages_end=None, allow_overriding=[], cmake_args=None, cmake_target=None, cmake_target_skip_unavailable=False, cmake_clean_cache=False, cmake_clean_first=False, cmake_force_configure=False, ament_cmake_args=None, catkin_cmake_args=None, catkin_skip_building_tests=False, verb_parser=<colcon_defaults.argument_parser.defaults.DefaultArgumentsDecorator object at 0x7feca35c38b0>, verb_extension=<colcon_core.verb.build.BuildVerb object at 0x7feca35c3340>, main=<bound method BuildVerb.main of <colcon_core.verb.build.BuildVerb object at 0x7feca35c3340>>)
[0.286s] Level 1:colcon.colcon_core.package_discovery:discover_packages(colcon_meta) check parameters
[0.286s] Level 1:colcon.colcon_core.package_discovery:discover_packages(recursive) check parameters
[0.286s] Level 1:colcon.colcon_core.package_discovery:discover_packages(ignore) check parameters
[0.286s] Level 1:colcon.colcon_core.package_discovery:discover_packages(path) check parameters
[0.286s] Level 1:colcon.colcon_core.package_discovery:discover_packages(colcon_meta) discover
[0.286s] Level 1:colcon.colcon_core.package_discovery:discover_packages(recursive) discover
[0.286s] INFO:colcon.colcon_core.package_discovery:Crawling recursively for packages in '/home/ananya/ros2_ws'
[0.286s] Level 1:colcon.colcon_core.package_identification:_identify(.) by extensions ['ignore', 'ignore_ament_install']
[0.286s] Level 1:colcon.colcon_core.package_identification:_identify(.) by extension 'ignore'
[0.286s] Level 1:colcon.colcon_core.package_identification:_identify(.) by extension 'ignore_ament_install'
[0.287s] Level 1:colcon.colcon_core.package_identification:_identify(.) by extensions ['colcon_pkg']
[0.287s] Level 1:colcon.colcon_core.package_identification:_identify(.) by extension 'colcon_pkg'
[0.287s] Level 1:colcon.colcon_core.package_identification:_identify(.) by extensions ['colcon_meta']
[0.287s] Level 1:colcon.colcon_core.package_identification:_identify(.) by extension 'colcon_meta'
[0.287s] Level 1:colcon.colcon_core.package_identification:_identify(.) by extensions ['ros']
[0.287s] Level 1:colcon.colcon_core.package_identification:_identify(.) by extension 'ros'
[0.296s] Level 1:colcon.colcon_core.package_identification:_identify(.) by extensions ['cmake', 'python']
[0.297s] Level 1:colcon.colcon_core.package_identification:_identify(.) by extension 'cmake'
[0.297s] Level 1:colcon.colcon_core.package_identification:_identify(.) by extension 'python'
[0.297s] Level 1:colcon.colcon_core.package_identification:_identify(.) by extensions ['python_setup_py']
[0.297s] Level 1:colcon.colcon_core.package_identification:_identify(.) by extension 'python_setup_py'
[0.297s] Level 1:colcon.colcon_core.package_identification:_identify(build) by extensions ['ignore', 'ignore_ament_install']
[0.297s] Level 1:colcon.colcon_core.package_identification:_identify(build) by extension 'ignore'
[0.297s] Level 1:colcon.colcon_core.package_identification:_identify(build) ignored
[0.297s] Level 1:colcon.colcon_core.package_identification:_identify(install) by extensions ['ignore', 'ignore_ament_install']
[0.297s] Level 1:colcon.colcon_core.package_identification:_identify(install) by extension 'ignore'
[0.297s] Level 1:colcon.colcon_core.package_identification:_identify(install) ignored
[0.297s] Level 1:colcon.colcon_core.package_identification:_identify(log) by extensions ['ignore', 'ignore_ament_install']
[0.298s] Level 1:colcon.colcon_core.package_identification:_identify(log) by extension 'ignore'
[0.298s] Level 1:colcon.colcon_core.package_identification:_identify(log) ignored
[0.298s] Level 1:colcon.colcon_core.package_identification:_identify(src) by extensions ['ignore', 'ignore_ament_install']
[0.298s] Level 1:colcon.colcon_core.package_identification:_identify(src) by extension 'ignore'
[0.298s] Level 1:colcon.colcon_core.package_identification:_identify(src) by extension 'ignore_ament_install'
[0.298s] Level 1:colcon.colcon_core.package_identification:_identify(src) by extensions ['colcon_pkg']
[0.298s] Level 1:colcon.colcon_core.package_identification:_identify(src) by extension 'colcon_pkg'
[0.298s] Level 1:colcon.colcon_core.package_identification:_identify(src) by extensions ['colcon_meta']
[0.298s] Level 1:colcon.colcon_core.package_identification:_identify(src) by extension 'colcon_meta'
[0.298s] Level 1:colcon.colcon_core.package_identification:_identify(src) by extensions ['ros']
[0.298s] Level 1:colcon.colcon_core.package_identification:_identify(src) by extension 'ros'
[0.298s] Level 1:colcon.colcon_core.package_identification:_identify(src) by extensions ['cmake', 'python']
[0.298s] Level 1:colcon.colcon_core.package_identification:_identify(src) by extension 'cmake'
[0.298s] Level 1:colcon.colcon_core.package_identification:_identify(src) by extension 'python'
[0.298s] Level 1:colcon.colcon_core.package_identification:_identify(src) by extensions ['python_setup_py']
[0.298s] Level 1:colcon.colcon_core.package_identification:_identify(src) by extension 'python_setup_py'
[0.298s] Level 1:colcon.colcon_core.package_identification:_identify(src/my_box_bot_description) by extensions ['ignore', 'ignore_ament_install']
[0.299s] Level 1:colcon.colcon_core.package_identification:_identify(src/my_box_bot_description) by extension 'ignore'
[0.299s] Level 1:colcon.colcon_core.package_identification:_identify(src/my_box_bot_description) by extension 'ignore_ament_install'
[0.299s] Level 1:colcon.colcon_core.package_identification:_identify(src/my_box_bot_description) by extensions ['colcon_pkg']
[0.299s] Level 1:colcon.colcon_core.package_identification:_identify(src/my_box_bot_description) by extension 'colcon_pkg'
[0.299s] Level 1:colcon.colcon_core.package_identification:_identify(src/my_box_bot_description) by extensions ['colcon_meta']
[0.299s] Level 1:colcon.colcon_core.package_identification:_identify(src/my_box_bot_description) by extension 'colcon_meta'
[0.299s] Level 1:colcon.colcon_core.package_identification:_identify(src/my_box_bot_description) by extensions ['ros']
[0.299s] Level 1:colcon.colcon_core.package_identification:_identify(src/my_box_bot_description) by extension 'ros'
[0.301s] DEBUG:colcon.colcon_core.package_identification:Package 'src/my_box_bot_description' with type 'ros.ament_cmake' and name 'my_box_bot_description'
[0.301s] Level 1:colcon.colcon_core.package_identification:_identify(src/my_box_bot_gazebo) by extensions ['ignore', 'ignore_ament_install']
[0.301s] Level 1:colcon.colcon_core.package_identification:_identify(src/my_box_bot_gazebo) by extension 'ignore'
[0.301s] Level 1:colcon.colcon_core.package_identification:_identify(src/my_box_bot_gazebo) by extension 'ignore_ament_install'
[0.301s] Level 1:colcon.colcon_core.package_identification:_identify(src/my_box_bot_gazebo) by extensions ['colcon_pkg']
[0.301s] Level 1:colcon.colcon_core.package_identification:_identify(src/my_box_bot_gazebo) by extension 'colcon_pkg'
[0.301s] Level 1:colcon.colcon_core.package_identification:_identify(src/my_box_bot_gazebo) by extensions ['colcon_meta']
[0.301s] Level 1:colcon.colcon_core.package_identification:_identify(src/my_box_bot_gazebo) by extension 'colcon_meta'
[0.301s] Level 1:colcon.colcon_core.package_identification:_identify(src/my_box_bot_gazebo) by extensions ['ros']
[0.301s] Level 1:colcon.colcon_core.package_identification:_identify(src/my_box_bot_gazebo) by extension 'ros'
[0.302s] DEBUG:colcon.colcon_core.package_identification:Package 'src/my_box_bot_gazebo' with type 'ros.ament_cmake' and name 'my_box_bot_gazebo'
[0.302s] Level 1:colcon.colcon_core.package_identification:_identify(src/my_robot_bringup) by extensions ['ignore', 'ignore_ament_install']
[0.302s] Level 1:colcon.colcon_core.package_identification:_identify(src/my_robot_bringup) by extension 'ignore'
[0.302s] Level 1:colcon.colcon_core.package_identification:_identify(src/my_robot_bringup) by extension 'ignore_ament_install'
[0.302s] Level 1:colcon.colcon_core.package_identification:_identify(src/my_robot_bringup) by extensions ['colcon_pkg']
[0.303s] Level 1:colcon.colcon_core.package_identification:_identify(src/my_robot_bringup) by extension 'colcon_pkg'
[0.303s] Level 1:colcon.colcon_core.package_identification:_identify(src/my_robot_bringup) by extensions ['colcon_meta']
[0.303s] Level 1:colcon.colcon_core.package_identification:_identify(src/my_robot_bringup) by extension 'colcon_meta'
[0.303s] Level 1:colcon.colcon_core.package_identification:_identify(src/my_robot_bringup) by extensions ['ros']
[0.303s] Level 1:colcon.colcon_core.package_identification:_identify(src/my_robot_bringup) by extension 'ros'
[0.303s] DEBUG:colcon.colcon_core.package_identification:Package 'src/my_robot_bringup' with type 'ros.ament_cmake' and name 'gazebo_test'
[0.303s] Level 1:colcon.colcon_core.package_discovery:discover_packages(recursive) using defaults
[0.303s] Level 1:colcon.colcon_core.package_discovery:discover_packages(ignore) discover
[0.303s] Level 1:colcon.colcon_core.package_discovery:discover_packages(ignore) using defaults
[0.303s] Level 1:colcon.colcon_core.package_discovery:discover_packages(path) discover
[0.303s] Level 1:colcon.colcon_core.package_discovery:discover_packages(path) using defaults
[0.322s] Level 1:colcon.colcon_core.package_discovery:discover_packages(prefix_path) check parameters
[0.322s] Level 1:colcon.colcon_core.package_discovery:discover_packages(prefix_path) discover
[0.324s] DEBUG:colcon.colcon_installed_package_information.package_discovery:Found 3 installed packages in /home/ananya/ros2_ws/install
[0.326s] DEBUG:colcon.colcon_installed_package_information.package_discovery:Found 338 installed packages in /opt/ros/humble
[0.328s] Level 1:colcon.colcon_core.package_discovery:discover_packages(prefix_path) using defaults
[0.378s] Level 5:colcon.colcon_core.verb:set package 'gazebo_test' build argument 'cmake_args' from command line to 'None'
[0.378s] Level 5:colcon.colcon_core.verb:set package 'gazebo_test' build argument 'cmake_target' from command line to 'None'
[0.378s] Level 5:colcon.colcon_core.verb:set package 'gazebo_test' build argument 'cmake_target_skip_unavailable' from command line to 'False'
[0.378s] Level 5:colcon.colcon_core.verb:set package 'gazebo_test' build argument 'cmake_clean_cache' from command line to 'False'
[0.378s] Level 5:colcon.colcon_core.verb:set package 'gazebo_test' build argument 'cmake_clean_first' from command line to 'False'
[0.378s] Level 5:colcon.colcon_core.verb:set package 'gazebo_test' build argument 'cmake_force_configure' from command line to 'False'
[0.378s] Level 5:colcon.colcon_core.verb:set package 'gazebo_test' build argument 'ament_cmake_args' from command line to 'None'
[0.378s] Level 5:colcon.colcon_core.verb:set package 'gazebo_test' build argument 'catkin_cmake_args' from command line to 'None'
[0.378s] Level 5:colcon.colcon_core.verb:set package 'gazebo_test' build argument 'catkin_skip_building_tests' from command line to 'False'
[0.378s] DEBUG:colcon.colcon_core.verb:Building package 'gazebo_test' with the following arguments: {'ament_cmake_args': None, 'build_base': '/home/ananya/ros2_ws/build/gazebo_test', 'catkin_cmake_args': None, 'catkin_skip_building_tests': False, 'cmake_args': None, 'cmake_clean_cache': False, 'cmake_clean_first': False, 'cmake_force_configure': False, 'cmake_target': None, 'cmake_target_skip_unavailable': False, 'install_base': '/home/ananya/ros2_ws/install/gazebo_test', 'merge_install': False, 'path': '/home/ananya/ros2_ws/src/my_robot_bringup', 'symlink_install': False, 'test_result_base': None}
[0.379s] Level 5:colcon.colcon_core.verb:set package 'my_box_bot_description' build argument 'cmake_args' from command line to 'None'
[0.379s] Level 5:colcon.colcon_core.verb:set package 'my_box_bot_description' build argument 'cmake_target' from command line to 'None'
[0.379s] Level 5:colcon.colcon_core.verb:set package 'my_box_bot_description' build argument 'cmake_target_skip_unavailable' from command line to 'False'
[0.379s] Level 5:colcon.colcon_core.verb:set package 'my_box_bot_description' build argument 'cmake_clean_cache' from command line to 'False'
[0.379s] Level 5:colcon.colcon_core.verb:set package 'my_box_bot_description' build argument 'cmake_clean_first' from command line to 'False'
[0.379s] Level 5:colcon.colcon_core.verb:set package 'my_box_bot_description' build argument 'cmake_force_configure' from command line to 'False'
[0.379s] Level 5:colcon.colcon_core.verb:set package 'my_box_bot_description' build argument 'ament_cmake_args' from command line to 'None'
[0.379s] Level 5:colcon.colcon_core.verb:set package 'my_box_bot_description' build argument 'catkin_cmake_args' from command line to 'None'
[0.379s] Level 5:colcon.colcon_core.verb:set package 'my_box_bot_description' build argument 'catkin_skip_building_tests' from command line to 'False'
[0.379s] DEBUG:colcon.colcon_core.verb:Building package 'my_box_bot_description' with the following arguments: {'ament_cmake_args': None, 'build_base': '/home/ananya/ros2_ws/build/my_box_bot_description', 'catkin_cmake_args': None, 'catkin_skip_building_tests': False, 'cmake_args': None, 'cmake_clean_cache': False, 'cmake_clean_first': False, 'cmake_force_configure': False, 'cmake_target': None, 'cmake_target_skip_unavailable': False, 'install_base': '/home/ananya/ros2_ws/install/my_box_bot_description', 'merge_install': False, 'path': '/home/ananya/ros2_ws/src/my_box_bot_description', 'symlink_install': False, 'test_result_base': None}
[0.380s] Level 5:colcon.colcon_core.verb:set package 'my_box_bot_gazebo' build argument 'cmake_args' from command line to 'None'
[0.380s] Level 5:colcon.colcon_core.verb:set package 'my_box_bot_gazebo' build argument 'cmake_target' from command line to 'None'
[0.380s] Level 5:colcon.colcon_core.verb:set package 'my_box_bot_gazebo' build argument 'cmake_target_skip_unavailable' from command line to 'False'
[0.380s] Level 5:colcon.colcon_core.verb:set package 'my_box_bot_gazebo' build argument 'cmake_clean_cache' from command line to 'False'
[0.380s] Level 5:colcon.colcon_core.verb:set package 'my_box_bot_gazebo' build argument 'cmake_clean_first' from command line to 'False'
[0.380s] Level 5:colcon.colcon_core.verb:set package 'my_box_bot_gazebo' build argument 'cmake_force_configure' from command line to 'False'
[0.380s] Level 5:colcon.colcon_core.verb:set package 'my_box_bot_gazebo' build argument 'ament_cmake_args' from command line to 'None'
[0.380s] Level 5:colcon.colcon_core.verb:set package 'my_box_bot_gazebo' build argument 'catkin_cmake_args' from command line to 'None'
[0.380s] Level 5:colcon.colcon_core.verb:set package 'my_box_bot_gazebo' build argument 'catkin_skip_building_tests' from command line to 'False'
[0.380s] DEBUG:colcon.colcon_core.verb:Building package 'my_box_bot_gazebo' with the following arguments: {'ament_cmake_args': None, 'build_base': '/home/ananya/ros2_ws/build/my_box_bot_gazebo', 'catkin_cmake_args': None, 'catkin_skip_building_tests': False, 'cmake_args': None, 'cmake_clean_cache': False, 'cmake_clean_first': False, 'cmake_force_configure': False, 'cmake_target': None, 'cmake_target_skip_unavailable': False, 'install_base': '/home/ananya/ros2_ws/install/my_box_bot_gazebo', 'merge_install': False, 'path': '/home/ananya/ros2_ws/src/my_box_bot_gazebo', 'symlink_install': False, 'test_result_base': None}
[0.381s] INFO:colcon.colcon_core.executor:Executing jobs using 'parallel' executor
[0.383s] DEBUG:colcon.colcon_parallel_executor.executor.parallel:run_until_complete
[0.384s] INFO:colcon.colcon_ros.task.ament_cmake.build:Building ROS package in '/home/ananya/ros2_ws/src/my_robot_bringup' with build type 'ament_cmake'
[0.384s] INFO:colcon.colcon_cmake.task.cmake.build:Building CMake package in '/home/ananya/ros2_ws/src/my_robot_bringup'
[0.388s] INFO:colcon.colcon_core.plugin_system:Skipping extension 'colcon_core.shell.bat': Not used on non-Windows systems
[0.388s] INFO:colcon.colcon_core.shell:Skip shell extension 'powershell' for command environment: Not usable outside of PowerShell
[0.388s] DEBUG:colcon.colcon_core.shell:Skip shell extension 'dsv' for command environment
[0.392s] INFO:colcon.colcon_ros.task.ament_cmake.build:Building ROS package in '/home/ananya/ros2_ws/src/my_box_bot_description' with build type 'ament_cmake'
[0.392s] INFO:colcon.colcon_cmake.task.cmake.build:Building CMake package in '/home/ananya/ros2_ws/src/my_box_bot_description'
[0.393s] INFO:colcon.colcon_core.shell:Skip shell extension 'powershell' for command environment: Not usable outside of PowerShell
[0.393s] DEBUG:colcon.colcon_core.shell:Skip shell extension 'dsv' for command environment
[0.397s] INFO:colcon.colcon_ros.task.ament_cmake.build:Building ROS package in '/home/ananya/ros2_ws/src/my_box_bot_gazebo' with build type 'ament_cmake'
[0.397s] INFO:colcon.colcon_cmake.task.cmake.build:Building CMake package in '/home/ananya/ros2_ws/src/my_box_bot_gazebo'
[0.398s] INFO:colcon.colcon_core.shell:Skip shell extension 'powershell' for command environment: Not usable outside of PowerShell
[0.398s] DEBUG:colcon.colcon_core.shell:Skip shell extension 'dsv' for command environment
[0.407s] DEBUG:colcon.colcon_core.event_handler.log_command:Invoking command in '/home/ananya/ros2_ws/build/gazebo_test': CMAKE_PREFIX_PATH=${CMAKE_PREFIX_PATH}:/opt/ros/humble /usr/bin/cmake --build /home/ananya/ros2_ws/build/gazebo_test -- -j8 -l8
[0.410s] DEBUG:colcon.colcon_core.event_handler.log_command:Invoking command in '/home/ananya/ros2_ws/build/my_box_bot_description': CMAKE_PREFIX_PATH=${CMAKE_PREFIX_PATH}:/opt/ros/humble /usr/bin/cmake --build /home/ananya/ros2_ws/build/my_box_bot_description -- -j8 -l8
[0.416s] DEBUG:colcon.colcon_core.event_handler.log_command:Invoking command in '/home/ananya/ros2_ws/build/my_box_bot_gazebo': CMAKE_PREFIX_PATH=${CMAKE_PREFIX_PATH}:/opt/ros/humble /usr/bin/cmake --build /home/ananya/ros2_ws/build/my_box_bot_gazebo -- -j8 -l8
[0.438s] DEBUG:colcon.colcon_core.event_handler.log_command:Invoked command in '/home/ananya/ros2_ws/build/gazebo_test' returned '0': CMAKE_PREFIX_PATH=${CMAKE_PREFIX_PATH}:/opt/ros/humble /usr/bin/cmake --build /home/ananya/ros2_ws/build/gazebo_test -- -j8 -l8
[0.442s] DEBUG:colcon.colcon_core.event_handler.log_command:Invoked command in '/home/ananya/ros2_ws/build/my_box_bot_description' returned '0': CMAKE_PREFIX_PATH=${CMAKE_PREFIX_PATH}:/opt/ros/humble /usr/bin/cmake --build /home/ananya/ros2_ws/build/my_box_bot_description -- -j8 -l8
[0.452s] DEBUG:colcon.colcon_core.event_handler.log_command:Invoked command in '/home/ananya/ros2_ws/build/my_box_bot_gazebo' returned '0': CMAKE_PREFIX_PATH=${CMAKE_PREFIX_PATH}:/opt/ros/humble /usr/bin/cmake --build /home/ananya/ros2_ws/build/my_box_bot_gazebo -- -j8 -l8
[0.464s] DEBUG:colcon.colcon_core.event_handler.log_command:Invoking command in '/home/ananya/ros2_ws/build/gazebo_test': CMAKE_PREFIX_PATH=${CMAKE_PREFIX_PATH}:/opt/ros/humble /usr/bin/cmake --install /home/ananya/ros2_ws/build/gazebo_test
[0.466s] DEBUG:colcon.colcon_core.event_handler.log_command:Invoking command in '/home/ananya/ros2_ws/build/my_box_bot_description': CMAKE_PREFIX_PATH=${CMAKE_PREFIX_PATH}:/opt/ros/humble /usr/bin/cmake --install /home/ananya/ros2_ws/build/my_box_bot_description
[0.472s] DEBUG:colcon.colcon_core.event_handler.log_command:Invoking command in '/home/ananya/ros2_ws/build/my_box_bot_gazebo': CMAKE_PREFIX_PATH=${CMAKE_PREFIX_PATH}:/opt/ros/humble /usr/bin/cmake --install /home/ananya/ros2_ws/build/my_box_bot_gazebo
[0.475s] Level 1:colcon.colcon_core.environment:create_environment_scripts_only(gazebo_test)
[0.479s] DEBUG:colcon.colcon_core.event_handler.log_command:Invoked command in '/home/ananya/ros2_ws/build/gazebo_test' returned '0': CMAKE_PREFIX_PATH=${CMAKE_PREFIX_PATH}:/opt/ros/humble /usr/bin/cmake --install /home/ananya/ros2_ws/build/gazebo_test
[0.487s] Level 1:colcon.colcon_core.environment:checking '/home/ananya/ros2_ws/install/gazebo_test' for CMake module files
[0.488s] Level 1:colcon.colcon_core.environment:checking '/home/ananya/ros2_ws/install/gazebo_test' for CMake config files
[0.488s] Level 1:colcon.colcon_core.shell:create_environment_hook('gazebo_test', 'cmake_prefix_path')
[0.490s] INFO:colcon.colcon_core.shell:Creating environment hook '/home/ananya/ros2_ws/install/gazebo_test/share/gazebo_test/hook/cmake_prefix_path.ps1'
[0.491s] INFO:colcon.colcon_core.shell:Creating environment descriptor '/home/ananya/ros2_ws/install/gazebo_test/share/gazebo_test/hook/cmake_prefix_path.dsv'
[0.491s] INFO:colcon.colcon_core.shell:Creating environment hook '/home/ananya/ros2_ws/install/gazebo_test/share/gazebo_test/hook/cmake_prefix_path.sh'
[0.492s] Level 1:colcon.colcon_core.environment:checking '/home/ananya/ros2_ws/install/gazebo_test/bin'
[0.492s] Level 1:colcon.colcon_core.environment:checking '/home/ananya/ros2_ws/install/gazebo_test/lib/pkgconfig/gazebo_test.pc'
[0.493s] Level 1:colcon.colcon_core.environment:checking '/home/ananya/ros2_ws/install/gazebo_test/lib/python3.10/site-packages'
[0.493s] Level 1:colcon.colcon_core.environment:checking '/home/ananya/ros2_ws/install/gazebo_test/bin'
[0.495s] INFO:colcon.colcon_core.shell:Creating package script '/home/ananya/ros2_ws/install/gazebo_test/share/gazebo_test/package.ps1'
[0.496s] INFO:colcon.colcon_core.shell:Creating package descriptor '/home/ananya/ros2_ws/install/gazebo_test/share/gazebo_test/package.dsv'
[0.497s] INFO:colcon.colcon_core.shell:Creating package script '/home/ananya/ros2_ws/install/gazebo_test/share/gazebo_test/package.sh'
[0.497s] INFO:colcon.colcon_core.shell:Creating package script '/home/ananya/ros2_ws/install/gazebo_test/share/gazebo_test/package.bash'
[0.498s] INFO:colcon.colcon_core.shell:Creating package script '/home/ananya/ros2_ws/install/gazebo_test/share/gazebo_test/package.zsh'
[0.499s] Level 1:colcon.colcon_core.environment:create_file_with_runtime_dependencies(/home/ananya/ros2_ws/install/gazebo_test/share/colcon-core/packages/gazebo_test)
[0.502s] Level 1:colcon.colcon_core.environment:create_environment_scripts_only(my_box_bot_description)
[0.503s] Level 1:colcon.colcon_core.environment:checking '/home/ananya/ros2_ws/install/my_box_bot_description' for CMake module files
[0.504s] DEBUG:colcon.colcon_core.event_handler.log_command:Invoked command in '/home/ananya/ros2_ws/build/my_box_bot_description' returned '0': CMAKE_PREFIX_PATH=${CMAKE_PREFIX_PATH}:/opt/ros/humble /usr/bin/cmake --install /home/ananya/ros2_ws/build/my_box_bot_description
[0.504s] Level 1:colcon.colcon_core.environment:checking '/home/ananya/ros2_ws/install/my_box_bot_description' for CMake config files
[0.505s] Level 1:colcon.colcon_core.shell:create_environment_hook('my_box_bot_description', 'cmake_prefix_path')
[0.506s] INFO:colcon.colcon_core.shell:Creating environment hook '/home/ananya/ros2_ws/install/my_box_bot_description/share/my_box_bot_description/hook/cmake_prefix_path.ps1'
[0.506s] INFO:colcon.colcon_core.shell:Creating environment descriptor '/home/ananya/ros2_ws/install/my_box_bot_description/share/my_box_bot_description/hook/cmake_prefix_path.dsv'
[0.507s] INFO:colcon.colcon_core.shell:Creating environment hook '/home/ananya/ros2_ws/install/my_box_bot_description/share/my_box_bot_description/hook/cmake_prefix_path.sh'
[0.507s] Level 1:colcon.colcon_core.environment:checking '/home/ananya/ros2_ws/install/my_box_bot_description/bin'
[0.507s] Level 1:colcon.colcon_core.environment:checking '/home/ananya/ros2_ws/install/my_box_bot_description/lib/pkgconfig/my_box_bot_description.pc'
[0.507s] Level 1:colcon.colcon_core.environment:checking '/home/ananya/ros2_ws/install/my_box_bot_description/lib/python3.10/site-packages'
[0.508s] Level 1:colcon.colcon_core.environment:checking '/home/ananya/ros2_ws/install/my_box_bot_description/bin'
[0.509s] INFO:colcon.colcon_core.shell:Creating package script '/home/ananya/ros2_ws/install/my_box_bot_description/share/my_box_bot_description/package.ps1'
[0.509s] INFO:colcon.colcon_core.shell:Creating package descriptor '/home/ananya/ros2_ws/install/my_box_bot_description/share/my_box_bot_description/package.dsv'
[0.510s] INFO:colcon.colcon_core.shell:Creating package script '/home/ananya/ros2_ws/install/my_box_bot_description/share/my_box_bot_description/package.sh'
[0.510s] INFO:colcon.colcon_core.shell:Creating package script '/home/ananya/ros2_ws/install/my_box_bot_description/share/my_box_bot_description/package.bash'
[0.511s] INFO:colcon.colcon_core.shell:Creating package script '/home/ananya/ros2_ws/install/my_box_bot_description/share/my_box_bot_description/package.zsh'
[0.511s] Level 1:colcon.colcon_core.environment:create_file_with_runtime_dependencies(/home/ananya/ros2_ws/install/my_box_bot_description/share/colcon-core/packages/my_box_bot_description)
[0.512s] Level 1:colcon.colcon_core.environment:create_environment_scripts_only(my_box_bot_gazebo)
[0.515s] Level 1:colcon.colcon_core.environment:checking '/home/ananya/ros2_ws/install/my_box_bot_gazebo' for CMake module files
[0.515s] DEBUG:colcon.colcon_core.event_handler.log_command:Invoked command in '/home/ananya/ros2_ws/build/my_box_bot_gazebo' returned '0': CMAKE_PREFIX_PATH=${CMAKE_PREFIX_PATH}:/opt/ros/humble /usr/bin/cmake --install /home/ananya/ros2_ws/build/my_box_bot_gazebo
[0.516s] Level 1:colcon.colcon_core.environment:checking '/home/ananya/ros2_ws/install/my_box_bot_gazebo' for CMake config files
[0.517s] Level 1:colcon.colcon_core.shell:create_environment_hook('my_box_bot_gazebo', 'cmake_prefix_path')
[0.518s] INFO:colcon.colcon_core.shell:Creating environment hook '/home/ananya/ros2_ws/install/my_box_bot_gazebo/share/my_box_bot_gazebo/hook/cmake_prefix_path.ps1'
[0.519s] INFO:colcon.colcon_core.shell:Creating environment descriptor '/home/ananya/ros2_ws/install/my_box_bot_gazebo/share/my_box_bot_gazebo/hook/cmake_prefix_path.dsv'
[0.520s] INFO:colcon.colcon_core.shell:Creating environment hook '/home/ananya/ros2_ws/install/my_box_bot_gazebo/share/my_box_bot_gazebo/hook/cmake_prefix_path.sh'
[0.520s] Level 1:colcon.colcon_core.environment:checking '/home/ananya/ros2_ws/install/my_box_bot_gazebo/bin'
[0.520s] Level 1:colcon.colcon_core.environment:checking '/home/ananya/ros2_ws/install/my_box_bot_gazebo/lib/pkgconfig/my_box_bot_gazebo.pc'
[0.521s] Level 1:colcon.colcon_core.environment:checking '/home/ananya/ros2_ws/install/my_box_bot_gazebo/lib/python3.10/site-packages'
[0.521s] Level 1:colcon.colcon_core.environment:checking '/home/ananya/ros2_ws/install/my_box_bot_gazebo/bin'
[0.522s] INFO:colcon.colcon_core.shell:Creating package script '/home/ananya/ros2_ws/install/my_box_bot_gazebo/share/my_box_bot_gazebo/package.ps1'
[0.523s] INFO:colcon.colcon_core.shell:Creating package descriptor '/home/ananya/ros2_ws/install/my_box_bot_gazebo/share/my_box_bot_gazebo/package.dsv'
[0.523s] INFO:colcon.colcon_core.shell:Creating package script '/home/ananya/ros2_ws/install/my_box_bot_gazebo/share/my_box_bot_gazebo/package.sh'
[0.523s] INFO:colcon.colcon_core.shell:Creating package script '/home/ananya/ros2_ws/install/my_box_bot_gazebo/share/my_box_bot_gazebo/package.bash'
[0.524s] INFO:colcon.colcon_core.shell:Creating package script '/home/ananya/ros2_ws/install/my_box_bot_gazebo/share/my_box_bot_gazebo/package.zsh'
[0.524s] Level 1:colcon.colcon_core.environment:create_file_with_runtime_dependencies(/home/ananya/ros2_ws/install/my_box_bot_gazebo/share/colcon-core/packages/my_box_bot_gazebo)
[0.527s] Level 1:colcon.colcon_core.environment:create_environment_scripts_only(gazebo_test)
[0.530s] Level 1:colcon.colcon_core.environment:checking '/home/ananya/ros2_ws/install/gazebo_test' for CMake module files
[0.530s] Level 1:colcon.colcon_core.environment:checking '/home/ananya/ros2_ws/install/gazebo_test' for CMake config files
[0.531s] Level 1:colcon.colcon_core.shell:create_environment_hook('gazebo_test', 'cmake_prefix_path')
[0.532s] INFO:colcon.colcon_core.shell:Creating environment hook '/home/ananya/ros2_ws/install/gazebo_test/share/gazebo_test/hook/cmake_prefix_path.ps1'
[0.533s] INFO:colcon.colcon_core.shell:Creating environment descriptor '/home/ananya/ros2_ws/install/gazebo_test/share/gazebo_test/hook/cmake_prefix_path.dsv'
[0.533s] INFO:colcon.colcon_core.shell:Creating environment hook '/home/ananya/ros2_ws/install/gazebo_test/share/gazebo_test/hook/cmake_prefix_path.sh'
[0.534s] Level 1:colcon.colcon_core.environment:checking '/home/ananya/ros2_ws/install/gazebo_test/bin'
[0.534s] Level 1:colcon.colcon_core.environment:checking '/home/ananya/ros2_ws/install/gazebo_test/lib/pkgconfig/gazebo_test.pc'
[0.534s] Level 1:colcon.colcon_core.environment:checking '/home/ananya/ros2_ws/install/gazebo_test/lib/python3.10/site-packages'
[0.535s] Level 1:colcon.colcon_core.environment:checking '/home/ananya/ros2_ws/install/gazebo_test/bin'
[0.536s] INFO:colcon.colcon_core.shell:Creating package script '/home/ananya/ros2_ws/install/gazebo_test/share/gazebo_test/package.ps1'
[0.537s] INFO:colcon.colcon_core.shell:Creating package descriptor '/home/ananya/ros2_ws/install/gazebo_test/share/gazebo_test/package.dsv'
[0.538s] INFO:colcon.colcon_core.shell:Creating package script '/home/ananya/ros2_ws/install/gazebo_test/share/gazebo_test/package.sh'
[0.538s] INFO:colcon.colcon_core.shell:Creating package script '/home/ananya/ros2_ws/install/gazebo_test/share/gazebo_test/package.bash'
[0.538s] INFO:colcon.colcon_core.shell:Creating package script '/home/ananya/ros2_ws/install/gazebo_test/share/gazebo_test/package.zsh'
[0.539s] Level 1:colcon.colcon_core.environment:create_file_with_runtime_dependencies(/home/ananya/ros2_ws/install/gazebo_test/share/colcon-core/packages/gazebo_test)
[0.542s] Level 1:colcon.colcon_core.environment:create_environment_scripts_only(my_box_bot_description)
[0.544s] Level 1:colcon.colcon_core.environment:checking '/home/ananya/ros2_ws/install/my_box_bot_description' for CMake module files
[0.545s] Level 1:colcon.colcon_core.environment:checking '/home/ananya/ros2_ws/install/my_box_bot_description' for CMake config files
[0.545s] Level 1:colcon.colcon_core.shell:create_environment_hook('my_box_bot_description', 'cmake_prefix_path')
[0.547s] INFO:colcon.colcon_core.shell:Creating environment hook '/home/ananya/ros2_ws/install/my_box_bot_description/share/my_box_bot_description/hook/cmake_prefix_path.ps1'
[0.548s] INFO:colcon.colcon_core.shell:Creating environment descriptor '/home/ananya/ros2_ws/install/my_box_bot_description/share/my_box_bot_description/hook/cmake_prefix_path.dsv'
[0.548s] INFO:colcon.colcon_core.shell:Creating environment hook '/home/ananya/ros2_ws/install/my_box_bot_description/share/my_box_bot_description/hook/cmake_prefix_path.sh'
[0.548s] Level 1:colcon.colcon_core.environment:checking '/home/ananya/ros2_ws/install/my_box_bot_description/bin'
[0.549s] Level 1:colcon.colcon_core.environment:checking '/home/ananya/ros2_ws/install/my_box_bot_description/lib/pkgconfig/my_box_bot_description.pc'
[0.549s] Level 1:colcon.colcon_core.environment:checking '/home/ananya/ros2_ws/install/my_box_bot_description/lib/python3.10/site-packages'
[0.549s] Level 1:colcon.colcon_core.environment:checking '/home/ananya/ros2_ws/install/my_box_bot_description/bin'
[0.551s] INFO:colcon.colcon_core.shell:Creating package script '/home/ananya/ros2_ws/install/my_box_bot_description/share/my_box_bot_description/package.ps1'
[0.551s] INFO:colcon.colcon_core.shell:Creating package descriptor '/home/ananya/ros2_ws/install/my_box_bot_description/share/my_box_bot_description/package.dsv'
[0.552s] INFO:colcon.colcon_core.shell:Creating package script '/home/ananya/ros2_ws/install/my_box_bot_description/share/my_box_bot_description/package.sh'
[0.552s] INFO:colcon.colcon_core.shell:Creating package script '/home/ananya/ros2_ws/install/my_box_bot_description/share/my_box_bot_description/package.bash'
[0.553s] INFO:colcon.colcon_core.shell:Creating package script '/home/ananya/ros2_ws/install/my_box_bot_description/share/my_box_bot_description/package.zsh'
[0.553s] Level 1:colcon.colcon_core.environment:create_file_with_runtime_dependencies(/home/ananya/ros2_ws/install/my_box_bot_description/share/colcon-core/packages/my_box_bot_description)
[0.556s] Level 1:colcon.colcon_core.environment:create_environment_scripts_only(my_box_bot_gazebo)
[0.558s] Level 1:colcon.colcon_core.environment:checking '/home/ananya/ros2_ws/install/my_box_bot_gazebo' for CMake module files
[0.559s] Level 1:colcon.colcon_core.environment:checking '/home/ananya/ros2_ws/install/my_box_bot_gazebo' for CMake config files
[0.560s] Level 1:colcon.colcon_core.shell:create_environment_hook('my_box_bot_gazebo', 'cmake_prefix_path')
[0.562s] INFO:colcon.colcon_core.shell:Creating environment hook '/home/ananya/ros2_ws/install/my_box_bot_gazebo/share/my_box_bot_gazebo/hook/cmake_prefix_path.ps1'
[0.562s] INFO:colcon.colcon_core.shell:Creating environment descriptor '/home/ananya/ros2_ws/install/my_box_bot_gazebo/share/my_box_bot_gazebo/hook/cmake_prefix_path.dsv'
[0.563s] INFO:colcon.colcon_core.shell:Creating environment hook '/home/ananya/ros2_ws/install/my_box_bot_gazebo/share/my_box_bot_gazebo/hook/cmake_prefix_path.sh'
[0.563s] Level 1:colcon.colcon_core.environment:checking '/home/ananya/ros2_ws/install/my_box_bot_gazebo/bin'
[0.563s] Level 1:colcon.colcon_core.environment:checking '/home/ananya/ros2_ws/install/my_box_bot_gazebo/lib/pkgconfig/my_box_bot_gazebo.pc'
[0.564s] Level 1:colcon.colcon_core.environment:checking '/home/ananya/ros2_ws/install/my_box_bot_gazebo/lib/python3.10/site-packages'
[0.564s] Level 1:colcon.colcon_core.environment:checking '/home/ananya/ros2_ws/install/my_box_bot_gazebo/bin'
[0.565s] INFO:colcon.colcon_core.shell:Creating package script '/home/ananya/ros2_ws/install/my_box_bot_gazebo/share/my_box_bot_gazebo/package.ps1'
[0.566s] INFO:colcon.colcon_core.shell:Creating package descriptor '/home/ananya/ros2_ws/install/my_box_bot_gazebo/share/my_box_bot_gazebo/package.dsv'
[0.567s] INFO:colcon.colcon_core.shell:Creating package script '/home/ananya/ros2_ws/install/my_box_bot_gazebo/share/my_box_bot_gazebo/package.sh'
[0.567s] INFO:colcon.colcon_core.shell:Creating package script '/home/ananya/ros2_ws/install/my_box_bot_gazebo/share/my_box_bot_gazebo/package.bash'
[0.568s] INFO:colcon.colcon_core.shell:Creating package script '/home/ananya/ros2_ws/install/my_box_bot_gazebo/share/my_box_bot_gazebo/package.zsh'
[0.568s] Level 1:colcon.colcon_core.environment:create_file_with_runtime_dependencies(/home/ananya/ros2_ws/install/my_box_bot_gazebo/share/colcon-core/packages/my_box_bot_gazebo)
[0.568s] DEBUG:colcon.colcon_parallel_executor.executor.parallel:closing loop
[0.569s] DEBUG:colcon.colcon_parallel_executor.executor.parallel:loop closed
[0.569s] DEBUG:colcon.colcon_parallel_executor.executor.parallel:run_until_complete finished with '0'
[0.569s] DEBUG:colcon.colcon_core.event_reactor:joining thread
[0.574s] INFO:colcon.colcon_core.plugin_system:Skipping extension 'colcon_notification.desktop_notification.terminal_notifier': Not used on non-Darwin systems
[0.574s] INFO:colcon.colcon_core.plugin_system:Skipping extension 'colcon_notification.desktop_notification.win32': Not used on non-Windows systems
[0.574s] INFO:colcon.colcon_notification.desktop_notification:Sending desktop notification using 'notify2'
[0.583s] DEBUG:colcon.colcon_core.event_reactor:joined thread
[0.585s] INFO:colcon.colcon_core.shell:Creating prefix script '/home/ananya/ros2_ws/install/local_setup.ps1'
[0.586s] INFO:colcon.colcon_core.shell:Creating prefix util module '/home/ananya/ros2_ws/install/_local_setup_util_ps1.py'
[0.588s] INFO:colcon.colcon_core.shell:Creating prefix chain script '/home/ananya/ros2_ws/install/setup.ps1'
[0.590s] INFO:colcon.colcon_core.shell:Creating prefix script '/home/ananya/ros2_ws/install/local_setup.sh'
[0.591s] INFO:colcon.colcon_core.shell:Creating prefix util module '/home/ananya/ros2_ws/install/_local_setup_util_sh.py'
[0.591s] INFO:colcon.colcon_core.shell:Creating prefix chain script '/home/ananya/ros2_ws/install/setup.sh'
[0.593s] INFO:colcon.colcon_core.shell:Creating prefix script '/home/ananya/ros2_ws/install/local_setup.bash'
[0.594s] INFO:colcon.colcon_core.shell:Creating prefix chain script '/home/ananya/ros2_ws/install/setup.bash'
[0.596s] INFO:colcon.colcon_core.shell:Creating prefix script '/home/ananya/ros2_ws/install/local_setup.zsh'
[0.596s] INFO:colcon.colcon_core.shell:Creating prefix chain script '/home/ananya/ros2_ws/install/setup.zsh'
