[0.315s] DEBUG:colcon:Command line arguments: ['/usr/bin/colcon', 'list', '-p', '--base-paths', '/home/ananya/ros2_ws']
[0.315s] DEBUG:colcon:Parsed command line arguments: Namespace(log_base=None, log_level=None, verb_name='list', build_base='build', ignore_user_meta=False, metas=['./colcon.meta'], base_paths=['/home/ananya/ros2_ws'], packages_ignore=None, packages_ignore_regex=None, paths=None, packages_up_to=None, packages_up_to_regex=None, packages_above=None, packages_above_and_dependencies=None, packages_above_depth=None, packages_select_by_dep=None, packages_skip_by_dep=None, packages_skip_up_to=None, packages_select_build_failed=False, packages_skip_build_finished=False, packages_select_test_failures=False, packages_skip_test_passed=False, packages_select=None, packages_skip=None, packages_select_regex=None, packages_skip_regex=None, packages_start=None, packages_end=None, allow_overriding=[], topological_order=False, names_only=False, paths_only=True, topological_graph=False, topological_graph_dot=False, topological_graph_density=False, topological_graph_legend=False, topological_graph_dot_cluster=False, topological_graph_dot_include_skipped=False, verb_parser=<colcon_defaults.argument_parser.defaults.DefaultArgumentsDecorator object at 0x7f396a67fdc0>, verb_extension=<colcon_package_information.verb.list.ListVerb object at 0x7f396a5c5330>, main=<bound method ListVerb.main of <colcon_package_information.verb.list.ListVerb object at 0x7f396a5c5330>>)
[0.348s] Level 1:colcon.colcon_core.package_discovery:discover_packages(colcon_meta) check parameters
[0.348s] Level 1:colcon.colcon_core.package_discovery:discover_packages(recursive) check parameters
[0.348s] Level 1:colcon.colcon_core.package_discovery:discover_packages(ignore) check parameters
[0.348s] Level 1:colcon.colcon_core.package_discovery:discover_packages(path) check parameters
[0.349s] Level 1:colcon.colcon_core.package_discovery:discover_packages(recursive) discover
[0.349s] INFO:colcon.colcon_core.package_discovery:Crawling recursively for packages in '/home/ananya/ros2_ws'
[0.349s] Level 1:colcon.colcon_core.package_identification:_identify(/home/ananya/ros2_ws) by extensions ['ignore', 'ignore_ament_install']
[0.349s] Level 1:colcon.colcon_core.package_identification:_identify(/home/ananya/ros2_ws) by extension 'ignore'
[0.349s] Level 1:colcon.colcon_core.package_identification:_identify(/home/ananya/ros2_ws) by extension 'ignore_ament_install'
[0.349s] Level 1:colcon.colcon_core.package_identification:_identify(/home/ananya/ros2_ws) by extensions ['colcon_pkg']
[0.349s] Level 1:colcon.colcon_core.package_identification:_identify(/home/ananya/ros2_ws) by extension 'colcon_pkg'
[0.349s] Level 1:colcon.colcon_core.package_identification:_identify(/home/ananya/ros2_ws) by extensions ['colcon_meta']
[0.349s] Level 1:colcon.colcon_core.package_identification:_identify(/home/ananya/ros2_ws) by extension 'colcon_meta'
[0.349s] Level 1:colcon.colcon_core.package_identification:_identify(/home/ananya/ros2_ws) by extensions ['ros']
[0.349s] Level 1:colcon.colcon_core.package_identification:_identify(/home/ananya/ros2_ws) by extension 'ros'
[0.361s] Level 1:colcon.colcon_core.package_identification:_identify(/home/ananya/ros2_ws) by extensions ['cmake', 'python']
[0.361s] Level 1:colcon.colcon_core.package_identification:_identify(/home/ananya/ros2_ws) by extension 'cmake'
[0.361s] Level 1:colcon.colcon_core.package_identification:_identify(/home/ananya/ros2_ws) by extension 'python'
[0.361s] Level 1:colcon.colcon_core.package_identification:_identify(/home/ananya/ros2_ws) by extensions ['python_setup_py']
[0.361s] Level 1:colcon.colcon_core.package_identification:_identify(/home/ananya/ros2_ws) by extension 'python_setup_py'
[0.361s] Level 1:colcon.colcon_core.package_identification:_identify(/home/ananya/ros2_ws/build) by extensions ['ignore', 'ignore_ament_install']
[0.361s] Level 1:colcon.colcon_core.package_identification:_identify(/home/ananya/ros2_ws/build) by extension 'ignore'
[0.361s] Level 1:colcon.colcon_core.package_identification:_identify(/home/ananya/ros2_ws/build) ignored
[0.362s] Level 1:colcon.colcon_core.package_identification:_identify(/home/ananya/ros2_ws/install) by extensions ['ignore', 'ignore_ament_install']
[0.362s] Level 1:colcon.colcon_core.package_identification:_identify(/home/ananya/ros2_ws/install) by extension 'ignore'
[0.362s] Level 1:colcon.colcon_core.package_identification:_identify(/home/ananya/ros2_ws/install) ignored
[0.362s] Level 1:colcon.colcon_core.package_identification:_identify(/home/ananya/ros2_ws/log) by extensions ['ignore', 'ignore_ament_install']
[0.362s] Level 1:colcon.colcon_core.package_identification:_identify(/home/ananya/ros2_ws/log) by extension 'ignore'
[0.362s] Level 1:colcon.colcon_core.package_identification:_identify(/home/ananya/ros2_ws/log) ignored
[0.362s] Level 1:colcon.colcon_core.package_identification:_identify(/home/ananya/ros2_ws/src) by extensions ['ignore', 'ignore_ament_install']
[0.362s] Level 1:colcon.colcon_core.package_identification:_identify(/home/ananya/ros2_ws/src) by extension 'ignore'
[0.362s] Level 1:colcon.colcon_core.package_identification:_identify(/home/ananya/ros2_ws/src) by extension 'ignore_ament_install'
[0.362s] Level 1:colcon.colcon_core.package_identification:_identify(/home/ananya/ros2_ws/src) by extensions ['colcon_pkg']
[0.362s] Level 1:colcon.colcon_core.package_identification:_identify(/home/ananya/ros2_ws/src) by extension 'colcon_pkg'
[0.362s] Level 1:colcon.colcon_core.package_identification:_identify(/home/ananya/ros2_ws/src) by extensions ['colcon_meta']
[0.362s] Level 1:colcon.colcon_core.package_identification:_identify(/home/ananya/ros2_ws/src) by extension 'colcon_meta'
[0.362s] Level 1:colcon.colcon_core.package_identification:_identify(/home/ananya/ros2_ws/src) by extensions ['ros']
[0.362s] Level 1:colcon.colcon_core.package_identification:_identify(/home/ananya/ros2_ws/src) by extension 'ros'
[0.363s] Level 1:colcon.colcon_core.package_identification:_identify(/home/ananya/ros2_ws/src) by extensions ['cmake', 'python']
[0.363s] Level 1:colcon.colcon_core.package_identification:_identify(/home/ananya/ros2_ws/src) by extension 'cmake'
[0.363s] Level 1:colcon.colcon_core.package_identification:_identify(/home/ananya/ros2_ws/src) by extension 'python'
[0.363s] Level 1:colcon.colcon_core.package_identification:_identify(/home/ananya/ros2_ws/src) by extensions ['python_setup_py']
[0.363s] Level 1:colcon.colcon_core.package_identification:_identify(/home/ananya/ros2_ws/src) by extension 'python_setup_py'
[0.363s] Level 1:colcon.colcon_core.package_identification:_identify(/home/ananya/ros2_ws/src/my_box_bot_description) by extensions ['ignore', 'ignore_ament_install']
[0.363s] Level 1:colcon.colcon_core.package_identification:_identify(/home/ananya/ros2_ws/src/my_box_bot_description) by extension 'ignore'
[0.363s] Level 1:colcon.colcon_core.package_identification:_identify(/home/ananya/ros2_ws/src/my_box_bot_description) by extension 'ignore_ament_install'
[0.363s] Level 1:colcon.colcon_core.package_identification:_identify(/home/ananya/ros2_ws/src/my_box_bot_description) by extensions ['colcon_pkg']
[0.363s] Level 1:colcon.colcon_core.package_identification:_identify(/home/ananya/ros2_ws/src/my_box_bot_description) by extension 'colcon_pkg'
[0.363s] Level 1:colcon.colcon_core.package_identification:_identify(/home/ananya/ros2_ws/src/my_box_bot_description) by extensions ['colcon_meta']
[0.363s] Level 1:colcon.colcon_core.package_identification:_identify(/home/ananya/ros2_ws/src/my_box_bot_description) by extension 'colcon_meta'
[0.363s] Level 1:colcon.colcon_core.package_identification:_identify(/home/ananya/ros2_ws/src/my_box_bot_description) by extensions ['ros']
[0.363s] Level 1:colcon.colcon_core.package_identification:_identify(/home/ananya/ros2_ws/src/my_box_bot_description) by extension 'ros'
[0.366s] DEBUG:colcon.colcon_core.package_identification:Package '/home/ananya/ros2_ws/src/my_box_bot_description' with type 'ros.ament_cmake' and name 'my_box_bot_description'
[0.366s] Level 1:colcon.colcon_core.package_identification:_identify(/home/ananya/ros2_ws/src/my_box_bot_gazebo) by extensions ['ignore', 'ignore_ament_install']
[0.367s] Level 1:colcon.colcon_core.package_identification:_identify(/home/ananya/ros2_ws/src/my_box_bot_gazebo) by extension 'ignore'
[0.367s] Level 1:colcon.colcon_core.package_identification:_identify(/home/ananya/ros2_ws/src/my_box_bot_gazebo) by extension 'ignore_ament_install'
[0.367s] Level 1:colcon.colcon_core.package_identification:_identify(/home/ananya/ros2_ws/src/my_box_bot_gazebo) by extensions ['colcon_pkg']
[0.367s] Level 1:colcon.colcon_core.package_identification:_identify(/home/ananya/ros2_ws/src/my_box_bot_gazebo) by extension 'colcon_pkg'
[0.367s] Level 1:colcon.colcon_core.package_identification:_identify(/home/ananya/ros2_ws/src/my_box_bot_gazebo) by extensions ['colcon_meta']
[0.367s] Level 1:colcon.colcon_core.package_identification:_identify(/home/ananya/ros2_ws/src/my_box_bot_gazebo) by extension 'colcon_meta'
[0.367s] Level 1:colcon.colcon_core.package_identification:_identify(/home/ananya/ros2_ws/src/my_box_bot_gazebo) by extensions ['ros']
[0.367s] Level 1:colcon.colcon_core.package_identification:_identify(/home/ananya/ros2_ws/src/my_box_bot_gazebo) by extension 'ros'
[0.368s] DEBUG:colcon.colcon_core.package_identification:Package '/home/ananya/ros2_ws/src/my_box_bot_gazebo' with type 'ros.ament_cmake' and name 'my_box_bot_gazebo'
[0.368s] Level 1:colcon.colcon_core.package_identification:_identify(/home/ananya/ros2_ws/src/my_robot_bringup) by extensions ['ignore', 'ignore_ament_install']
[0.368s] Level 1:colcon.colcon_core.package_identification:_identify(/home/ananya/ros2_ws/src/my_robot_bringup) by extension 'ignore'
[0.368s] Level 1:colcon.colcon_core.package_identification:_identify(/home/ananya/ros2_ws/src/my_robot_bringup) by extension 'ignore_ament_install'
[0.369s] Level 1:colcon.colcon_core.package_identification:_identify(/home/ananya/ros2_ws/src/my_robot_bringup) by extensions ['colcon_pkg']
[0.369s] Level 1:colcon.colcon_core.package_identification:_identify(/home/ananya/ros2_ws/src/my_robot_bringup) by extension 'colcon_pkg'
[0.369s] Level 1:colcon.colcon_core.package_identification:_identify(/home/ananya/ros2_ws/src/my_robot_bringup) by extensions ['colcon_meta']
[0.369s] Level 1:colcon.colcon_core.package_identification:_identify(/home/ananya/ros2_ws/src/my_robot_bringup) by extension 'colcon_meta'
[0.369s] Level 1:colcon.colcon_core.package_identification:_identify(/home/ananya/ros2_ws/src/my_robot_bringup) by extensions ['ros']
[0.369s] Level 1:colcon.colcon_core.package_identification:_identify(/home/ananya/ros2_ws/src/my_robot_bringup) by extension 'ros'
[0.369s] DEBUG:colcon.colcon_core.package_identification:Package '/home/ananya/ros2_ws/src/my_robot_bringup' with type 'ros.ament_cmake' and name 'gazebo_test'
[0.370s] Level 1:colcon.colcon_core.package_discovery:discover_packages(recursive) using defaults
