[0.519s] DEBUG:colcon:Command line arguments: ['/usr/bin/colcon', 'build']
[0.519s] DEBUG:colcon:Parsed command line arguments: Namespace(allow_overriding=[], ament_cmake_args=None, base_paths=['.'], build_base='build', catkin_cmake_args=None, catkin_skip_building_tests=False, cmake_args=None, cmake_clean_cache=False, cmake_clean_first=False, cmake_force_configure=False, cmake_target=None, cmake_target_skip_unavailable=False, continue_on_error=False, event_handlers=None, executor='parallel', ignore_user_meta=False, install_base='install', log_base=None, log_level=None, main=<bound method BuildVerb.main of <colcon_core.verb.build.BuildVerb object at 0x7fd2c2b9d370>>, merge_install=False, metas=['./colcon.meta'], packages_above=None, packages_above_and_dependencies=None, packages_above_depth=None, packages_end=None, packages_ignore=None, packages_ignore_regex=None, packages_select=None, packages_select_build_failed=False, packages_select_by_dep=None, packages_select_regex=None, packages_select_test_failures=False, packages_skip=None, packages_skip_build_finished=False, packages_skip_by_dep=None, packages_skip_regex=None, packages_skip_test_passed=False, packages_skip_up_to=None, packages_start=None, packages_up_to=None, packages_up_to_regex=None, parallel_workers=8, paths=None, symlink_install=False, test_result_base=None, verb_extension=<colcon_core.verb.build.BuildVerb object at 0x7fd2c2b9d370>, verb_name='build', verb_parser=<colcon_defaults.argument_parser.defaults.DefaultArgumentsDecorator object at 0x7fd2c2b9d8b0>)
[0.571s] Level 1:colcon.colcon_core.package_discovery:discover_packages(colcon_meta) check parameters
[0.571s] Level 1:colcon.colcon_core.package_discovery:discover_packages(recursive) check parameters
[0.571s] Level 1:colcon.colcon_core.package_discovery:discover_packages(ignore) check parameters
[0.571s] Level 1:colcon.colcon_core.package_discovery:discover_packages(path) check parameters
[0.571s] Level 1:colcon.colcon_core.package_discovery:discover_packages(colcon_meta) discover
[0.571s] Level 1:colcon.colcon_core.package_discovery:discover_packages(recursive) discover
[0.571s] INFO:colcon.colcon_core.package_discovery:Crawling recursively for packages in '/home/sra-vjti/Titanleg_Design_EKLAVYA_2023'
[0.571s] Level 1:colcon.colcon_core.package_identification:_identify(.) by extensions ['ignore', 'ignore_ament_install']
[0.571s] Level 1:colcon.colcon_core.package_identification:_identify(.) by extension 'ignore'
[0.571s] Level 1:colcon.colcon_core.package_identification:_identify(.) by extension 'ignore_ament_install'
[0.571s] Level 1:colcon.colcon_core.package_identification:_identify(.) by extensions ['colcon_pkg']
[0.571s] Level 1:colcon.colcon_core.package_identification:_identify(.) by extension 'colcon_pkg'
[0.571s] Level 1:colcon.colcon_core.package_identification:_identify(.) by extensions ['colcon_meta']
[0.571s] Level 1:colcon.colcon_core.package_identification:_identify(.) by extension 'colcon_meta'
[0.571s] Level 1:colcon.colcon_core.package_identification:_identify(.) by extensions ['ros']
[0.571s] Level 1:colcon.colcon_core.package_identification:_identify(.) by extension 'ros'
[0.584s] Level 1:colcon.colcon_core.package_identification:_identify(.) by extensions ['cmake', 'python']
[0.585s] Level 1:colcon.colcon_core.package_identification:_identify(.) by extension 'cmake'
[0.585s] Level 1:colcon.colcon_core.package_identification:_identify(.) by extension 'python'
[0.585s] Level 1:colcon.colcon_core.package_identification:_identify(.) by extensions ['python_setup_py']
[0.585s] Level 1:colcon.colcon_core.package_identification:_identify(.) by extension 'python_setup_py'
[0.585s] Level 1:colcon.colcon_core.package_identification:_identify(Titanleg_Design_EKLAVYA_2023) by extensions ['ignore', 'ignore_ament_install']
[0.585s] Level 1:colcon.colcon_core.package_identification:_identify(Titanleg_Design_EKLAVYA_2023) by extension 'ignore'
[0.585s] Level 1:colcon.colcon_core.package_identification:_identify(Titanleg_Design_EKLAVYA_2023) by extension 'ignore_ament_install'
[0.585s] Level 1:colcon.colcon_core.package_identification:_identify(Titanleg_Design_EKLAVYA_2023) by extensions ['colcon_pkg']
[0.585s] Level 1:colcon.colcon_core.package_identification:_identify(Titanleg_Design_EKLAVYA_2023) by extension 'colcon_pkg'
[0.585s] Level 1:colcon.colcon_core.package_identification:_identify(Titanleg_Design_EKLAVYA_2023) by extensions ['colcon_meta']
[0.585s] Level 1:colcon.colcon_core.package_identification:_identify(Titanleg_Design_EKLAVYA_2023) by extension 'colcon_meta'
[0.585s] Level 1:colcon.colcon_core.package_identification:_identify(Titanleg_Design_EKLAVYA_2023) by extensions ['ros']
[0.585s] Level 1:colcon.colcon_core.package_identification:_identify(Titanleg_Design_EKLAVYA_2023) by extension 'ros'
[0.585s] Level 1:colcon.colcon_core.package_identification:_identify(Titanleg_Design_EKLAVYA_2023) by extensions ['cmake', 'python']
[0.585s] Level 1:colcon.colcon_core.package_identification:_identify(Titanleg_Design_EKLAVYA_2023) by extension 'cmake'
[0.585s] Level 1:colcon.colcon_core.package_identification:_identify(Titanleg_Design_EKLAVYA_2023) by extension 'python'
[0.585s] Level 1:colcon.colcon_core.package_identification:_identify(Titanleg_Design_EKLAVYA_2023) by extensions ['python_setup_py']
[0.585s] Level 1:colcon.colcon_core.package_identification:_identify(Titanleg_Design_EKLAVYA_2023) by extension 'python_setup_py'
[0.585s] Level 1:colcon.colcon_core.package_identification:_identify(build) by extensions ['ignore', 'ignore_ament_install']
[0.586s] Level 1:colcon.colcon_core.package_identification:_identify(build) by extension 'ignore'
[0.586s] Level 1:colcon.colcon_core.package_identification:_identify(build) ignored
[0.586s] Level 1:colcon.colcon_core.package_identification:_identify(install) by extensions ['ignore', 'ignore_ament_install']
[0.586s] Level 1:colcon.colcon_core.package_identification:_identify(install) by extension 'ignore'
[0.586s] Level 1:colcon.colcon_core.package_identification:_identify(install) ignored
[0.586s] Level 1:colcon.colcon_core.package_identification:_identify(log) by extensions ['ignore', 'ignore_ament_install']
[0.586s] Level 1:colcon.colcon_core.package_identification:_identify(log) by extension 'ignore'
[0.586s] Level 1:colcon.colcon_core.package_identification:_identify(log) ignored
[0.586s] Level 1:colcon.colcon_core.package_identification:_identify(src) by extensions ['ignore', 'ignore_ament_install']
[0.586s] Level 1:colcon.colcon_core.package_identification:_identify(src) by extension 'ignore'
[0.586s] Level 1:colcon.colcon_core.package_identification:_identify(src) by extension 'ignore_ament_install'
[0.586s] Level 1:colcon.colcon_core.package_identification:_identify(src) by extensions ['colcon_pkg']
[0.586s] Level 1:colcon.colcon_core.package_identification:_identify(src) by extension 'colcon_pkg'
[0.586s] Level 1:colcon.colcon_core.package_identification:_identify(src) by extensions ['colcon_meta']
[0.586s] Level 1:colcon.colcon_core.package_identification:_identify(src) by extension 'colcon_meta'
[0.586s] Level 1:colcon.colcon_core.package_identification:_identify(src) by extensions ['ros']
[0.586s] Level 1:colcon.colcon_core.package_identification:_identify(src) by extension 'ros'
[0.586s] Level 1:colcon.colcon_core.package_identification:_identify(src) by extensions ['cmake', 'python']
[0.586s] Level 1:colcon.colcon_core.package_identification:_identify(src) by extension 'cmake'
[0.586s] Level 1:colcon.colcon_core.package_identification:_identify(src) by extension 'python'
[0.586s] Level 1:colcon.colcon_core.package_identification:_identify(src) by extensions ['python_setup_py']
[0.587s] Level 1:colcon.colcon_core.package_identification:_identify(src) by extension 'python_setup_py'
[0.587s] Level 1:colcon.colcon_core.package_identification:_identify(src/titanleg_gazebo) by extensions ['ignore', 'ignore_ament_install']
[0.587s] Level 1:colcon.colcon_core.package_identification:_identify(src/titanleg_gazebo) by extension 'ignore'
[0.587s] Level 1:colcon.colcon_core.package_identification:_identify(src/titanleg_gazebo) by extension 'ignore_ament_install'
[0.587s] Level 1:colcon.colcon_core.package_identification:_identify(src/titanleg_gazebo) by extensions ['colcon_pkg']
[0.587s] Level 1:colcon.colcon_core.package_identification:_identify(src/titanleg_gazebo) by extension 'colcon_pkg'
[0.587s] Level 1:colcon.colcon_core.package_identification:_identify(src/titanleg_gazebo) by extensions ['colcon_meta']
[0.587s] Level 1:colcon.colcon_core.package_identification:_identify(src/titanleg_gazebo) by extension 'colcon_meta'
[0.587s] Level 1:colcon.colcon_core.package_identification:_identify(src/titanleg_gazebo) by extensions ['ros']
[0.587s] Level 1:colcon.colcon_core.package_identification:_identify(src/titanleg_gazebo) by extension 'ros'
[0.590s] DEBUG:colcon.colcon_core.package_identification:Package 'src/titanleg_gazebo' with type 'ros.ament_cmake' and name 'titanleg_gazebo'
[0.590s] Level 1:colcon.colcon_core.package_discovery:discover_packages(recursive) using defaults
[0.590s] Level 1:colcon.colcon_core.package_discovery:discover_packages(ignore) discover
[0.590s] Level 1:colcon.colcon_core.package_discovery:discover_packages(ignore) using defaults
[0.590s] Level 1:colcon.colcon_core.package_discovery:discover_packages(path) discover
[0.590s] Level 1:colcon.colcon_core.package_discovery:discover_packages(path) using defaults
[0.627s] Level 1:colcon.colcon_core.package_discovery:discover_packages(prefix_path) check parameters
[0.627s] Level 1:colcon.colcon_core.package_discovery:discover_packages(prefix_path) discover
[0.630s] Level 1:colcon.colcon_core.package_discovery:discover_packages(prefix_path) using defaults
[0.632s] Level 5:colcon.colcon_core.verb:set package 'titanleg_gazebo' build argument 'cmake_args' from command line to 'None'
[0.632s] Level 5:colcon.colcon_core.verb:set package 'titanleg_gazebo' build argument 'cmake_target' from command line to 'None'
[0.632s] Level 5:colcon.colcon_core.verb:set package 'titanleg_gazebo' build argument 'cmake_target_skip_unavailable' from command line to 'False'
[0.632s] Level 5:colcon.colcon_core.verb:set package 'titanleg_gazebo' build argument 'cmake_clean_cache' from command line to 'False'
[0.632s] Level 5:colcon.colcon_core.verb:set package 'titanleg_gazebo' build argument 'cmake_clean_first' from command line to 'False'
[0.632s] Level 5:colcon.colcon_core.verb:set package 'titanleg_gazebo' build argument 'cmake_force_configure' from command line to 'False'
[0.632s] Level 5:colcon.colcon_core.verb:set package 'titanleg_gazebo' build argument 'ament_cmake_args' from command line to 'None'
[0.632s] Level 5:colcon.colcon_core.verb:set package 'titanleg_gazebo' build argument 'catkin_cmake_args' from command line to 'None'
[0.632s] Level 5:colcon.colcon_core.verb:set package 'titanleg_gazebo' build argument 'catkin_skip_building_tests' from command line to 'False'
[0.632s] DEBUG:colcon.colcon_core.verb:Building package 'titanleg_gazebo' with the following arguments: {'ament_cmake_args': None, 'build_base': '/home/sra-vjti/Titanleg_Design_EKLAVYA_2023/build/titanleg_gazebo', 'catkin_cmake_args': None, 'catkin_skip_building_tests': False, 'cmake_args': None, 'cmake_clean_cache': False, 'cmake_clean_first': False, 'cmake_force_configure': False, 'cmake_target': None, 'cmake_target_skip_unavailable': False, 'install_base': '/home/sra-vjti/Titanleg_Design_EKLAVYA_2023/install/titanleg_gazebo', 'merge_install': False, 'path': '/home/sra-vjti/Titanleg_Design_EKLAVYA_2023/src/titanleg_gazebo', 'symlink_install': False, 'test_result_base': None}
[0.633s] INFO:colcon.colcon_core.executor:Executing jobs using 'parallel' executor
[0.638s] DEBUG:colcon.colcon_parallel_executor.executor.parallel:run_until_complete
[0.638s] INFO:colcon.colcon_ros.task.ament_cmake.build:Building ROS package in '/home/sra-vjti/Titanleg_Design_EKLAVYA_2023/src/titanleg_gazebo' with build type 'ament_cmake'
[0.639s] INFO:colcon.colcon_cmake.task.cmake.build:Building CMake package in '/home/sra-vjti/Titanleg_Design_EKLAVYA_2023/src/titanleg_gazebo'
[0.646s] INFO:colcon.colcon_core.plugin_system:Skipping extension 'colcon_core.shell.bat': Not used on non-Windows systems
[0.646s] INFO:colcon.colcon_core.shell:Skip shell extension 'powershell' for command environment: Not usable outside of PowerShell
[0.646s] DEBUG:colcon.colcon_core.shell:Skip shell extension 'dsv' for command environment
[0.653s] DEBUG:colcon.colcon_core.event_handler.log_command:Invoking command in '/home/sra-vjti/Titanleg_Design_EKLAVYA_2023/build/titanleg_gazebo': /usr/bin/cmake /home/sra-vjti/Titanleg_Design_EKLAVYA_2023/src/titanleg_gazebo -DCMAKE_INSTALL_PREFIX=/home/sra-vjti/Titanleg_Design_EKLAVYA_2023/install/titanleg_gazebo
[1.310s] DEBUG:colcon.colcon_core.event_handler.log_command:Invoked command in '/home/sra-vjti/Titanleg_Design_EKLAVYA_2023/build/titanleg_gazebo' returned '1': /usr/bin/cmake /home/sra-vjti/Titanleg_Design_EKLAVYA_2023/src/titanleg_gazebo -DCMAKE_INSTALL_PREFIX=/home/sra-vjti/Titanleg_Design_EKLAVYA_2023/install/titanleg_gazebo
[1.316s] Level 1:colcon.colcon_core.environment:create_environment_scripts_only(titanleg_gazebo)
[1.327s] Level 1:colcon.colcon_core.environment:checking '/home/sra-vjti/Titanleg_Design_EKLAVYA_2023/install/titanleg_gazebo' for CMake module files
[1.327s] Level 1:colcon.colcon_core.environment:checking '/home/sra-vjti/Titanleg_Design_EKLAVYA_2023/install/titanleg_gazebo' for CMake config files
[1.327s] Level 1:colcon.colcon_core.environment:checking '/home/sra-vjti/Titanleg_Design_EKLAVYA_2023/install/titanleg_gazebo/bin'
[1.327s] Level 1:colcon.colcon_core.environment:checking '/home/sra-vjti/Titanleg_Design_EKLAVYA_2023/install/titanleg_gazebo/lib/pkgconfig/titanleg_gazebo.pc'
[1.328s] Level 1:colcon.colcon_core.environment:checking '/home/sra-vjti/Titanleg_Design_EKLAVYA_2023/install/titanleg_gazebo/lib/python3.8/site-packages'
[1.329s] Level 1:colcon.colcon_core.environment:checking '/home/sra-vjti/Titanleg_Design_EKLAVYA_2023/install/titanleg_gazebo/bin'
[1.331s] INFO:colcon.colcon_core.shell:Creating package script '/home/sra-vjti/Titanleg_Design_EKLAVYA_2023/install/titanleg_gazebo/share/titanleg_gazebo/package.ps1'
[1.332s] INFO:colcon.colcon_core.shell:Creating package descriptor '/home/sra-vjti/Titanleg_Design_EKLAVYA_2023/install/titanleg_gazebo/share/titanleg_gazebo/package.dsv'
[1.332s] INFO:colcon.colcon_core.shell:Creating package script '/home/sra-vjti/Titanleg_Design_EKLAVYA_2023/install/titanleg_gazebo/share/titanleg_gazebo/package.sh'
[1.333s] INFO:colcon.colcon_core.shell:Creating package script '/home/sra-vjti/Titanleg_Design_EKLAVYA_2023/install/titanleg_gazebo/share/titanleg_gazebo/package.bash'
[1.334s] INFO:colcon.colcon_core.shell:Creating package script '/home/sra-vjti/Titanleg_Design_EKLAVYA_2023/install/titanleg_gazebo/share/titanleg_gazebo/package.zsh'
[1.334s] Level 1:colcon.colcon_core.environment:create_file_with_runtime_dependencies(/home/sra-vjti/Titanleg_Design_EKLAVYA_2023/install/titanleg_gazebo/share/colcon-core/packages/titanleg_gazebo)
[1.345s] DEBUG:colcon.colcon_parallel_executor.executor.parallel:closing loop
[1.345s] DEBUG:colcon.colcon_parallel_executor.executor.parallel:loop closed
[1.346s] DEBUG:colcon.colcon_parallel_executor.executor.parallel:run_until_complete finished with '1'
[1.346s] DEBUG:colcon.colcon_core.event_reactor:joining thread
[1.352s] INFO:colcon.colcon_core.plugin_system:Skipping extension 'colcon_notification.desktop_notification.terminal_notifier': Not used on non-Darwin systems
[1.352s] INFO:colcon.colcon_core.plugin_system:Skipping extension 'colcon_notification.desktop_notification.win32': Not used on non-Windows systems
[1.352s] INFO:colcon.colcon_notification.desktop_notification:Sending desktop notification using 'notify2'
[1.367s] DEBUG:colcon.colcon_core.event_reactor:joined thread
[1.369s] INFO:colcon.colcon_core.shell:Creating prefix script '/home/sra-vjti/Titanleg_Design_EKLAVYA_2023/install/local_setup.ps1'
[1.370s] INFO:colcon.colcon_core.shell:Creating prefix util module '/home/sra-vjti/Titanleg_Design_EKLAVYA_2023/install/_local_setup_util_ps1.py'
[1.372s] INFO:colcon.colcon_core.shell:Creating prefix chain script '/home/sra-vjti/Titanleg_Design_EKLAVYA_2023/install/setup.ps1'
[1.374s] INFO:colcon.colcon_core.shell:Creating prefix script '/home/sra-vjti/Titanleg_Design_EKLAVYA_2023/install/local_setup.sh'
[1.374s] INFO:colcon.colcon_core.shell:Creating prefix util module '/home/sra-vjti/Titanleg_Design_EKLAVYA_2023/install/_local_setup_util_sh.py'
[1.375s] INFO:colcon.colcon_core.shell:Creating prefix chain script '/home/sra-vjti/Titanleg_Design_EKLAVYA_2023/install/setup.sh'
[1.376s] INFO:colcon.colcon_core.shell:Creating prefix script '/home/sra-vjti/Titanleg_Design_EKLAVYA_2023/install/local_setup.bash'
[1.377s] INFO:colcon.colcon_core.shell:Creating prefix chain script '/home/sra-vjti/Titanleg_Design_EKLAVYA_2023/install/setup.bash'
[1.378s] INFO:colcon.colcon_core.shell:Creating prefix script '/home/sra-vjti/Titanleg_Design_EKLAVYA_2023/install/local_setup.zsh'
[1.379s] INFO:colcon.colcon_core.shell:Creating prefix chain script '/home/sra-vjti/Titanleg_Design_EKLAVYA_2023/install/setup.zsh'
