-- Install configuration: ""
-- Up-to-date: /home/ananya/ros2_ws/install/my_box_bot_gazebo/share/my_box_bot_gazebo//launch
-- Up-to-date: /home/ananya/ros2_ws/install/my_box_bot_gazebo/share/my_box_bot_gazebo//launch/spawn_robot_description.launch.py
-- Up-to-date: /home/ananya/ros2_ws/install/my_box_bot_gazebo/share/my_box_bot_gazebo//launch/spawn_robot_ros2.launch.xml
-- Up-to-date: /home/ananya/ros2_ws/install/my_box_bot_gazebo/share/my_box_bot_gazebo//launch/start_world.launch.py
-- Up-to-date: /home/ananya/ros2_ws/install/my_box_bot_gazebo/share/my_box_bot_gazebo//worlds
-- Up-to-date: /home/ananya/ros2_ws/install/my_box_bot_gazebo/share/my_box_bot_gazebo//worlds/box_bot_empty.world
-- Up-to-date: /home/ananya/ros2_ws/install/my_box_bot_gazebo/share/my_box_bot_gazebo//models
-- Up-to-date: /home/ananya/ros2_ws/install/my_box_bot_gazebo/share/my_box_bot_gazebo//models/design
-- Up-to-date: /home/ananya/ros2_ws/install/my_box_bot_gazebo/share/my_box_bot_gazebo//models/design/export.log
-- Up-to-date: /home/ananya/ros2_ws/install/my_box_bot_gazebo/share/my_box_bot_gazebo//models/design/textures
-- Up-to-date: /home/ananya/ros2_ws/install/my_box_bot_gazebo/share/my_box_bot_gazebo//models/design/CMakeLists.txt
-- Up-to-date: /home/ananya/ros2_ws/install/my_box_bot_gazebo/share/my_box_bot_gazebo//models/design/urdf
-- Up-to-date: /home/ananya/ros2_ws/install/my_box_bot_gazebo/share/my_box_bot_gazebo//models/design/urdf/design1_urdf.csv
-- Up-to-date: /home/ananya/ros2_ws/install/my_box_bot_gazebo/share/my_box_bot_gazebo//models/design/urdf/design1_urdf.urdf
-- Up-to-date: /home/ananya/ros2_ws/install/my_box_bot_gazebo/share/my_box_bot_gazebo//models/design/package.xml
-- Up-to-date: /home/ananya/ros2_ws/install/my_box_bot_gazebo/share/my_box_bot_gazebo//models/design/launch
-- Up-to-date: /home/ananya/ros2_ws/install/my_box_bot_gazebo/share/my_box_bot_gazebo//models/design/launch/gazebo.launch
-- Up-to-date: /home/ananya/ros2_ws/install/my_box_bot_gazebo/share/my_box_bot_gazebo//models/design/launch/display.launch
-- Up-to-date: /home/ananya/ros2_ws/install/my_box_bot_gazebo/share/my_box_bot_gazebo//models/design/meshes
-- Up-to-date: /home/ananya/ros2_ws/install/my_box_bot_gazebo/share/my_box_bot_gazebo//models/design/meshes/base_link.STL
-- Up-to-date: /home/ananya/ros2_ws/install/my_box_bot_gazebo/share/my_box_bot_gazebo//models/design/meshes/pulley.STL
-- Up-to-date: /home/ananya/ros2_ws/install/my_box_bot_gazebo/share/my_box_bot_gazebo//models/design/meshes/lowleg1.STL
-- Up-to-date: /home/ananya/ros2_ws/install/my_box_bot_gazebo/share/my_box_bot_gazebo//models/design/meshes/leg1.STL
-- Up-to-date: /home/ananya/ros2_ws/install/my_box_bot_gazebo/share/my_box_bot_gazebo//models/design/meshes/lowleg2.STL
-- Up-to-date: /home/ananya/ros2_ws/install/my_box_bot_gazebo/share/my_box_bot_gazebo//models/design/meshes/cbracket.STL
-- Up-to-date: /home/ananya/ros2_ws/install/my_box_bot_gazebo/share/my_box_bot_gazebo//models/design/meshes/acc1.STL
-- Up-to-date: /home/ananya/ros2_ws/install/my_box_bot_gazebo/share/my_box_bot_gazebo//models/design/meshes/leg2.STL
-- Up-to-date: /home/ananya/ros2_ws/install/my_box_bot_gazebo/share/my_box_bot_gazebo//models/design/meshes/acc2.STL
-- Up-to-date: /home/ananya/ros2_ws/install/my_box_bot_gazebo/share/my_box_bot_gazebo//models/design/design1_urdf
-- Up-to-date: /home/ananya/ros2_ws/install/my_box_bot_gazebo/share/my_box_bot_gazebo//models/design/design1_urdf/export.log
-- Up-to-date: /home/ananya/ros2_ws/install/my_box_bot_gazebo/share/my_box_bot_gazebo//models/design/design1_urdf/textures
-- Up-to-date: /home/ananya/ros2_ws/install/my_box_bot_gazebo/share/my_box_bot_gazebo//models/design/design1_urdf/CMakeLists.txt
-- Up-to-date: /home/ananya/ros2_ws/install/my_box_bot_gazebo/share/my_box_bot_gazebo//models/design/design1_urdf/urdf
-- Up-to-date: /home/ananya/ros2_ws/install/my_box_bot_gazebo/share/my_box_bot_gazebo//models/design/design1_urdf/urdf/design1_urdf.csv
-- Up-to-date: /home/ananya/ros2_ws/install/my_box_bot_gazebo/share/my_box_bot_gazebo//models/design/design1_urdf/urdf/design1_urdf.urdf
-- Up-to-date: /home/ananya/ros2_ws/install/my_box_bot_gazebo/share/my_box_bot_gazebo//models/design/design1_urdf/package.xml
-- Up-to-date: /home/ananya/ros2_ws/install/my_box_bot_gazebo/share/my_box_bot_gazebo//models/design/design1_urdf/launch
-- Up-to-date: /home/ananya/ros2_ws/install/my_box_bot_gazebo/share/my_box_bot_gazebo//models/design/design1_urdf/launch/gazebo.launch
-- Up-to-date: /home/ananya/ros2_ws/install/my_box_bot_gazebo/share/my_box_bot_gazebo//models/design/design1_urdf/launch/display.launch
-- Up-to-date: /home/ananya/ros2_ws/install/my_box_bot_gazebo/share/my_box_bot_gazebo//models/design/design1_urdf/meshes
-- Up-to-date: /home/ananya/ros2_ws/install/my_box_bot_gazebo/share/my_box_bot_gazebo//models/design/design1_urdf/meshes/base_link.STL
-- Up-to-date: /home/ananya/ros2_ws/install/my_box_bot_gazebo/share/my_box_bot_gazebo//models/design/design1_urdf/meshes/pulley.STL
-- Up-to-date: /home/ananya/ros2_ws/install/my_box_bot_gazebo/share/my_box_bot_gazebo//models/design/design1_urdf/meshes/lowleg1.STL
-- Up-to-date: /home/ananya/ros2_ws/install/my_box_bot_gazebo/share/my_box_bot_gazebo//models/design/design1_urdf/meshes/leg1.STL
-- Up-to-date: /home/ananya/ros2_ws/install/my_box_bot_gazebo/share/my_box_bot_gazebo//models/design/design1_urdf/meshes/lowleg2.STL
-- Up-to-date: /home/ananya/ros2_ws/install/my_box_bot_gazebo/share/my_box_bot_gazebo//models/design/design1_urdf/meshes/cbracket.STL
-- Up-to-date: /home/ananya/ros2_ws/install/my_box_bot_gazebo/share/my_box_bot_gazebo//models/design/design1_urdf/meshes/acc1.STL
-- Up-to-date: /home/ananya/ros2_ws/install/my_box_bot_gazebo/share/my_box_bot_gazebo//models/design/design1_urdf/meshes/leg2.STL
-- Up-to-date: /home/ananya/ros2_ws/install/my_box_bot_gazebo/share/my_box_bot_gazebo//models/design/design1_urdf/meshes/acc2.STL
-- Up-to-date: /home/ananya/ros2_ws/install/my_box_bot_gazebo/share/my_box_bot_gazebo//models/design/design1_urdf/config
-- Up-to-date: /home/ananya/ros2_ws/install/my_box_bot_gazebo/share/my_box_bot_gazebo//models/design/design1_urdf/config/joint_names_design1_urdf.yaml
-- Up-to-date: /home/ananya/ros2_ws/install/my_box_bot_gazebo/share/my_box_bot_gazebo//models/design/config
-- Up-to-date: /home/ananya/ros2_ws/install/my_box_bot_gazebo/share/my_box_bot_gazebo//models/design/config/joint_names_design1_urdf.yaml
-- Up-to-date: /home/ananya/ros2_ws/install/my_box_bot_gazebo/share/ament_index/resource_index/package_run_dependencies/my_box_bot_gazebo
-- Up-to-date: /home/ananya/ros2_ws/install/my_box_bot_gazebo/share/ament_index/resource_index/parent_prefix_path/my_box_bot_gazebo
-- Up-to-date: /home/ananya/ros2_ws/install/my_box_bot_gazebo/share/my_box_bot_gazebo/environment/ament_prefix_path.sh
-- Up-to-date: /home/ananya/ros2_ws/install/my_box_bot_gazebo/share/my_box_bot_gazebo/environment/ament_prefix_path.dsv
-- Up-to-date: /home/ananya/ros2_ws/install/my_box_bot_gazebo/share/my_box_bot_gazebo/environment/path.sh
-- Up-to-date: /home/ananya/ros2_ws/install/my_box_bot_gazebo/share/my_box_bot_gazebo/environment/path.dsv
-- Up-to-date: /home/ananya/ros2_ws/install/my_box_bot_gazebo/share/my_box_bot_gazebo/local_setup.bash
-- Up-to-date: /home/ananya/ros2_ws/install/my_box_bot_gazebo/share/my_box_bot_gazebo/local_setup.sh
-- Up-to-date: /home/ananya/ros2_ws/install/my_box_bot_gazebo/share/my_box_bot_gazebo/local_setup.zsh
-- Up-to-date: /home/ananya/ros2_ws/install/my_box_bot_gazebo/share/my_box_bot_gazebo/local_setup.dsv
-- Installing: /home/ananya/ros2_ws/install/my_box_bot_gazebo/share/my_box_bot_gazebo/package.dsv
-- Up-to-date: /home/ananya/ros2_ws/install/my_box_bot_gazebo/share/ament_index/resource_index/packages/my_box_bot_gazebo
-- Up-to-date: /home/ananya/ros2_ws/install/my_box_bot_gazebo/share/my_box_bot_gazebo/cmake/my_box_bot_gazeboConfig.cmake
-- Up-to-date: /home/ananya/ros2_ws/install/my_box_bot_gazebo/share/my_box_bot_gazebo/cmake/my_box_bot_gazeboConfig-version.cmake
-- Up-to-date: /home/ananya/ros2_ws/install/my_box_bot_gazebo/share/my_box_bot_gazebo/package.xml
