[0.010s] Invoking command in '/home/ananya/ros2_ws/build/my_box_bot_gazebo': CMAKE_PREFIX_PATH=/opt/ros/humble /usr/bin/cmake /home/ananya/ros2_ws/src/my_box_bot_gazebo -DCMAKE_INSTALL_PREFIX=/home/ananya/ros2_ws/install/my_box_bot_gazebo
[0.019s] -- Found ament_cmake: 1.3.5 (/opt/ros/humble/share/ament_cmake/cmake)
[0.123s] -- Found rclpy: 3.3.9 (/opt/ros/humble/share/rclpy/cmake)
[0.123s] -- Found gazebo_ros: 3.7.0 (/opt/ros/humble/share/gazebo_ros/cmake)
[0.143s] -- Found rosidl_generator_c: 3.1.5 (/opt/ros/humble/share/rosidl_generator_c/cmake)
[0.145s] -- Found rosidl_adapter: 3.1.5 (/opt/ros/humble/share/rosidl_adapter/cmake)
[0.148s] -- Found rosidl_generator_cpp: 3.1.5 (/opt/ros/humble/share/rosidl_generator_cpp/cmake)
[0.155s] -- Using all available rosidl_typesupport_c: rosidl_typesupport_fastrtps_c;rosidl_typesupport_introspection_c
[0.165s] -- Using all available rosidl_typesupport_cpp: rosidl_typesupport_fastrtps_cpp;rosidl_typesupport_introspection_cpp
[0.202s] -- Found rmw_implementation_cmake: 6.1.1 (/opt/ros/humble/share/rmw_implementation_cmake/cmake)
[0.203s] -- Found rmw_fastrtps_cpp: 6.2.3 (/opt/ros/humble/share/rmw_fastrtps_cpp/cmake)
[0.283s] -- Using RMW implementation 'rmw_fastrtps_cpp' as default
[0.406s] -- Found DART: /usr/include (Required is at least version "6.6") found components: dart 
[0.424s] -- Found Protobuf: /usr/lib/x86_64-linux-gnu/libprotobuf.so (found version "3.12.4") 
[0.425s] -- Looking for ignition-math6 -- found version 6.15.0
[0.428s] -- Searching for dependencies of ignition-math6
[0.429s] -- Looking for OGRE...
[0.433s] -- Found Ogre Ghadamon (1.9.0)
[0.433s] -- Found OGRE: optimized;/usr/lib/x86_64-linux-gnu/libOgreMain.so;debug;/usr/lib/x86_64-linux-gnu/libOgreMain.so
[0.440s] -- Looking for OGRE_Paging...
[0.440s] -- Found OGRE_Paging: optimized;/usr/lib/x86_64-linux-gnu/libOgrePaging.so;debug;/usr/lib/x86_64-linux-gnu/libOgrePaging.so
[0.440s] -- Looking for OGRE_Terrain...
[0.440s] -- Found OGRE_Terrain: optimized;/usr/lib/x86_64-linux-gnu/libOgreTerrain.so;debug;/usr/lib/x86_64-linux-gnu/libOgreTerrain.so
[0.440s] -- Looking for OGRE_Property...
[0.440s] -- Found OGRE_Property: optimized;/usr/lib/x86_64-linux-gnu/libOgreProperty.so;debug;/usr/lib/x86_64-linux-gnu/libOgreProperty.so
[0.441s] -- Looking for OGRE_RTShaderSystem...
[0.441s] -- Found OGRE_RTShaderSystem: optimized;/usr/lib/x86_64-linux-gnu/libOgreRTShaderSystem.so;debug;/usr/lib/x86_64-linux-gnu/libOgreRTShaderSystem.so
[0.441s] -- Looking for OGRE_Volume...
[0.441s] -- Found OGRE_Volume: optimized;/usr/lib/x86_64-linux-gnu/libOgreVolume.so;debug;/usr/lib/x86_64-linux-gnu/libOgreVolume.so
[0.441s] -- Looking for OGRE_Overlay...
[0.441s] -- Found OGRE_Overlay: optimized;/usr/lib/x86_64-linux-gnu/libOgreOverlay.so;debug;/usr/lib/x86_64-linux-gnu/libOgreOverlay.so
[0.501s] -- Looking for ignition-math6 -- found version 6.15.0
[0.501s] -- Looking for ignition-transport8 -- found version 8.2.1
[0.502s] -- Searching for dependencies of ignition-transport8
[0.514s] -- Found Protobuf: /usr/lib/x86_64-linux-gnu/libprotobuf.so (found suitable version "3.12.4", minimum required is "3") 
[0.521s] -- Config-file not installed for ZeroMQ -- checking for pkg-config
[0.525s] -- Checking for module 'libzmq >= 4'
[0.534s] --   Found libzmq , version 4.3.4
[0.562s] -- Checking for module 'uuid'
[0.571s] --   Found uuid, version 2.37.2
[0.602s] -- Looking for ignition-msgs5 -- found version 5.8.1
[0.602s] -- Searching for dependencies of ignition-msgs5
[0.617s] -- Looking for ignition-math6 -- found version 6.15.0
[0.621s] -- Checking for module 'tinyxml2'
[0.630s] --   Found tinyxml2, version 9.0.0
[0.659s] -- Looking for ignition-msgs5 -- found version 5.8.1
[0.660s] -- Looking for ignition-common3 -- found version 3.14.0
[0.660s] -- Searching for dependencies of ignition-common3
[0.660s] -- Looking for dlfcn.h - found
[0.660s] -- Looking for libdl - found
[0.670s] -- Searching for <ignition-common3> component [graphics]
[0.670s] -- Looking for ignition-common3-graphics -- found version 3.14.0
[0.670s] -- Searching for dependencies of ignition-common3-graphics
[0.670s] -- Looking for ignition-math6 -- found version 6.15.0
[0.671s] -- Looking for ignition-fuel_tools4 -- found version 4.4.0
[0.671s] -- Searching for dependencies of ignition-fuel_tools4
[0.697s] -- Checking for module 'jsoncpp'
[0.706s] --   Found jsoncpp, version 1.9.5
[0.736s] -- Checking for module 'libzip'
[0.746s] --   Found libzip, version 1.7.3
[0.786s] -- Looking for ignition-common3 -- found version 3.14.0
[0.786s] -- Looking for ignition-math6 -- found version 6.15.0
[0.787s] -- Looking for ignition-msgs5 -- found version 5.8.1
[0.789s] -- Gazebo version: 11.10
[0.804s] -- Configuring incomplete, errors occurred!
[0.804s] See also "/home/ananya/ros2_ws/build/my_box_bot_gazebo/CMakeFiles/CMakeOutput.log".
[0.804s] [31mCMake Error at CMakeLists.txt:12 (find_package):
[0.804s]   By not providing "Findmy_box_bot_description.cmake" in CMAKE_MODULE_PATH
[0.804s]   this project has asked CMake to find a package configuration file provided
[0.804s]   by "my_box_bot_description", but CMake did not find one.
[0.804s] 
[0.804s]   Could not find a package configuration file provided by
[0.804s]   "my_box_bot_description" with any of the following names:
[0.804s] 
[0.804s]     my_box_bot_descriptionConfig.cmake
[0.804s]     my_box_bot_description-config.cmake
[0.804s] 
[0.804s]   Add the installation prefix of "my_box_bot_description" to
[0.804s]   CMAKE_PREFIX_PATH or set "my_box_bot_description_DIR" to a directory
[0.804s]   containing one of the above files.  If "my_box_bot_description" provides a
[0.804s]   separate development package or SDK, be sure it has been installed.
[0.804s] 
[0.804s] [0m
[0.812s] Invoked command in '/home/ananya/ros2_ws/build/my_box_bot_gazebo' returned '1': CMAKE_PREFIX_PATH=/opt/ros/humble /usr/bin/cmake /home/ananya/ros2_ws/src/my_box_bot_gazebo -DCMAKE_INSTALL_PREFIX=/home/ananya/ros2_ws/install/my_box_bot_gazebo
