[0.011s] Invoking command in '/home/ananya/ros2_ws/build/my_box_bot_description': CMAKE_PREFIX_PATH=/opt/ros/humble /usr/bin/cmake /home/ananya/ros2_ws/src/my_box_bot_description -DCMAKE_INSTALL_PREFIX=/home/ananya/ros2_ws/install/my_box_bot_description
[0.049s] -- The C compiler identification is GNU 11.4.0
[0.089s] -- The CXX compiler identification is GNU 11.4.0
[0.094s] -- Detecting C compiler ABI info
[0.144s] -- Detecting C compiler ABI info - done
[0.149s] -- Check for working C compiler: /usr/bin/cc - skipped
[0.149s] -- Detecting C compile features
[0.149s] -- Detecting C compile features - done
[0.151s] -- Detecting CXX compiler ABI info
[0.205s] -- Detecting CXX compiler ABI info - done
[0.210s] -- Check for working CXX compiler: /usr/bin/c++ - skipped
[0.210s] -- Detecting CXX compile features
[0.210s] -- Detecting CXX compile features - done
[0.212s] -- Found ament_cmake: 1.3.5 (/opt/ros/humble/share/ament_cmake/cmake)
[0.326s] -- Found Python3: /usr/bin/python3.10 (found version "3.10.12") found components: Interpreter 
[0.395s] -- Found ament_lint_auto: 0.12.7 (/opt/ros/humble/share/ament_lint_auto/cmake)
[0.453s] -- Added test 'lint_cmake' to check CMake code style
[0.453s] -- Added test 'xmllint' to check XML markup files
[0.454s] -- Configuring done
[0.456s] -- Generating done
[0.456s] -- Build files have been written to: /home/ananya/ros2_ws/build/my_box_bot_description
[0.459s] Invoked command in '/home/ananya/ros2_ws/build/my_box_bot_description' returned '0': CMAKE_PREFIX_PATH=/opt/ros/humble /usr/bin/cmake /home/ananya/ros2_ws/src/my_box_bot_description -DCMAKE_INSTALL_PREFIX=/home/ananya/ros2_ws/install/my_box_bot_description
[0.460s] Invoking command in '/home/ananya/ros2_ws/build/my_box_bot_description': CMAKE_PREFIX_PATH=/opt/ros/humble /usr/bin/cmake --build /home/ananya/ros2_ws/build/my_box_bot_description -- -j8 -l8
[0.494s] Invoked command in '/home/ananya/ros2_ws/build/my_box_bot_description' returned '0': CMAKE_PREFIX_PATH=/opt/ros/humble /usr/bin/cmake --build /home/ananya/ros2_ws/build/my_box_bot_description -- -j8 -l8
[0.510s] Invoking command in '/home/ananya/ros2_ws/build/my_box_bot_description': CMAKE_PREFIX_PATH=/opt/ros/humble /usr/bin/cmake --install /home/ananya/ros2_ws/build/my_box_bot_description
[0.516s] -- Install configuration: ""
[0.516s] -- Installing: /home/ananya/ros2_ws/install/my_box_bot_description/share/ament_index/resource_index/package_run_dependencies/my_box_bot_description
[0.516s] -- Installing: /home/ananya/ros2_ws/install/my_box_bot_description/share/ament_index/resource_index/parent_prefix_path/my_box_bot_description
[0.516s] -- Installing: /home/ananya/ros2_ws/install/my_box_bot_description/share/my_box_bot_description/environment/ament_prefix_path.sh
[0.516s] -- Installing: /home/ananya/ros2_ws/install/my_box_bot_description/share/my_box_bot_description/environment/ament_prefix_path.dsv
[0.517s] -- Installing: /home/ananya/ros2_ws/install/my_box_bot_description/share/my_box_bot_description/environment/path.sh
[0.517s] -- Installing: /home/ananya/ros2_ws/install/my_box_bot_description/share/my_box_bot_description/environment/path.dsv
[0.517s] -- Installing: /home/ananya/ros2_ws/install/my_box_bot_description/share/my_box_bot_description/local_setup.bash
[0.517s] -- Installing: /home/ananya/ros2_ws/install/my_box_bot_description/share/my_box_bot_description/local_setup.sh
[0.517s] -- Installing: /home/ananya/ros2_ws/install/my_box_bot_description/share/my_box_bot_description/local_setup.zsh
[0.517s] -- Installing: /home/ananya/ros2_ws/install/my_box_bot_description/share/my_box_bot_description/local_setup.dsv
[0.517s] -- Installing: /home/ananya/ros2_ws/install/my_box_bot_description/share/my_box_bot_description/package.dsv
[0.517s] -- Installing: /home/ananya/ros2_ws/install/my_box_bot_description/share/ament_index/resource_index/packages/my_box_bot_description
[0.517s] -- Installing: /home/ananya/ros2_ws/install/my_box_bot_description/share/my_box_bot_description/cmake/my_box_bot_descriptionConfig.cmake
[0.517s] -- Installing: /home/ananya/ros2_ws/install/my_box_bot_description/share/my_box_bot_description/cmake/my_box_bot_descriptionConfig-version.cmake
[0.517s] -- Installing: /home/ananya/ros2_ws/install/my_box_bot_description/share/my_box_bot_description/package.xml
[0.520s] Invoked command in '/home/ananya/ros2_ws/build/my_box_bot_description' returned '0': CMAKE_PREFIX_PATH=/opt/ros/humble /usr/bin/cmake --install /home/ananya/ros2_ws/build/my_box_bot_description
