[0.009s] Invoking command in '/home/ananya/ros2_ws/build/my_box_bot_gazebo': CMAKE_PREFIX_PATH=/opt/ros/humble /usr/bin/cmake /home/ananya/ros2_ws/src/my_box_bot_gazebo -DCMAKE_INSTALL_PREFIX=/home/ananya/ros2_ws/install/my_box_bot_gazebo
[0.085s] -- The C compiler identification is GNU 11.4.0
[0.142s] -- The CXX compiler identification is GNU 11.4.0
[0.149s] -- Detecting C compiler ABI info
[0.210s] -- Detecting C compiler ABI info - done
[0.215s] -- Check for working C compiler: /usr/bin/cc - skipped
[0.215s] -- Detecting C compile features
[0.216s] -- Detecting C compile features - done
[0.219s] -- Detecting CXX compiler ABI info
[0.285s] -- Detecting CXX compiler ABI info - done
[0.290s] -- Check for working CXX compiler: /usr/bin/c++ - skipped
[0.290s] -- Detecting CXX compile features
[0.290s] -- Detecting CXX compile features - done
[0.292s] -- Found ament_cmake: 1.3.5 (/opt/ros/humble/share/ament_cmake/cmake)
[0.410s] -- Found Python3: /usr/bin/python3.10 (found version "3.10.12") found components: Interpreter 
[0.476s] -- Found rclpy: 3.3.9 (/opt/ros/humble/share/rclpy/cmake)
[0.478s] -- Found gazebo_ros: 3.7.0 (/opt/ros/humble/share/gazebo_ros/cmake)
[0.520s] -- Found rosidl_generator_c: 3.1.5 (/opt/ros/humble/share/rosidl_generator_c/cmake)
[0.524s] -- Found rosidl_adapter: 3.1.5 (/opt/ros/humble/share/rosidl_adapter/cmake)
[0.532s] -- Found rosidl_generator_cpp: 3.1.5 (/opt/ros/humble/share/rosidl_generator_cpp/cmake)
[0.544s] -- Using all available rosidl_typesupport_c: rosidl_typesupport_fastrtps_c;rosidl_typesupport_introspection_c
[0.560s] -- Using all available rosidl_typesupport_cpp: rosidl_typesupport_fastrtps_cpp;rosidl_typesupport_introspection_cpp
[0.613s] -- Found rmw_implementation_cmake: 6.1.1 (/opt/ros/humble/share/rmw_implementation_cmake/cmake)
[0.615s] -- Found rmw_fastrtps_cpp: 6.2.3 (/opt/ros/humble/share/rmw_fastrtps_cpp/cmake)
[0.691s] -- Found OpenSSL: /usr/lib/x86_64-linux-gnu/libcrypto.so (found version "3.0.2")  
[0.710s] -- Found FastRTPS: /opt/ros/humble/include  
[0.744s] -- Using RMW implementation 'rmw_fastrtps_cpp' as default
[0.752s] -- Looking for pthread.h
[0.804s] -- Looking for pthread.h - found
[0.804s] -- Performing Test CMAKE_HAVE_LIBC_PTHREAD
[0.879s] -- Performing Test CMAKE_HAVE_LIBC_PTHREAD - Success
[0.880s] -- Found Threads: TRUE  
[1.007s] -- Found PkgConfig: /usr/bin/pkg-config (found version "0.29.2") 
[1.008s] -- Checking for module 'bullet>=2.82'
[1.016s] --   Found bullet, version 3.05
[1.096s] -- Found fcl: /usr/include (found suitable version "0.7.0", minimum required is "0.5.0") 
[1.147s] -- Found assimp: /usr/include (found version "5.2.0") 
[1.171s] -- Found DART: /usr/include (Required is at least version "6.6") found components: dart 
[1.193s] -- Found Boost: /usr/lib/x86_64-linux-gnu/cmake/Boost-1.74.0/BoostConfig.cmake (found suitable version "1.74.0", minimum required is "1.40.0") found components: thread system filesystem program_options regex iostreams date_time 
[1.207s] -- Found Protobuf: /usr/lib/x86_64-linux-gnu/libprotobuf.so (found version "3.12.4") 
[1.211s] -- Looking for ignition-math6 -- found version 6.15.0
[1.217s] -- Searching for dependencies of ignition-math6
[1.219s] -- Looking for OGRE...
[1.219s] -- OGRE_PREFIX_WATCH changed.
[1.223s] -- Checking for module 'OGRE'
[1.233s] --   Found OGRE, version 1.9.0
[1.258s] -- Found Ogre Ghadamon (1.9.0)
[1.263s] -- Found OGRE: optimized;/usr/lib/x86_64-linux-gnu/libOgreMain.so;debug;/usr/lib/x86_64-linux-gnu/libOgreMain.so
[1.270s] -- Looking for OGRE_Paging...
[1.274s] -- Found OGRE_Paging: optimized;/usr/lib/x86_64-linux-gnu/libOgrePaging.so;debug;/usr/lib/x86_64-linux-gnu/libOgrePaging.so
[1.274s] -- Looking for OGRE_Terrain...
[1.277s] -- Found OGRE_Terrain: optimized;/usr/lib/x86_64-linux-gnu/libOgreTerrain.so;debug;/usr/lib/x86_64-linux-gnu/libOgreTerrain.so
[1.277s] -- Looking for OGRE_Property...
[1.280s] -- Found OGRE_Property: optimized;/usr/lib/x86_64-linux-gnu/libOgreProperty.so;debug;/usr/lib/x86_64-linux-gnu/libOgreProperty.so
[1.280s] -- Looking for OGRE_RTShaderSystem...
[1.283s] -- Found OGRE_RTShaderSystem: optimized;/usr/lib/x86_64-linux-gnu/libOgreRTShaderSystem.so;debug;/usr/lib/x86_64-linux-gnu/libOgreRTShaderSystem.so
[1.283s] -- Looking for OGRE_Volume...
[1.286s] -- Found OGRE_Volume: optimized;/usr/lib/x86_64-linux-gnu/libOgreVolume.so;debug;/usr/lib/x86_64-linux-gnu/libOgreVolume.so
[1.286s] -- Looking for OGRE_Overlay...
[1.289s] -- Found OGRE_Overlay: optimized;/usr/lib/x86_64-linux-gnu/libOgreOverlay.so;debug;/usr/lib/x86_64-linux-gnu/libOgreOverlay.so
[1.351s] -- Looking for ignition-math6 -- found version 6.15.0
[1.353s] -- Looking for ignition-transport8 -- found version 8.2.1
[1.354s] -- Searching for dependencies of ignition-transport8
[1.366s] -- Found Protobuf: /usr/lib/x86_64-linux-gnu/libprotobuf.so (found suitable version "3.12.4", minimum required is "3") 
[1.373s] -- Config-file not installed for ZeroMQ -- checking for pkg-config
[1.377s] -- Checking for module 'libzmq >= 4'
[1.388s] --   Found libzmq , version 4.3.4
[1.414s] -- Found ZeroMQ: TRUE (Required is at least version "4") 
[1.419s] -- Checking for module 'uuid'
[1.428s] --   Found uuid, version 2.37.2
[1.465s] -- Found UUID: TRUE  
[1.468s] -- Looking for ignition-msgs5 -- found version 5.8.1
[1.469s] -- Searching for dependencies of ignition-msgs5
[1.483s] -- Looking for ignition-math6 -- found version 6.15.0
[1.487s] -- Checking for module 'tinyxml2'
[1.497s] --   Found tinyxml2, version 9.0.0
[1.525s] -- Looking for ignition-msgs5 -- found version 5.8.1
[1.527s] -- Looking for ignition-common3 -- found version 3.14.0
[1.528s] -- Searching for dependencies of ignition-common3
[1.528s] -- Looking for dlfcn.h - found
[1.529s] -- Looking for libdl - found
[1.530s] -- Found DL: TRUE  
[1.546s] -- Found tinyobjloader: /usr/lib/x86_64-linux-gnu/cmake/tinyobjloader/tinyobjloader-config.cmake (found version "2.0.0") 
[1.546s] -- Searching for <ignition-common3> component [graphics]
[1.548s] -- Looking for ignition-common3-graphics -- found version 3.14.0
[1.548s] -- Searching for dependencies of ignition-common3-graphics
[1.548s] -- Looking for ignition-math6 -- found version 6.15.0
[1.551s] -- Looking for ignition-fuel_tools4 -- found version 4.4.0
[1.551s] -- Searching for dependencies of ignition-fuel_tools4
[1.626s] -- Found CURL: /usr/lib/x86_64-linux-gnu/libcurl.so (found version "7.81.0")  
[1.635s] -- Checking for module 'jsoncpp'
[1.645s] --   Found jsoncpp, version 1.9.5
[1.690s] -- Found JSONCPP: TRUE  
[1.697s] -- Checking for module 'libzip'
[1.711s] --   Found libzip, version 1.7.3
[1.763s] -- Found ZIP: TRUE  
[1.764s] -- Looking for ignition-common3 -- found version 3.14.0
[1.764s] -- Looking for ignition-math6 -- found version 6.15.0
[1.765s] -- Looking for ignition-msgs5 -- found version 5.8.1
[1.772s] -- Gazebo version: 11.10
[1.772s] -- Checking for module 'tbb'
[1.790s] --   Found tbb, version 2021.5.0
[1.867s] -- Configuring incomplete, errors occurred!
[1.867s] See also "/home/ananya/ros2_ws/build/my_box_bot_gazebo/CMakeFiles/CMakeOutput.log".
[1.867s] [31mCMake Error at CMakeLists.txt:12 (find_package):
[1.867s]   By not providing "Findmy_box_bot_description.cmake" in CMAKE_MODULE_PATH
[1.867s]   this project has asked CMake to find a package configuration file provided
[1.867s]   by "my_box_bot_description", but CMake did not find one.
[1.867s] 
[1.867s]   Could not find a package configuration file provided by
[1.867s]   "my_box_bot_description" with any of the following names:
[1.867s] 
[1.867s]     my_box_bot_descriptionConfig.cmake
[1.868s]     my_box_bot_description-config.cmake
[1.868s] 
[1.868s]   Add the installation prefix of "my_box_bot_description" to
[1.868s]   CMAKE_PREFIX_PATH or set "my_box_bot_description_DIR" to a directory
[1.868s]   containing one of the above files.  If "my_box_bot_description" provides a
[1.868s]   separate development package or SDK, be sure it has been installed.
[1.868s] 
[1.868s] [0m
[1.876s] Invoked command in '/home/ananya/ros2_ws/build/my_box_bot_gazebo' returned '1': CMAKE_PREFIX_PATH=/opt/ros/humble /usr/bin/cmake /home/ananya/ros2_ws/src/my_box_bot_gazebo -DCMAKE_INSTALL_PREFIX=/home/ananya/ros2_ws/install/my_box_bot_gazebo
