[0.243s] DEBUG:colcon:Command line arguments: ['/usr/bin/colcon', 'build']
[0.243s] DEBUG:colcon:Parsed command line arguments: Namespace(log_base=None, log_level=None, verb_name='build', build_base='build', install_base='install', merge_install=False, symlink_install=False, test_result_base=None, continue_on_error=False, executor='parallel', parallel_workers=8, event_handlers=None, ignore_user_meta=False, metas=['./colcon.meta'], base_paths=['.'], packages_ignore=None, packages_ignore_regex=None, paths=None, packages_up_to=None, packages_up_to_regex=None, packages_above=None, packages_above_and_dependencies=None, packages_above_depth=None, packages_select_by_dep=None, packages_skip_by_dep=None, packages_skip_up_to=None, packages_select_build_failed=False, packages_skip_build_finished=False, packages_select_test_failures=False, packages_skip_test_passed=False, packages_select=None, packages_skip=None, packages_select_regex=None, packages_skip_regex=None, packages_start=None, packages_end=None, allow_overriding=[], cmake_args=None, cmake_target=None, cmake_target_skip_unavailable=False, cmake_clean_cache=False, cmake_clean_first=False, cmake_force_configure=False, ament_cmake_args=None, catkin_cmake_args=None, catkin_skip_building_tests=False, verb_parser=<colcon_defaults.argument_parser.defaults.DefaultArgumentsDecorator object at 0x7f6708282d70>, verb_extension=<colcon_core.verb.build.BuildVerb object at 0x7f6708282800>, main=<bound method BuildVerb.main of <colcon_core.verb.build.BuildVerb object at 0x7f6708282800>>)
[0.260s] Level 1:colcon.colcon_core.package_discovery:discover_packages(colcon_meta) check parameters
[0.260s] Level 1:colcon.colcon_core.package_discovery:discover_packages(recursive) check parameters
[0.260s] Level 1:colcon.colcon_core.package_discovery:discover_packages(ignore) check parameters
[0.260s] Level 1:colcon.colcon_core.package_discovery:discover_packages(path) check parameters
[0.260s] Level 1:colcon.colcon_core.package_discovery:discover_packages(colcon_meta) discover
[0.260s] Level 1:colcon.colcon_core.package_discovery:discover_packages(recursive) discover
[0.260s] INFO:colcon.colcon_core.package_discovery:Crawling recursively for packages in '/home/ananya/ros2_ws'
[0.260s] Level 1:colcon.colcon_core.package_identification:_identify(.) by extensions ['ignore', 'ignore_ament_install']
[0.260s] Level 1:colcon.colcon_core.package_identification:_identify(.) by extension 'ignore'
[0.260s] Level 1:colcon.colcon_core.package_identification:_identify(.) by extension 'ignore_ament_install'
[0.260s] Level 1:colcon.colcon_core.package_identification:_identify(.) by extensions ['colcon_pkg']
[0.260s] Level 1:colcon.colcon_core.package_identification:_identify(.) by extension 'colcon_pkg'
[0.261s] Level 1:colcon.colcon_core.package_identification:_identify(.) by extensions ['colcon_meta']
[0.261s] Level 1:colcon.colcon_core.package_identification:_identify(.) by extension 'colcon_meta'
[0.261s] Level 1:colcon.colcon_core.package_identification:_identify(.) by extensions ['ros']
[0.261s] Level 1:colcon.colcon_core.package_identification:_identify(.) by extension 'ros'
[0.269s] Level 1:colcon.colcon_core.package_identification:_identify(.) by extensions ['cmake', 'python']
[0.269s] Level 1:colcon.colcon_core.package_identification:_identify(.) by extension 'cmake'
[0.270s] Level 1:colcon.colcon_core.package_identification:_identify(.) by extension 'python'
[0.270s] Level 1:colcon.colcon_core.package_identification:_identify(.) by extensions ['python_setup_py']
[0.270s] Level 1:colcon.colcon_core.package_identification:_identify(.) by extension 'python_setup_py'
[0.270s] Level 1:colcon.colcon_core.package_identification:_identify(build) by extensions ['ignore', 'ignore_ament_install']
[0.270s] Level 1:colcon.colcon_core.package_identification:_identify(build) by extension 'ignore'
[0.270s] Level 1:colcon.colcon_core.package_identification:_identify(build) ignored
[0.270s] Level 1:colcon.colcon_core.package_identification:_identify(install) by extensions ['ignore', 'ignore_ament_install']
[0.270s] Level 1:colcon.colcon_core.package_identification:_identify(install) by extension 'ignore'
[0.270s] Level 1:colcon.colcon_core.package_identification:_identify(install) ignored
[0.270s] Level 1:colcon.colcon_core.package_identification:_identify(log) by extensions ['ignore', 'ignore_ament_install']
[0.270s] Level 1:colcon.colcon_core.package_identification:_identify(log) by extension 'ignore'
[0.270s] Level 1:colcon.colcon_core.package_identification:_identify(log) ignored
[0.270s] Level 1:colcon.colcon_core.package_identification:_identify(src) by extensions ['ignore', 'ignore_ament_install']
[0.270s] Level 1:colcon.colcon_core.package_identification:_identify(src) by extension 'ignore'
[0.270s] Level 1:colcon.colcon_core.package_identification:_identify(src) by extension 'ignore_ament_install'
[0.270s] Level 1:colcon.colcon_core.package_identification:_identify(src) by extensions ['colcon_pkg']
[0.270s] Level 1:colcon.colcon_core.package_identification:_identify(src) by extension 'colcon_pkg'
[0.270s] Level 1:colcon.colcon_core.package_identification:_identify(src) by extensions ['colcon_meta']
[0.270s] Level 1:colcon.colcon_core.package_identification:_identify(src) by extension 'colcon_meta'
[0.270s] Level 1:colcon.colcon_core.package_identification:_identify(src) by extensions ['ros']
[0.270s] Level 1:colcon.colcon_core.package_identification:_identify(src) by extension 'ros'
[0.270s] Level 1:colcon.colcon_core.package_identification:_identify(src) by extensions ['cmake', 'python']
[0.270s] Level 1:colcon.colcon_core.package_identification:_identify(src) by extension 'cmake'
[0.270s] Level 1:colcon.colcon_core.package_identification:_identify(src) by extension 'python'
[0.271s] Level 1:colcon.colcon_core.package_identification:_identify(src) by extensions ['python_setup_py']
[0.271s] Level 1:colcon.colcon_core.package_identification:_identify(src) by extension 'python_setup_py'
[0.271s] Level 1:colcon.colcon_core.package_identification:_identify(src/my_box_bot_description) by extensions ['ignore', 'ignore_ament_install']
[0.271s] Level 1:colcon.colcon_core.package_identification:_identify(src/my_box_bot_description) by extension 'ignore'
[0.271s] Level 1:colcon.colcon_core.package_identification:_identify(src/my_box_bot_description) by extension 'ignore_ament_install'
[0.271s] Level 1:colcon.colcon_core.package_identification:_identify(src/my_box_bot_description) by extensions ['colcon_pkg']
[0.271s] Level 1:colcon.colcon_core.package_identification:_identify(src/my_box_bot_description) by extension 'colcon_pkg'
[0.271s] Level 1:colcon.colcon_core.package_identification:_identify(src/my_box_bot_description) by extensions ['colcon_meta']
[0.271s] Level 1:colcon.colcon_core.package_identification:_identify(src/my_box_bot_description) by extension 'colcon_meta'
[0.271s] Level 1:colcon.colcon_core.package_identification:_identify(src/my_box_bot_description) by extensions ['ros']
[0.271s] Level 1:colcon.colcon_core.package_identification:_identify(src/my_box_bot_description) by extension 'ros'
[0.273s] DEBUG:colcon.colcon_core.package_identification:Package 'src/my_box_bot_description' with type 'ros.ament_cmake' and name 'my_box_bot_description'
[0.273s] Level 1:colcon.colcon_core.package_identification:_identify(src/my_box_bot_gazebo) by extensions ['ignore', 'ignore_ament_install']
[0.273s] Level 1:colcon.colcon_core.package_identification:_identify(src/my_box_bot_gazebo) by extension 'ignore'
[0.273s] Level 1:colcon.colcon_core.package_identification:_identify(src/my_box_bot_gazebo) by extension 'ignore_ament_install'
[0.273s] Level 1:colcon.colcon_core.package_identification:_identify(src/my_box_bot_gazebo) by extensions ['colcon_pkg']
[0.273s] Level 1:colcon.colcon_core.package_identification:_identify(src/my_box_bot_gazebo) by extension 'colcon_pkg'
[0.273s] Level 1:colcon.colcon_core.package_identification:_identify(src/my_box_bot_gazebo) by extensions ['colcon_meta']
[0.273s] Level 1:colcon.colcon_core.package_identification:_identify(src/my_box_bot_gazebo) by extension 'colcon_meta'
[0.273s] Level 1:colcon.colcon_core.package_identification:_identify(src/my_box_bot_gazebo) by extensions ['ros']
[0.273s] Level 1:colcon.colcon_core.package_identification:_identify(src/my_box_bot_gazebo) by extension 'ros'
[0.274s] DEBUG:colcon.colcon_core.package_identification:Package 'src/my_box_bot_gazebo' with type 'ros.ament_cmake' and name 'my_box_bot_gazebo'
[0.274s] Level 1:colcon.colcon_core.package_identification:_identify(src/my_robot_bringup) by extensions ['ignore', 'ignore_ament_install']
[0.274s] Level 1:colcon.colcon_core.package_identification:_identify(src/my_robot_bringup) by extension 'ignore'
[0.274s] Level 1:colcon.colcon_core.package_identification:_identify(src/my_robot_bringup) by extension 'ignore_ament_install'
[0.274s] Level 1:colcon.colcon_core.package_identification:_identify(src/my_robot_bringup) by extensions ['colcon_pkg']
[0.274s] Level 1:colcon.colcon_core.package_identification:_identify(src/my_robot_bringup) by extension 'colcon_pkg'
[0.274s] Level 1:colcon.colcon_core.package_identification:_identify(src/my_robot_bringup) by extensions ['colcon_meta']
[0.274s] Level 1:colcon.colcon_core.package_identification:_identify(src/my_robot_bringup) by extension 'colcon_meta'
[0.274s] Level 1:colcon.colcon_core.package_identification:_identify(src/my_robot_bringup) by extensions ['ros']
[0.274s] Level 1:colcon.colcon_core.package_identification:_identify(src/my_robot_bringup) by extension 'ros'
[0.274s] DEBUG:colcon.colcon_core.package_identification:Package 'src/my_robot_bringup' with type 'ros.ament_cmake' and name 'gazebo_test'
[0.274s] Level 1:colcon.colcon_core.package_discovery:discover_packages(recursive) using defaults
[0.274s] Level 1:colcon.colcon_core.package_discovery:discover_packages(ignore) discover
[0.274s] Level 1:colcon.colcon_core.package_discovery:discover_packages(ignore) using defaults
[0.274s] Level 1:colcon.colcon_core.package_discovery:discover_packages(path) discover
[0.274s] Level 1:colcon.colcon_core.package_discovery:discover_packages(path) using defaults
[0.292s] Level 1:colcon.colcon_core.package_discovery:discover_packages(prefix_path) check parameters
[0.292s] Level 1:colcon.colcon_core.package_discovery:discover_packages(prefix_path) discover
[0.294s] DEBUG:colcon.colcon_installed_package_information.package_discovery:Found 330 installed packages in /opt/ros/humble
[0.296s] Level 1:colcon.colcon_core.package_discovery:discover_packages(prefix_path) using defaults
[0.340s] Level 5:colcon.colcon_core.verb:set package 'gazebo_test' build argument 'cmake_args' from command line to 'None'
[0.340s] Level 5:colcon.colcon_core.verb:set package 'gazebo_test' build argument 'cmake_target' from command line to 'None'
[0.340s] Level 5:colcon.colcon_core.verb:set package 'gazebo_test' build argument 'cmake_target_skip_unavailable' from command line to 'False'
[0.340s] Level 5:colcon.colcon_core.verb:set package 'gazebo_test' build argument 'cmake_clean_cache' from command line to 'False'
[0.340s] Level 5:colcon.colcon_core.verb:set package 'gazebo_test' build argument 'cmake_clean_first' from command line to 'False'
[0.340s] Level 5:colcon.colcon_core.verb:set package 'gazebo_test' build argument 'cmake_force_configure' from command line to 'False'
[0.340s] Level 5:colcon.colcon_core.verb:set package 'gazebo_test' build argument 'ament_cmake_args' from command line to 'None'
[0.340s] Level 5:colcon.colcon_core.verb:set package 'gazebo_test' build argument 'catkin_cmake_args' from command line to 'None'
[0.340s] Level 5:colcon.colcon_core.verb:set package 'gazebo_test' build argument 'catkin_skip_building_tests' from command line to 'False'
[0.340s] DEBUG:colcon.colcon_core.verb:Building package 'gazebo_test' with the following arguments: {'ament_cmake_args': None, 'build_base': '/home/ananya/ros2_ws/build/gazebo_test', 'catkin_cmake_args': None, 'catkin_skip_building_tests': False, 'cmake_args': None, 'cmake_clean_cache': False, 'cmake_clean_first': False, 'cmake_force_configure': False, 'cmake_target': None, 'cmake_target_skip_unavailable': False, 'install_base': '/home/ananya/ros2_ws/install/gazebo_test', 'merge_install': False, 'path': '/home/ananya/ros2_ws/src/my_robot_bringup', 'symlink_install': False, 'test_result_base': None}
[0.341s] Level 5:colcon.colcon_core.verb:set package 'my_box_bot_description' build argument 'cmake_args' from command line to 'None'
[0.341s] Level 5:colcon.colcon_core.verb:set package 'my_box_bot_description' build argument 'cmake_target' from command line to 'None'
[0.341s] Level 5:colcon.colcon_core.verb:set package 'my_box_bot_description' build argument 'cmake_target_skip_unavailable' from command line to 'False'
[0.341s] Level 5:colcon.colcon_core.verb:set package 'my_box_bot_description' build argument 'cmake_clean_cache' from command line to 'False'
[0.341s] Level 5:colcon.colcon_core.verb:set package 'my_box_bot_description' build argument 'cmake_clean_first' from command line to 'False'
[0.341s] Level 5:colcon.colcon_core.verb:set package 'my_box_bot_description' build argument 'cmake_force_configure' from command line to 'False'
[0.341s] Level 5:colcon.colcon_core.verb:set package 'my_box_bot_description' build argument 'ament_cmake_args' from command line to 'None'
[0.341s] Level 5:colcon.colcon_core.verb:set package 'my_box_bot_description' build argument 'catkin_cmake_args' from command line to 'None'
[0.341s] Level 5:colcon.colcon_core.verb:set package 'my_box_bot_description' build argument 'catkin_skip_building_tests' from command line to 'False'
[0.341s] DEBUG:colcon.colcon_core.verb:Building package 'my_box_bot_description' with the following arguments: {'ament_cmake_args': None, 'build_base': '/home/ananya/ros2_ws/build/my_box_bot_description', 'catkin_cmake_args': None, 'catkin_skip_building_tests': False, 'cmake_args': None, 'cmake_clean_cache': False, 'cmake_clean_first': False, 'cmake_force_configure': False, 'cmake_target': None, 'cmake_target_skip_unavailable': False, 'install_base': '/home/ananya/ros2_ws/install/my_box_bot_description', 'merge_install': False, 'path': '/home/ananya/ros2_ws/src/my_box_bot_description', 'symlink_install': False, 'test_result_base': None}
[0.341s] Level 5:colcon.colcon_core.verb:set package 'my_box_bot_gazebo' build argument 'cmake_args' from command line to 'None'
[0.341s] Level 5:colcon.colcon_core.verb:set package 'my_box_bot_gazebo' build argument 'cmake_target' from command line to 'None'
[0.341s] Level 5:colcon.colcon_core.verb:set package 'my_box_bot_gazebo' build argument 'cmake_target_skip_unavailable' from command line to 'False'
[0.341s] Level 5:colcon.colcon_core.verb:set package 'my_box_bot_gazebo' build argument 'cmake_clean_cache' from command line to 'False'
[0.341s] Level 5:colcon.colcon_core.verb:set package 'my_box_bot_gazebo' build argument 'cmake_clean_first' from command line to 'False'
[0.341s] Level 5:colcon.colcon_core.verb:set package 'my_box_bot_gazebo' build argument 'cmake_force_configure' from command line to 'False'
[0.342s] Level 5:colcon.colcon_core.verb:set package 'my_box_bot_gazebo' build argument 'ament_cmake_args' from command line to 'None'
[0.342s] Level 5:colcon.colcon_core.verb:set package 'my_box_bot_gazebo' build argument 'catkin_cmake_args' from command line to 'None'
[0.342s] Level 5:colcon.colcon_core.verb:set package 'my_box_bot_gazebo' build argument 'catkin_skip_building_tests' from command line to 'False'
[0.342s] DEBUG:colcon.colcon_core.verb:Building package 'my_box_bot_gazebo' with the following arguments: {'ament_cmake_args': None, 'build_base': '/home/ananya/ros2_ws/build/my_box_bot_gazebo', 'catkin_cmake_args': None, 'catkin_skip_building_tests': False, 'cmake_args': None, 'cmake_clean_cache': False, 'cmake_clean_first': False, 'cmake_force_configure': False, 'cmake_target': None, 'cmake_target_skip_unavailable': False, 'install_base': '/home/ananya/ros2_ws/install/my_box_bot_gazebo', 'merge_install': False, 'path': '/home/ananya/ros2_ws/src/my_box_bot_gazebo', 'symlink_install': False, 'test_result_base': None}
[0.342s] INFO:colcon.colcon_core.executor:Executing jobs using 'parallel' executor
[0.344s] DEBUG:colcon.colcon_parallel_executor.executor.parallel:run_until_complete
[0.345s] INFO:colcon.colcon_ros.task.ament_cmake.build:Building ROS package in '/home/ananya/ros2_ws/src/my_box_bot_description' with build type 'ament_cmake'
[0.345s] INFO:colcon.colcon_cmake.task.cmake.build:Building CMake package in '/home/ananya/ros2_ws/src/my_box_bot_description'
[0.348s] INFO:colcon.colcon_core.plugin_system:Skipping extension 'colcon_core.shell.bat': Not used on non-Windows systems
[0.348s] INFO:colcon.colcon_core.shell:Skip shell extension 'powershell' for command environment: Not usable outside of PowerShell
[0.348s] DEBUG:colcon.colcon_core.shell:Skip shell extension 'dsv' for command environment
[0.351s] INFO:colcon.colcon_ros.task.ament_cmake.build:Building ROS package in '/home/ananya/ros2_ws/src/my_robot_bringup' with build type 'ament_cmake'
[0.351s] INFO:colcon.colcon_cmake.task.cmake.build:Building CMake package in '/home/ananya/ros2_ws/src/my_robot_bringup'
[0.352s] INFO:colcon.colcon_core.shell:Skip shell extension 'powershell' for command environment: Not usable outside of PowerShell
[0.352s] DEBUG:colcon.colcon_core.shell:Skip shell extension 'dsv' for command environment
[0.358s] DEBUG:colcon.colcon_core.event_handler.log_command:Invoking command in '/home/ananya/ros2_ws/build/my_box_bot_description': CMAKE_PREFIX_PATH=/opt/ros/humble /usr/bin/cmake --build /home/ananya/ros2_ws/build/my_box_bot_description -- -j8 -l8
[0.361s] DEBUG:colcon.colcon_core.event_handler.log_command:Invoking command in '/home/ananya/ros2_ws/build/gazebo_test': CMAKE_PREFIX_PATH=/opt/ros/humble /usr/bin/cmake --build /home/ananya/ros2_ws/build/gazebo_test -- -j8 -l8
[0.387s] DEBUG:colcon.colcon_core.event_handler.log_command:Invoked command in '/home/ananya/ros2_ws/build/my_box_bot_description' returned '0': CMAKE_PREFIX_PATH=/opt/ros/humble /usr/bin/cmake --build /home/ananya/ros2_ws/build/my_box_bot_description -- -j8 -l8
[0.391s] DEBUG:colcon.colcon_core.event_handler.log_command:Invoked command in '/home/ananya/ros2_ws/build/gazebo_test' returned '0': CMAKE_PREFIX_PATH=/opt/ros/humble /usr/bin/cmake --build /home/ananya/ros2_ws/build/gazebo_test -- -j8 -l8
[0.411s] DEBUG:colcon.colcon_core.event_handler.log_command:Invoking command in '/home/ananya/ros2_ws/build/my_box_bot_description': CMAKE_PREFIX_PATH=/opt/ros/humble /usr/bin/cmake --install /home/ananya/ros2_ws/build/my_box_bot_description
[0.413s] DEBUG:colcon.colcon_core.event_handler.log_command:Invoking command in '/home/ananya/ros2_ws/build/gazebo_test': CMAKE_PREFIX_PATH=/opt/ros/humble /usr/bin/cmake --install /home/ananya/ros2_ws/build/gazebo_test
[0.420s] Level 1:colcon.colcon_core.environment:create_environment_scripts_only(my_box_bot_description)
[0.421s] DEBUG:colcon.colcon_core.event_handler.log_command:Invoked command in '/home/ananya/ros2_ws/build/my_box_bot_description' returned '0': CMAKE_PREFIX_PATH=/opt/ros/humble /usr/bin/cmake --install /home/ananya/ros2_ws/build/my_box_bot_description
[0.424s] Level 1:colcon.colcon_core.environment:checking '/home/ananya/ros2_ws/install/my_box_bot_description' for CMake module files
[0.424s] Level 1:colcon.colcon_core.environment:checking '/home/ananya/ros2_ws/install/my_box_bot_description' for CMake config files
[0.424s] Level 1:colcon.colcon_core.shell:create_environment_hook('my_box_bot_description', 'cmake_prefix_path')
[0.425s] INFO:colcon.colcon_core.shell:Creating environment hook '/home/ananya/ros2_ws/install/my_box_bot_description/share/my_box_bot_description/hook/cmake_prefix_path.ps1'
[0.426s] INFO:colcon.colcon_core.shell:Creating environment descriptor '/home/ananya/ros2_ws/install/my_box_bot_description/share/my_box_bot_description/hook/cmake_prefix_path.dsv'
[0.426s] INFO:colcon.colcon_core.shell:Creating environment hook '/home/ananya/ros2_ws/install/my_box_bot_description/share/my_box_bot_description/hook/cmake_prefix_path.sh'
[0.427s] Level 1:colcon.colcon_core.environment:checking '/home/ananya/ros2_ws/install/my_box_bot_description/bin'
[0.427s] Level 1:colcon.colcon_core.environment:checking '/home/ananya/ros2_ws/install/my_box_bot_description/lib/pkgconfig/my_box_bot_description.pc'
[0.427s] Level 1:colcon.colcon_core.environment:checking '/home/ananya/ros2_ws/install/my_box_bot_description/lib/python3.10/site-packages'
[0.427s] Level 1:colcon.colcon_core.environment:checking '/home/ananya/ros2_ws/install/my_box_bot_description/bin'
[0.428s] INFO:colcon.colcon_core.shell:Creating package script '/home/ananya/ros2_ws/install/my_box_bot_description/share/my_box_bot_description/package.ps1'
[0.428s] INFO:colcon.colcon_core.shell:Creating package descriptor '/home/ananya/ros2_ws/install/my_box_bot_description/share/my_box_bot_description/package.dsv'
[0.429s] INFO:colcon.colcon_core.shell:Creating package script '/home/ananya/ros2_ws/install/my_box_bot_description/share/my_box_bot_description/package.sh'
[0.429s] INFO:colcon.colcon_core.shell:Creating package script '/home/ananya/ros2_ws/install/my_box_bot_description/share/my_box_bot_description/package.bash'
[0.430s] INFO:colcon.colcon_core.shell:Creating package script '/home/ananya/ros2_ws/install/my_box_bot_description/share/my_box_bot_description/package.zsh'
[0.430s] Level 1:colcon.colcon_core.environment:create_file_with_runtime_dependencies(/home/ananya/ros2_ws/install/my_box_bot_description/share/colcon-core/packages/my_box_bot_description)
[0.431s] Level 1:colcon.colcon_core.environment:create_environment_scripts_only(gazebo_test)
[0.432s] Level 1:colcon.colcon_core.environment:checking '/home/ananya/ros2_ws/install/gazebo_test' for CMake module files
[0.433s] DEBUG:colcon.colcon_core.event_handler.log_command:Invoked command in '/home/ananya/ros2_ws/build/gazebo_test' returned '0': CMAKE_PREFIX_PATH=/opt/ros/humble /usr/bin/cmake --install /home/ananya/ros2_ws/build/gazebo_test
[0.433s] Level 1:colcon.colcon_core.environment:checking '/home/ananya/ros2_ws/install/gazebo_test' for CMake config files
[0.433s] Level 1:colcon.colcon_core.shell:create_environment_hook('gazebo_test', 'cmake_prefix_path')
[0.434s] INFO:colcon.colcon_core.shell:Creating environment hook '/home/ananya/ros2_ws/install/gazebo_test/share/gazebo_test/hook/cmake_prefix_path.ps1'
[0.435s] INFO:colcon.colcon_core.shell:Creating environment descriptor '/home/ananya/ros2_ws/install/gazebo_test/share/gazebo_test/hook/cmake_prefix_path.dsv'
[0.435s] INFO:colcon.colcon_core.shell:Creating environment hook '/home/ananya/ros2_ws/install/gazebo_test/share/gazebo_test/hook/cmake_prefix_path.sh'
[0.435s] Level 1:colcon.colcon_core.environment:checking '/home/ananya/ros2_ws/install/gazebo_test/bin'
[0.435s] Level 1:colcon.colcon_core.environment:checking '/home/ananya/ros2_ws/install/gazebo_test/lib/pkgconfig/gazebo_test.pc'
[0.435s] Level 1:colcon.colcon_core.environment:checking '/home/ananya/ros2_ws/install/gazebo_test/lib/python3.10/site-packages'
[0.436s] Level 1:colcon.colcon_core.environment:checking '/home/ananya/ros2_ws/install/gazebo_test/bin'
[0.437s] INFO:colcon.colcon_core.shell:Creating package script '/home/ananya/ros2_ws/install/gazebo_test/share/gazebo_test/package.ps1'
[0.437s] INFO:colcon.colcon_core.shell:Creating package descriptor '/home/ananya/ros2_ws/install/gazebo_test/share/gazebo_test/package.dsv'
[0.437s] INFO:colcon.colcon_core.shell:Creating package script '/home/ananya/ros2_ws/install/gazebo_test/share/gazebo_test/package.sh'
[0.438s] INFO:colcon.colcon_core.shell:Creating package script '/home/ananya/ros2_ws/install/gazebo_test/share/gazebo_test/package.bash'
[0.438s] INFO:colcon.colcon_core.shell:Creating package script '/home/ananya/ros2_ws/install/gazebo_test/share/gazebo_test/package.zsh'
[0.438s] Level 1:colcon.colcon_core.environment:create_file_with_runtime_dependencies(/home/ananya/ros2_ws/install/gazebo_test/share/colcon-core/packages/gazebo_test)
[0.448s] Level 1:colcon.colcon_core.environment:create_environment_scripts_only(my_box_bot_description)
[0.449s] Level 1:colcon.colcon_core.environment:checking '/home/ananya/ros2_ws/install/my_box_bot_description' for CMake module files
[0.449s] Level 1:colcon.colcon_core.environment:checking '/home/ananya/ros2_ws/install/my_box_bot_description' for CMake config files
[0.449s] Level 1:colcon.colcon_core.shell:create_environment_hook('my_box_bot_description', 'cmake_prefix_path')
[0.450s] INFO:colcon.colcon_core.shell:Creating environment hook '/home/ananya/ros2_ws/install/my_box_bot_description/share/my_box_bot_description/hook/cmake_prefix_path.ps1'
[0.451s] INFO:colcon.colcon_core.shell:Creating environment descriptor '/home/ananya/ros2_ws/install/my_box_bot_description/share/my_box_bot_description/hook/cmake_prefix_path.dsv'
[0.451s] INFO:colcon.colcon_core.shell:Creating environment hook '/home/ananya/ros2_ws/install/my_box_bot_description/share/my_box_bot_description/hook/cmake_prefix_path.sh'
[0.451s] Level 1:colcon.colcon_core.environment:checking '/home/ananya/ros2_ws/install/my_box_bot_description/bin'
[0.452s] Level 1:colcon.colcon_core.environment:checking '/home/ananya/ros2_ws/install/my_box_bot_description/lib/pkgconfig/my_box_bot_description.pc'
[0.452s] Level 1:colcon.colcon_core.environment:checking '/home/ananya/ros2_ws/install/my_box_bot_description/lib/python3.10/site-packages'
[0.452s] Level 1:colcon.colcon_core.environment:checking '/home/ananya/ros2_ws/install/my_box_bot_description/bin'
[0.453s] INFO:colcon.colcon_core.shell:Creating package script '/home/ananya/ros2_ws/install/my_box_bot_description/share/my_box_bot_description/package.ps1'
[0.453s] INFO:colcon.colcon_core.shell:Creating package descriptor '/home/ananya/ros2_ws/install/my_box_bot_description/share/my_box_bot_description/package.dsv'
[0.454s] INFO:colcon.colcon_core.shell:Creating package script '/home/ananya/ros2_ws/install/my_box_bot_description/share/my_box_bot_description/package.sh'
[0.454s] INFO:colcon.colcon_core.shell:Creating package script '/home/ananya/ros2_ws/install/my_box_bot_description/share/my_box_bot_description/package.bash'
[0.454s] INFO:colcon.colcon_core.shell:Creating package script '/home/ananya/ros2_ws/install/my_box_bot_description/share/my_box_bot_description/package.zsh'
[0.454s] Level 1:colcon.colcon_core.environment:create_file_with_runtime_dependencies(/home/ananya/ros2_ws/install/my_box_bot_description/share/colcon-core/packages/my_box_bot_description)
[0.455s] INFO:colcon.colcon_ros.task.ament_cmake.build:Building ROS package in '/home/ananya/ros2_ws/src/my_box_bot_gazebo' with build type 'ament_cmake'
[0.455s] INFO:colcon.colcon_cmake.task.cmake.build:Building CMake package in '/home/ananya/ros2_ws/src/my_box_bot_gazebo'
[0.456s] INFO:colcon.colcon_core.shell:Skip shell extension 'powershell' for command environment: Not usable outside of PowerShell
[0.456s] DEBUG:colcon.colcon_core.shell:Skip shell extension 'dsv' for command environment
[0.460s] Level 1:colcon.colcon_core.environment:create_environment_scripts_only(gazebo_test)
[0.461s] Level 1:colcon.colcon_core.environment:checking '/home/ananya/ros2_ws/install/gazebo_test' for CMake module files
[0.462s] Level 1:colcon.colcon_core.environment:checking '/home/ananya/ros2_ws/install/gazebo_test' for CMake config files
[0.462s] Level 1:colcon.colcon_core.shell:create_environment_hook('gazebo_test', 'cmake_prefix_path')
[0.463s] INFO:colcon.colcon_core.shell:Creating environment hook '/home/ananya/ros2_ws/install/gazebo_test/share/gazebo_test/hook/cmake_prefix_path.ps1'
[0.463s] INFO:colcon.colcon_core.shell:Creating environment descriptor '/home/ananya/ros2_ws/install/gazebo_test/share/gazebo_test/hook/cmake_prefix_path.dsv'
[0.463s] INFO:colcon.colcon_core.shell:Creating environment hook '/home/ananya/ros2_ws/install/gazebo_test/share/gazebo_test/hook/cmake_prefix_path.sh'
[0.464s] Level 1:colcon.colcon_core.environment:checking '/home/ananya/ros2_ws/install/gazebo_test/bin'
[0.464s] Level 1:colcon.colcon_core.environment:checking '/home/ananya/ros2_ws/install/gazebo_test/lib/pkgconfig/gazebo_test.pc'
[0.464s] Level 1:colcon.colcon_core.environment:checking '/home/ananya/ros2_ws/install/gazebo_test/lib/python3.10/site-packages'
[0.464s] Level 1:colcon.colcon_core.environment:checking '/home/ananya/ros2_ws/install/gazebo_test/bin'
[0.465s] INFO:colcon.colcon_core.shell:Creating package script '/home/ananya/ros2_ws/install/gazebo_test/share/gazebo_test/package.ps1'
[0.465s] INFO:colcon.colcon_core.shell:Creating package descriptor '/home/ananya/ros2_ws/install/gazebo_test/share/gazebo_test/package.dsv'
[0.466s] INFO:colcon.colcon_core.shell:Creating package script '/home/ananya/ros2_ws/install/gazebo_test/share/gazebo_test/package.sh'
[0.466s] INFO:colcon.colcon_core.shell:Creating package script '/home/ananya/ros2_ws/install/gazebo_test/share/gazebo_test/package.bash'
[0.466s] INFO:colcon.colcon_core.shell:Creating package script '/home/ananya/ros2_ws/install/gazebo_test/share/gazebo_test/package.zsh'
[0.466s] Level 1:colcon.colcon_core.environment:create_file_with_runtime_dependencies(/home/ananya/ros2_ws/install/gazebo_test/share/colcon-core/packages/gazebo_test)
[0.469s] DEBUG:colcon.colcon_core.event_handler.log_command:Invoking command in '/home/ananya/ros2_ws/build/my_box_bot_gazebo': AMENT_PREFIX_PATH=/home/ananya/ros2_ws/install/my_box_bot_description:${AMENT_PREFIX_PATH} CMAKE_PREFIX_PATH=/home/ananya/ros2_ws/install/my_box_bot_description:/opt/ros/humble /usr/bin/cmake --build /home/ananya/ros2_ws/build/my_box_bot_gazebo -- -j8 -l8
[0.501s] DEBUG:colcon.colcon_core.event_handler.log_command:Invoked command in '/home/ananya/ros2_ws/build/my_box_bot_gazebo' returned '0': AMENT_PREFIX_PATH=/home/ananya/ros2_ws/install/my_box_bot_description:${AMENT_PREFIX_PATH} CMAKE_PREFIX_PATH=/home/ananya/ros2_ws/install/my_box_bot_description:/opt/ros/humble /usr/bin/cmake --build /home/ananya/ros2_ws/build/my_box_bot_gazebo -- -j8 -l8
[0.519s] DEBUG:colcon.colcon_core.event_handler.log_command:Invoking command in '/home/ananya/ros2_ws/build/my_box_bot_gazebo': AMENT_PREFIX_PATH=/home/ananya/ros2_ws/install/my_box_bot_description:${AMENT_PREFIX_PATH} CMAKE_PREFIX_PATH=/home/ananya/ros2_ws/install/my_box_bot_description:/opt/ros/humble /usr/bin/cmake --install /home/ananya/ros2_ws/build/my_box_bot_gazebo
[0.528s] Level 1:colcon.colcon_core.environment:create_environment_scripts_only(my_box_bot_gazebo)
[0.529s] Level 1:colcon.colcon_core.environment:checking '/home/ananya/ros2_ws/install/my_box_bot_gazebo' for CMake module files
[0.529s] DEBUG:colcon.colcon_core.event_handler.log_command:Invoked command in '/home/ananya/ros2_ws/build/my_box_bot_gazebo' returned '0': AMENT_PREFIX_PATH=/home/ananya/ros2_ws/install/my_box_bot_description:${AMENT_PREFIX_PATH} CMAKE_PREFIX_PATH=/home/ananya/ros2_ws/install/my_box_bot_description:/opt/ros/humble /usr/bin/cmake --install /home/ananya/ros2_ws/build/my_box_bot_gazebo
[0.530s] Level 1:colcon.colcon_core.environment:checking '/home/ananya/ros2_ws/install/my_box_bot_gazebo' for CMake config files
[0.530s] Level 1:colcon.colcon_core.shell:create_environment_hook('my_box_bot_gazebo', 'cmake_prefix_path')
[0.531s] INFO:colcon.colcon_core.shell:Creating environment hook '/home/ananya/ros2_ws/install/my_box_bot_gazebo/share/my_box_bot_gazebo/hook/cmake_prefix_path.ps1'
[0.531s] INFO:colcon.colcon_core.shell:Creating environment descriptor '/home/ananya/ros2_ws/install/my_box_bot_gazebo/share/my_box_bot_gazebo/hook/cmake_prefix_path.dsv'
[0.532s] INFO:colcon.colcon_core.shell:Creating environment hook '/home/ananya/ros2_ws/install/my_box_bot_gazebo/share/my_box_bot_gazebo/hook/cmake_prefix_path.sh'
[0.532s] Level 1:colcon.colcon_core.environment:checking '/home/ananya/ros2_ws/install/my_box_bot_gazebo/bin'
[0.532s] Level 1:colcon.colcon_core.environment:checking '/home/ananya/ros2_ws/install/my_box_bot_gazebo/lib/pkgconfig/my_box_bot_gazebo.pc'
[0.532s] Level 1:colcon.colcon_core.environment:checking '/home/ananya/ros2_ws/install/my_box_bot_gazebo/lib/python3.10/site-packages'
[0.532s] Level 1:colcon.colcon_core.environment:checking '/home/ananya/ros2_ws/install/my_box_bot_gazebo/bin'
[0.533s] INFO:colcon.colcon_core.shell:Creating package script '/home/ananya/ros2_ws/install/my_box_bot_gazebo/share/my_box_bot_gazebo/package.ps1'
[0.534s] INFO:colcon.colcon_core.shell:Creating package descriptor '/home/ananya/ros2_ws/install/my_box_bot_gazebo/share/my_box_bot_gazebo/package.dsv'
[0.534s] INFO:colcon.colcon_core.shell:Creating package script '/home/ananya/ros2_ws/install/my_box_bot_gazebo/share/my_box_bot_gazebo/package.sh'
[0.534s] INFO:colcon.colcon_core.shell:Creating package script '/home/ananya/ros2_ws/install/my_box_bot_gazebo/share/my_box_bot_gazebo/package.bash'
[0.534s] INFO:colcon.colcon_core.shell:Creating package script '/home/ananya/ros2_ws/install/my_box_bot_gazebo/share/my_box_bot_gazebo/package.zsh'
[0.534s] Level 1:colcon.colcon_core.environment:create_file_with_runtime_dependencies(/home/ananya/ros2_ws/install/my_box_bot_gazebo/share/colcon-core/packages/my_box_bot_gazebo)
[0.552s] Level 1:colcon.colcon_core.environment:create_environment_scripts_only(my_box_bot_gazebo)
[0.553s] Level 1:colcon.colcon_core.environment:checking '/home/ananya/ros2_ws/install/my_box_bot_gazebo' for CMake module files
[0.554s] Level 1:colcon.colcon_core.environment:checking '/home/ananya/ros2_ws/install/my_box_bot_gazebo' for CMake config files
[0.554s] Level 1:colcon.colcon_core.shell:create_environment_hook('my_box_bot_gazebo', 'cmake_prefix_path')
[0.555s] INFO:colcon.colcon_core.shell:Creating environment hook '/home/ananya/ros2_ws/install/my_box_bot_gazebo/share/my_box_bot_gazebo/hook/cmake_prefix_path.ps1'
[0.555s] INFO:colcon.colcon_core.shell:Creating environment descriptor '/home/ananya/ros2_ws/install/my_box_bot_gazebo/share/my_box_bot_gazebo/hook/cmake_prefix_path.dsv'
[0.555s] INFO:colcon.colcon_core.shell:Creating environment hook '/home/ananya/ros2_ws/install/my_box_bot_gazebo/share/my_box_bot_gazebo/hook/cmake_prefix_path.sh'
[0.556s] Level 1:colcon.colcon_core.environment:checking '/home/ananya/ros2_ws/install/my_box_bot_gazebo/bin'
[0.556s] Level 1:colcon.colcon_core.environment:checking '/home/ananya/ros2_ws/install/my_box_bot_gazebo/lib/pkgconfig/my_box_bot_gazebo.pc'
[0.556s] Level 1:colcon.colcon_core.environment:checking '/home/ananya/ros2_ws/install/my_box_bot_gazebo/lib/python3.10/site-packages'
[0.556s] Level 1:colcon.colcon_core.environment:checking '/home/ananya/ros2_ws/install/my_box_bot_gazebo/bin'
[0.557s] INFO:colcon.colcon_core.shell:Creating package script '/home/ananya/ros2_ws/install/my_box_bot_gazebo/share/my_box_bot_gazebo/package.ps1'
[0.558s] INFO:colcon.colcon_core.shell:Creating package descriptor '/home/ananya/ros2_ws/install/my_box_bot_gazebo/share/my_box_bot_gazebo/package.dsv'
[0.558s] INFO:colcon.colcon_core.shell:Creating package script '/home/ananya/ros2_ws/install/my_box_bot_gazebo/share/my_box_bot_gazebo/package.sh'
[0.558s] INFO:colcon.colcon_core.shell:Creating package script '/home/ananya/ros2_ws/install/my_box_bot_gazebo/share/my_box_bot_gazebo/package.bash'
[0.559s] INFO:colcon.colcon_core.shell:Creating package script '/home/ananya/ros2_ws/install/my_box_bot_gazebo/share/my_box_bot_gazebo/package.zsh'
[0.559s] Level 1:colcon.colcon_core.environment:create_file_with_runtime_dependencies(/home/ananya/ros2_ws/install/my_box_bot_gazebo/share/colcon-core/packages/my_box_bot_gazebo)
[0.559s] DEBUG:colcon.colcon_parallel_executor.executor.parallel:closing loop
[0.559s] DEBUG:colcon.colcon_parallel_executor.executor.parallel:loop closed
[0.559s] DEBUG:colcon.colcon_parallel_executor.executor.parallel:run_until_complete finished with '0'
[0.559s] DEBUG:colcon.colcon_core.event_reactor:joining thread
[0.563s] INFO:colcon.colcon_core.plugin_system:Skipping extension 'colcon_notification.desktop_notification.terminal_notifier': Not used on non-Darwin systems
[0.563s] INFO:colcon.colcon_core.plugin_system:Skipping extension 'colcon_notification.desktop_notification.win32': Not used on non-Windows systems
[0.563s] INFO:colcon.colcon_notification.desktop_notification:Sending desktop notification using 'notify2'
[0.572s] DEBUG:colcon.colcon_core.event_reactor:joined thread
[0.573s] INFO:colcon.colcon_core.shell:Creating prefix script '/home/ananya/ros2_ws/install/local_setup.ps1'
[0.574s] INFO:colcon.colcon_core.shell:Creating prefix util module '/home/ananya/ros2_ws/install/_local_setup_util_ps1.py'
[0.575s] INFO:colcon.colcon_core.shell:Creating prefix chain script '/home/ananya/ros2_ws/install/setup.ps1'
[0.576s] INFO:colcon.colcon_core.shell:Creating prefix script '/home/ananya/ros2_ws/install/local_setup.sh'
[0.576s] INFO:colcon.colcon_core.shell:Creating prefix util module '/home/ananya/ros2_ws/install/_local_setup_util_sh.py'
[0.577s] INFO:colcon.colcon_core.shell:Creating prefix chain script '/home/ananya/ros2_ws/install/setup.sh'
[0.578s] INFO:colcon.colcon_core.shell:Creating prefix script '/home/ananya/ros2_ws/install/local_setup.bash'
[0.578s] INFO:colcon.colcon_core.shell:Creating prefix chain script '/home/ananya/ros2_ws/install/setup.bash'
[0.579s] INFO:colcon.colcon_core.shell:Creating prefix script '/home/ananya/ros2_ws/install/local_setup.zsh'
[0.579s] INFO:colcon.colcon_core.shell:Creating prefix chain script '/home/ananya/ros2_ws/install/setup.zsh'
