[0.253s] DEBUG:colcon:Command line arguments: ['/usr/bin/colcon', 'build']
[0.253s] DEBUG:colcon:Parsed command line arguments: Namespace(log_base=None, log_level=None, verb_name='build', build_base='build', install_base='install', merge_install=False, symlink_install=False, test_result_base=None, continue_on_error=False, executor='parallel', parallel_workers=8, event_handlers=None, ignore_user_meta=False, metas=['./colcon.meta'], base_paths=['.'], packages_ignore=None, packages_ignore_regex=None, paths=None, packages_up_to=None, packages_up_to_regex=None, packages_above=None, packages_above_and_dependencies=None, packages_above_depth=None, packages_select_by_dep=None, packages_skip_by_dep=None, packages_skip_up_to=None, packages_select_build_failed=False, packages_skip_build_finished=False, packages_select_test_failures=False, packages_skip_test_passed=False, packages_select=None, packages_skip=None, packages_select_regex=None, packages_skip_regex=None, packages_start=None, packages_end=None, allow_overriding=[], cmake_args=None, cmake_target=None, cmake_target_skip_unavailable=False, cmake_clean_cache=False, cmake_clean_first=False, cmake_force_configure=False, ament_cmake_args=None, catkin_cmake_args=None, catkin_skip_building_tests=False, verb_parser=<colcon_defaults.argument_parser.defaults.DefaultArgumentsDecorator object at 0x7fe36d9a3550>, verb_extension=<colcon_core.verb.build.BuildVerb object at 0x7fe36d9a2fe0>, main=<bound method BuildVerb.main of <colcon_core.verb.build.BuildVerb object at 0x7fe36d9a2fe0>>)
[0.271s] Level 1:colcon.colcon_core.package_discovery:discover_packages(colcon_meta) check parameters
[0.271s] Level 1:colcon.colcon_core.package_discovery:discover_packages(recursive) check parameters
[0.271s] Level 1:colcon.colcon_core.package_discovery:discover_packages(ignore) check parameters
[0.271s] Level 1:colcon.colcon_core.package_discovery:discover_packages(path) check parameters
[0.271s] Level 1:colcon.colcon_core.package_discovery:discover_packages(colcon_meta) discover
[0.271s] Level 1:colcon.colcon_core.package_discovery:discover_packages(recursive) discover
[0.272s] INFO:colcon.colcon_core.package_discovery:Crawling recursively for packages in '/home/ananya/ros2_ws'
[0.272s] Level 1:colcon.colcon_core.package_identification:_identify(.) by extensions ['ignore', 'ignore_ament_install']
[0.272s] Level 1:colcon.colcon_core.package_identification:_identify(.) by extension 'ignore'
[0.272s] Level 1:colcon.colcon_core.package_identification:_identify(.) by extension 'ignore_ament_install'
[0.272s] Level 1:colcon.colcon_core.package_identification:_identify(.) by extensions ['colcon_pkg']
[0.272s] Level 1:colcon.colcon_core.package_identification:_identify(.) by extension 'colcon_pkg'
[0.272s] Level 1:colcon.colcon_core.package_identification:_identify(.) by extensions ['colcon_meta']
[0.272s] Level 1:colcon.colcon_core.package_identification:_identify(.) by extension 'colcon_meta'
[0.272s] Level 1:colcon.colcon_core.package_identification:_identify(.) by extensions ['ros']
[0.272s] Level 1:colcon.colcon_core.package_identification:_identify(.) by extension 'ros'
[0.281s] Level 1:colcon.colcon_core.package_identification:_identify(.) by extensions ['cmake', 'python']
[0.281s] Level 1:colcon.colcon_core.package_identification:_identify(.) by extension 'cmake'
[0.281s] Level 1:colcon.colcon_core.package_identification:_identify(.) by extension 'python'
[0.281s] Level 1:colcon.colcon_core.package_identification:_identify(.) by extensions ['python_setup_py']
[0.281s] Level 1:colcon.colcon_core.package_identification:_identify(.) by extension 'python_setup_py'
[0.281s] Level 1:colcon.colcon_core.package_identification:_identify(build) by extensions ['ignore', 'ignore_ament_install']
[0.281s] Level 1:colcon.colcon_core.package_identification:_identify(build) by extension 'ignore'
[0.281s] Level 1:colcon.colcon_core.package_identification:_identify(build) ignored
[0.281s] Level 1:colcon.colcon_core.package_identification:_identify(install) by extensions ['ignore', 'ignore_ament_install']
[0.281s] Level 1:colcon.colcon_core.package_identification:_identify(install) by extension 'ignore'
[0.281s] Level 1:colcon.colcon_core.package_identification:_identify(install) ignored
[0.281s] Level 1:colcon.colcon_core.package_identification:_identify(log) by extensions ['ignore', 'ignore_ament_install']
[0.282s] Level 1:colcon.colcon_core.package_identification:_identify(log) by extension 'ignore'
[0.282s] Level 1:colcon.colcon_core.package_identification:_identify(log) ignored
[0.282s] Level 1:colcon.colcon_core.package_identification:_identify(src) by extensions ['ignore', 'ignore_ament_install']
[0.282s] Level 1:colcon.colcon_core.package_identification:_identify(src) by extension 'ignore'
[0.282s] Level 1:colcon.colcon_core.package_identification:_identify(src) by extension 'ignore_ament_install'
[0.282s] Level 1:colcon.colcon_core.package_identification:_identify(src) by extensions ['colcon_pkg']
[0.282s] Level 1:colcon.colcon_core.package_identification:_identify(src) by extension 'colcon_pkg'
[0.282s] Level 1:colcon.colcon_core.package_identification:_identify(src) by extensions ['colcon_meta']
[0.282s] Level 1:colcon.colcon_core.package_identification:_identify(src) by extension 'colcon_meta'
[0.282s] Level 1:colcon.colcon_core.package_identification:_identify(src) by extensions ['ros']
[0.282s] Level 1:colcon.colcon_core.package_identification:_identify(src) by extension 'ros'
[0.282s] Level 1:colcon.colcon_core.package_identification:_identify(src) by extensions ['cmake', 'python']
[0.282s] Level 1:colcon.colcon_core.package_identification:_identify(src) by extension 'cmake'
[0.282s] Level 1:colcon.colcon_core.package_identification:_identify(src) by extension 'python'
[0.282s] Level 1:colcon.colcon_core.package_identification:_identify(src) by extensions ['python_setup_py']
[0.282s] Level 1:colcon.colcon_core.package_identification:_identify(src) by extension 'python_setup_py'
[0.282s] Level 1:colcon.colcon_core.package_identification:_identify(src/my_box_bot_description) by extensions ['ignore', 'ignore_ament_install']
[0.282s] Level 1:colcon.colcon_core.package_identification:_identify(src/my_box_bot_description) by extension 'ignore'
[0.282s] Level 1:colcon.colcon_core.package_identification:_identify(src/my_box_bot_description) by extension 'ignore_ament_install'
[0.282s] Level 1:colcon.colcon_core.package_identification:_identify(src/my_box_bot_description) by extensions ['colcon_pkg']
[0.282s] Level 1:colcon.colcon_core.package_identification:_identify(src/my_box_bot_description) by extension 'colcon_pkg'
[0.282s] Level 1:colcon.colcon_core.package_identification:_identify(src/my_box_bot_description) by extensions ['colcon_meta']
[0.282s] Level 1:colcon.colcon_core.package_identification:_identify(src/my_box_bot_description) by extension 'colcon_meta'
[0.282s] Level 1:colcon.colcon_core.package_identification:_identify(src/my_box_bot_description) by extensions ['ros']
[0.282s] Level 1:colcon.colcon_core.package_identification:_identify(src/my_box_bot_description) by extension 'ros'
[0.284s] DEBUG:colcon.colcon_core.package_identification:Package 'src/my_box_bot_description' with type 'ros.ament_cmake' and name 'my_box_bot_description'
[0.284s] Level 1:colcon.colcon_core.package_identification:_identify(src/my_box_bot_gazebo) by extensions ['ignore', 'ignore_ament_install']
[0.284s] Level 1:colcon.colcon_core.package_identification:_identify(src/my_box_bot_gazebo) by extension 'ignore'
[0.284s] Level 1:colcon.colcon_core.package_identification:_identify(src/my_box_bot_gazebo) by extension 'ignore_ament_install'
[0.284s] Level 1:colcon.colcon_core.package_identification:_identify(src/my_box_bot_gazebo) by extensions ['colcon_pkg']
[0.285s] Level 1:colcon.colcon_core.package_identification:_identify(src/my_box_bot_gazebo) by extension 'colcon_pkg'
[0.285s] Level 1:colcon.colcon_core.package_identification:_identify(src/my_box_bot_gazebo) by extensions ['colcon_meta']
[0.285s] Level 1:colcon.colcon_core.package_identification:_identify(src/my_box_bot_gazebo) by extension 'colcon_meta'
[0.285s] Level 1:colcon.colcon_core.package_identification:_identify(src/my_box_bot_gazebo) by extensions ['ros']
[0.285s] Level 1:colcon.colcon_core.package_identification:_identify(src/my_box_bot_gazebo) by extension 'ros'
[0.285s] DEBUG:colcon.colcon_core.package_identification:Package 'src/my_box_bot_gazebo' with type 'ros.ament_cmake' and name 'my_box_bot_gazebo'
[0.286s] Level 1:colcon.colcon_core.package_identification:_identify(src/my_robot_bringup) by extensions ['ignore', 'ignore_ament_install']
[0.286s] Level 1:colcon.colcon_core.package_identification:_identify(src/my_robot_bringup) by extension 'ignore'
[0.286s] Level 1:colcon.colcon_core.package_identification:_identify(src/my_robot_bringup) by extension 'ignore_ament_install'
[0.286s] Level 1:colcon.colcon_core.package_identification:_identify(src/my_robot_bringup) by extensions ['colcon_pkg']
[0.286s] Level 1:colcon.colcon_core.package_identification:_identify(src/my_robot_bringup) by extension 'colcon_pkg'
[0.286s] Level 1:colcon.colcon_core.package_identification:_identify(src/my_robot_bringup) by extensions ['colcon_meta']
[0.286s] Level 1:colcon.colcon_core.package_identification:_identify(src/my_robot_bringup) by extension 'colcon_meta'
[0.286s] Level 1:colcon.colcon_core.package_identification:_identify(src/my_robot_bringup) by extensions ['ros']
[0.286s] Level 1:colcon.colcon_core.package_identification:_identify(src/my_robot_bringup) by extension 'ros'
[0.286s] DEBUG:colcon.colcon_core.package_identification:Package 'src/my_robot_bringup' with type 'ros.ament_cmake' and name 'gazebo_test'
[0.286s] Level 1:colcon.colcon_core.package_discovery:discover_packages(recursive) using defaults
[0.286s] Level 1:colcon.colcon_core.package_discovery:discover_packages(ignore) discover
[0.286s] Level 1:colcon.colcon_core.package_discovery:discover_packages(ignore) using defaults
[0.286s] Level 1:colcon.colcon_core.package_discovery:discover_packages(path) discover
[0.286s] Level 1:colcon.colcon_core.package_discovery:discover_packages(path) using defaults
[0.304s] Level 1:colcon.colcon_core.package_discovery:discover_packages(prefix_path) check parameters
[0.304s] Level 1:colcon.colcon_core.package_discovery:discover_packages(prefix_path) discover
[0.306s] DEBUG:colcon.colcon_installed_package_information.package_discovery:Found 337 installed packages in /opt/ros/humble
[0.308s] Level 1:colcon.colcon_core.package_discovery:discover_packages(prefix_path) using defaults
[0.355s] Level 5:colcon.colcon_core.verb:set package 'gazebo_test' build argument 'cmake_args' from command line to 'None'
[0.355s] Level 5:colcon.colcon_core.verb:set package 'gazebo_test' build argument 'cmake_target' from command line to 'None'
[0.355s] Level 5:colcon.colcon_core.verb:set package 'gazebo_test' build argument 'cmake_target_skip_unavailable' from command line to 'False'
[0.355s] Level 5:colcon.colcon_core.verb:set package 'gazebo_test' build argument 'cmake_clean_cache' from command line to 'False'
[0.355s] Level 5:colcon.colcon_core.verb:set package 'gazebo_test' build argument 'cmake_clean_first' from command line to 'False'
[0.355s] Level 5:colcon.colcon_core.verb:set package 'gazebo_test' build argument 'cmake_force_configure' from command line to 'False'
[0.355s] Level 5:colcon.colcon_core.verb:set package 'gazebo_test' build argument 'ament_cmake_args' from command line to 'None'
[0.355s] Level 5:colcon.colcon_core.verb:set package 'gazebo_test' build argument 'catkin_cmake_args' from command line to 'None'
[0.355s] Level 5:colcon.colcon_core.verb:set package 'gazebo_test' build argument 'catkin_skip_building_tests' from command line to 'False'
[0.355s] DEBUG:colcon.colcon_core.verb:Building package 'gazebo_test' with the following arguments: {'ament_cmake_args': None, 'build_base': '/home/ananya/ros2_ws/build/gazebo_test', 'catkin_cmake_args': None, 'catkin_skip_building_tests': False, 'cmake_args': None, 'cmake_clean_cache': False, 'cmake_clean_first': False, 'cmake_force_configure': False, 'cmake_target': None, 'cmake_target_skip_unavailable': False, 'install_base': '/home/ananya/ros2_ws/install/gazebo_test', 'merge_install': False, 'path': '/home/ananya/ros2_ws/src/my_robot_bringup', 'symlink_install': False, 'test_result_base': None}
[0.356s] Level 5:colcon.colcon_core.verb:set package 'my_box_bot_description' build argument 'cmake_args' from command line to 'None'
[0.356s] Level 5:colcon.colcon_core.verb:set package 'my_box_bot_description' build argument 'cmake_target' from command line to 'None'
[0.356s] Level 5:colcon.colcon_core.verb:set package 'my_box_bot_description' build argument 'cmake_target_skip_unavailable' from command line to 'False'
[0.356s] Level 5:colcon.colcon_core.verb:set package 'my_box_bot_description' build argument 'cmake_clean_cache' from command line to 'False'
[0.356s] Level 5:colcon.colcon_core.verb:set package 'my_box_bot_description' build argument 'cmake_clean_first' from command line to 'False'
[0.356s] Level 5:colcon.colcon_core.verb:set package 'my_box_bot_description' build argument 'cmake_force_configure' from command line to 'False'
[0.356s] Level 5:colcon.colcon_core.verb:set package 'my_box_bot_description' build argument 'ament_cmake_args' from command line to 'None'
[0.356s] Level 5:colcon.colcon_core.verb:set package 'my_box_bot_description' build argument 'catkin_cmake_args' from command line to 'None'
[0.356s] Level 5:colcon.colcon_core.verb:set package 'my_box_bot_description' build argument 'catkin_skip_building_tests' from command line to 'False'
[0.356s] DEBUG:colcon.colcon_core.verb:Building package 'my_box_bot_description' with the following arguments: {'ament_cmake_args': None, 'build_base': '/home/ananya/ros2_ws/build/my_box_bot_description', 'catkin_cmake_args': None, 'catkin_skip_building_tests': False, 'cmake_args': None, 'cmake_clean_cache': False, 'cmake_clean_first': False, 'cmake_force_configure': False, 'cmake_target': None, 'cmake_target_skip_unavailable': False, 'install_base': '/home/ananya/ros2_ws/install/my_box_bot_description', 'merge_install': False, 'path': '/home/ananya/ros2_ws/src/my_box_bot_description', 'symlink_install': False, 'test_result_base': None}
[0.357s] Level 5:colcon.colcon_core.verb:set package 'my_box_bot_gazebo' build argument 'cmake_args' from command line to 'None'
[0.357s] Level 5:colcon.colcon_core.verb:set package 'my_box_bot_gazebo' build argument 'cmake_target' from command line to 'None'
[0.357s] Level 5:colcon.colcon_core.verb:set package 'my_box_bot_gazebo' build argument 'cmake_target_skip_unavailable' from command line to 'False'
[0.357s] Level 5:colcon.colcon_core.verb:set package 'my_box_bot_gazebo' build argument 'cmake_clean_cache' from command line to 'False'
[0.357s] Level 5:colcon.colcon_core.verb:set package 'my_box_bot_gazebo' build argument 'cmake_clean_first' from command line to 'False'
[0.357s] Level 5:colcon.colcon_core.verb:set package 'my_box_bot_gazebo' build argument 'cmake_force_configure' from command line to 'False'
[0.357s] Level 5:colcon.colcon_core.verb:set package 'my_box_bot_gazebo' build argument 'ament_cmake_args' from command line to 'None'
[0.357s] Level 5:colcon.colcon_core.verb:set package 'my_box_bot_gazebo' build argument 'catkin_cmake_args' from command line to 'None'
[0.357s] Level 5:colcon.colcon_core.verb:set package 'my_box_bot_gazebo' build argument 'catkin_skip_building_tests' from command line to 'False'
[0.357s] DEBUG:colcon.colcon_core.verb:Building package 'my_box_bot_gazebo' with the following arguments: {'ament_cmake_args': None, 'build_base': '/home/ananya/ros2_ws/build/my_box_bot_gazebo', 'catkin_cmake_args': None, 'catkin_skip_building_tests': False, 'cmake_args': None, 'cmake_clean_cache': False, 'cmake_clean_first': False, 'cmake_force_configure': False, 'cmake_target': None, 'cmake_target_skip_unavailable': False, 'install_base': '/home/ananya/ros2_ws/install/my_box_bot_gazebo', 'merge_install': False, 'path': '/home/ananya/ros2_ws/src/my_box_bot_gazebo', 'symlink_install': False, 'test_result_base': None}
[0.357s] INFO:colcon.colcon_core.executor:Executing jobs using 'parallel' executor
[0.360s] DEBUG:colcon.colcon_parallel_executor.executor.parallel:run_until_complete
[0.360s] INFO:colcon.colcon_ros.task.ament_cmake.build:Building ROS package in '/home/ananya/ros2_ws/src/my_box_bot_description' with build type 'ament_cmake'
[0.360s] INFO:colcon.colcon_cmake.task.cmake.build:Building CMake package in '/home/ananya/ros2_ws/src/my_box_bot_description'
[0.363s] INFO:colcon.colcon_core.plugin_system:Skipping extension 'colcon_core.shell.bat': Not used on non-Windows systems
[0.363s] INFO:colcon.colcon_core.shell:Skip shell extension 'powershell' for command environment: Not usable outside of PowerShell
[0.363s] DEBUG:colcon.colcon_core.shell:Skip shell extension 'dsv' for command environment
[0.366s] INFO:colcon.colcon_ros.task.ament_cmake.build:Building ROS package in '/home/ananya/ros2_ws/src/my_robot_bringup' with build type 'ament_cmake'
[0.366s] INFO:colcon.colcon_cmake.task.cmake.build:Building CMake package in '/home/ananya/ros2_ws/src/my_robot_bringup'
[0.367s] INFO:colcon.colcon_core.shell:Skip shell extension 'powershell' for command environment: Not usable outside of PowerShell
[0.367s] DEBUG:colcon.colcon_core.shell:Skip shell extension 'dsv' for command environment
[0.374s] DEBUG:colcon.colcon_core.event_handler.log_command:Invoking command in '/home/ananya/ros2_ws/build/my_box_bot_description': CMAKE_PREFIX_PATH=/opt/ros/humble /usr/bin/cmake --build /home/ananya/ros2_ws/build/my_box_bot_description -- -j8 -l8
[0.376s] DEBUG:colcon.colcon_core.event_handler.log_command:Invoking command in '/home/ananya/ros2_ws/build/gazebo_test': CMAKE_PREFIX_PATH=/opt/ros/humble /usr/bin/cmake --build /home/ananya/ros2_ws/build/gazebo_test -- -j8 -l8
[0.404s] DEBUG:colcon.colcon_core.event_handler.log_command:Invoked command in '/home/ananya/ros2_ws/build/my_box_bot_description' returned '0': CMAKE_PREFIX_PATH=/opt/ros/humble /usr/bin/cmake --build /home/ananya/ros2_ws/build/my_box_bot_description -- -j8 -l8
[0.405s] DEBUG:colcon.colcon_core.event_handler.log_command:Invoked command in '/home/ananya/ros2_ws/build/gazebo_test' returned '0': CMAKE_PREFIX_PATH=/opt/ros/humble /usr/bin/cmake --build /home/ananya/ros2_ws/build/gazebo_test -- -j8 -l8
[0.428s] DEBUG:colcon.colcon_core.event_handler.log_command:Invoking command in '/home/ananya/ros2_ws/build/my_box_bot_description': CMAKE_PREFIX_PATH=/opt/ros/humble /usr/bin/cmake --install /home/ananya/ros2_ws/build/my_box_bot_description
[0.430s] DEBUG:colcon.colcon_core.event_handler.log_command:Invoking command in '/home/ananya/ros2_ws/build/gazebo_test': CMAKE_PREFIX_PATH=/opt/ros/humble /usr/bin/cmake --install /home/ananya/ros2_ws/build/gazebo_test
[0.436s] Level 1:colcon.colcon_core.environment:create_environment_scripts_only(my_box_bot_description)
[0.438s] DEBUG:colcon.colcon_core.event_handler.log_command:Invoked command in '/home/ananya/ros2_ws/build/my_box_bot_description' returned '0': CMAKE_PREFIX_PATH=/opt/ros/humble /usr/bin/cmake --install /home/ananya/ros2_ws/build/my_box_bot_description
[0.440s] Level 1:colcon.colcon_core.environment:checking '/home/ananya/ros2_ws/install/my_box_bot_description' for CMake module files
[0.441s] Level 1:colcon.colcon_core.environment:checking '/home/ananya/ros2_ws/install/my_box_bot_description' for CMake config files
[0.441s] Level 1:colcon.colcon_core.shell:create_environment_hook('my_box_bot_description', 'cmake_prefix_path')
[0.442s] INFO:colcon.colcon_core.shell:Creating environment hook '/home/ananya/ros2_ws/install/my_box_bot_description/share/my_box_bot_description/hook/cmake_prefix_path.ps1'
[0.442s] INFO:colcon.colcon_core.shell:Creating environment descriptor '/home/ananya/ros2_ws/install/my_box_bot_description/share/my_box_bot_description/hook/cmake_prefix_path.dsv'
[0.443s] INFO:colcon.colcon_core.shell:Creating environment hook '/home/ananya/ros2_ws/install/my_box_bot_description/share/my_box_bot_description/hook/cmake_prefix_path.sh'
[0.444s] Level 1:colcon.colcon_core.environment:checking '/home/ananya/ros2_ws/install/my_box_bot_description/bin'
[0.444s] Level 1:colcon.colcon_core.environment:checking '/home/ananya/ros2_ws/install/my_box_bot_description/lib/pkgconfig/my_box_bot_description.pc'
[0.444s] Level 1:colcon.colcon_core.environment:checking '/home/ananya/ros2_ws/install/my_box_bot_description/lib/python3.10/site-packages'
[0.444s] Level 1:colcon.colcon_core.environment:checking '/home/ananya/ros2_ws/install/my_box_bot_description/bin'
[0.445s] INFO:colcon.colcon_core.shell:Creating package script '/home/ananya/ros2_ws/install/my_box_bot_description/share/my_box_bot_description/package.ps1'
[0.445s] INFO:colcon.colcon_core.shell:Creating package descriptor '/home/ananya/ros2_ws/install/my_box_bot_description/share/my_box_bot_description/package.dsv'
[0.446s] INFO:colcon.colcon_core.shell:Creating package script '/home/ananya/ros2_ws/install/my_box_bot_description/share/my_box_bot_description/package.sh'
[0.446s] INFO:colcon.colcon_core.shell:Creating package script '/home/ananya/ros2_ws/install/my_box_bot_description/share/my_box_bot_description/package.bash'
[0.447s] INFO:colcon.colcon_core.shell:Creating package script '/home/ananya/ros2_ws/install/my_box_bot_description/share/my_box_bot_description/package.zsh'
[0.447s] Level 1:colcon.colcon_core.environment:create_file_with_runtime_dependencies(/home/ananya/ros2_ws/install/my_box_bot_description/share/colcon-core/packages/my_box_bot_description)
[0.448s] Level 1:colcon.colcon_core.environment:create_environment_scripts_only(gazebo_test)
[0.450s] Level 1:colcon.colcon_core.environment:checking '/home/ananya/ros2_ws/install/gazebo_test' for CMake module files
[0.450s] DEBUG:colcon.colcon_core.event_handler.log_command:Invoked command in '/home/ananya/ros2_ws/build/gazebo_test' returned '0': CMAKE_PREFIX_PATH=/opt/ros/humble /usr/bin/cmake --install /home/ananya/ros2_ws/build/gazebo_test
[0.450s] Level 1:colcon.colcon_core.environment:checking '/home/ananya/ros2_ws/install/gazebo_test' for CMake config files
[0.450s] Level 1:colcon.colcon_core.shell:create_environment_hook('gazebo_test', 'cmake_prefix_path')
[0.451s] INFO:colcon.colcon_core.shell:Creating environment hook '/home/ananya/ros2_ws/install/gazebo_test/share/gazebo_test/hook/cmake_prefix_path.ps1'
[0.452s] INFO:colcon.colcon_core.shell:Creating environment descriptor '/home/ananya/ros2_ws/install/gazebo_test/share/gazebo_test/hook/cmake_prefix_path.dsv'
[0.452s] INFO:colcon.colcon_core.shell:Creating environment hook '/home/ananya/ros2_ws/install/gazebo_test/share/gazebo_test/hook/cmake_prefix_path.sh'
[0.452s] Level 1:colcon.colcon_core.environment:checking '/home/ananya/ros2_ws/install/gazebo_test/bin'
[0.452s] Level 1:colcon.colcon_core.environment:checking '/home/ananya/ros2_ws/install/gazebo_test/lib/pkgconfig/gazebo_test.pc'
[0.453s] Level 1:colcon.colcon_core.environment:checking '/home/ananya/ros2_ws/install/gazebo_test/lib/python3.10/site-packages'
[0.453s] Level 1:colcon.colcon_core.environment:checking '/home/ananya/ros2_ws/install/gazebo_test/bin'
[0.454s] INFO:colcon.colcon_core.shell:Creating package script '/home/ananya/ros2_ws/install/gazebo_test/share/gazebo_test/package.ps1'
[0.454s] INFO:colcon.colcon_core.shell:Creating package descriptor '/home/ananya/ros2_ws/install/gazebo_test/share/gazebo_test/package.dsv'
[0.454s] INFO:colcon.colcon_core.shell:Creating package script '/home/ananya/ros2_ws/install/gazebo_test/share/gazebo_test/package.sh'
[0.455s] INFO:colcon.colcon_core.shell:Creating package script '/home/ananya/ros2_ws/install/gazebo_test/share/gazebo_test/package.bash'
[0.455s] INFO:colcon.colcon_core.shell:Creating package script '/home/ananya/ros2_ws/install/gazebo_test/share/gazebo_test/package.zsh'
[0.455s] Level 1:colcon.colcon_core.environment:create_file_with_runtime_dependencies(/home/ananya/ros2_ws/install/gazebo_test/share/colcon-core/packages/gazebo_test)
[0.464s] Level 1:colcon.colcon_core.environment:create_environment_scripts_only(my_box_bot_description)
[0.465s] Level 1:colcon.colcon_core.environment:checking '/home/ananya/ros2_ws/install/my_box_bot_description' for CMake module files
[0.466s] Level 1:colcon.colcon_core.environment:checking '/home/ananya/ros2_ws/install/my_box_bot_description' for CMake config files
[0.466s] Level 1:colcon.colcon_core.shell:create_environment_hook('my_box_bot_description', 'cmake_prefix_path')
[0.467s] INFO:colcon.colcon_core.shell:Creating environment hook '/home/ananya/ros2_ws/install/my_box_bot_description/share/my_box_bot_description/hook/cmake_prefix_path.ps1'
[0.467s] INFO:colcon.colcon_core.shell:Creating environment descriptor '/home/ananya/ros2_ws/install/my_box_bot_description/share/my_box_bot_description/hook/cmake_prefix_path.dsv'
[0.468s] INFO:colcon.colcon_core.shell:Creating environment hook '/home/ananya/ros2_ws/install/my_box_bot_description/share/my_box_bot_description/hook/cmake_prefix_path.sh'
[0.468s] Level 1:colcon.colcon_core.environment:checking '/home/ananya/ros2_ws/install/my_box_bot_description/bin'
[0.468s] Level 1:colcon.colcon_core.environment:checking '/home/ananya/ros2_ws/install/my_box_bot_description/lib/pkgconfig/my_box_bot_description.pc'
[0.468s] Level 1:colcon.colcon_core.environment:checking '/home/ananya/ros2_ws/install/my_box_bot_description/lib/python3.10/site-packages'
[0.468s] Level 1:colcon.colcon_core.environment:checking '/home/ananya/ros2_ws/install/my_box_bot_description/bin'
[0.469s] INFO:colcon.colcon_core.shell:Creating package script '/home/ananya/ros2_ws/install/my_box_bot_description/share/my_box_bot_description/package.ps1'
[0.470s] INFO:colcon.colcon_core.shell:Creating package descriptor '/home/ananya/ros2_ws/install/my_box_bot_description/share/my_box_bot_description/package.dsv'
[0.470s] INFO:colcon.colcon_core.shell:Creating package script '/home/ananya/ros2_ws/install/my_box_bot_description/share/my_box_bot_description/package.sh'
[0.470s] INFO:colcon.colcon_core.shell:Creating package script '/home/ananya/ros2_ws/install/my_box_bot_description/share/my_box_bot_description/package.bash'
[0.471s] INFO:colcon.colcon_core.shell:Creating package script '/home/ananya/ros2_ws/install/my_box_bot_description/share/my_box_bot_description/package.zsh'
[0.471s] Level 1:colcon.colcon_core.environment:create_file_with_runtime_dependencies(/home/ananya/ros2_ws/install/my_box_bot_description/share/colcon-core/packages/my_box_bot_description)
[0.472s] INFO:colcon.colcon_ros.task.ament_cmake.build:Building ROS package in '/home/ananya/ros2_ws/src/my_box_bot_gazebo' with build type 'ament_cmake'
[0.472s] INFO:colcon.colcon_cmake.task.cmake.build:Building CMake package in '/home/ananya/ros2_ws/src/my_box_bot_gazebo'
[0.473s] INFO:colcon.colcon_core.shell:Skip shell extension 'powershell' for command environment: Not usable outside of PowerShell
[0.473s] DEBUG:colcon.colcon_core.shell:Skip shell extension 'dsv' for command environment
[0.477s] Level 1:colcon.colcon_core.environment:create_environment_scripts_only(gazebo_test)
[0.479s] Level 1:colcon.colcon_core.environment:checking '/home/ananya/ros2_ws/install/gazebo_test' for CMake module files
[0.479s] Level 1:colcon.colcon_core.environment:checking '/home/ananya/ros2_ws/install/gazebo_test' for CMake config files
[0.479s] Level 1:colcon.colcon_core.shell:create_environment_hook('gazebo_test', 'cmake_prefix_path')
[0.480s] INFO:colcon.colcon_core.shell:Creating environment hook '/home/ananya/ros2_ws/install/gazebo_test/share/gazebo_test/hook/cmake_prefix_path.ps1'
[0.481s] INFO:colcon.colcon_core.shell:Creating environment descriptor '/home/ananya/ros2_ws/install/gazebo_test/share/gazebo_test/hook/cmake_prefix_path.dsv'
[0.481s] INFO:colcon.colcon_core.shell:Creating environment hook '/home/ananya/ros2_ws/install/gazebo_test/share/gazebo_test/hook/cmake_prefix_path.sh'
[0.482s] Level 1:colcon.colcon_core.environment:checking '/home/ananya/ros2_ws/install/gazebo_test/bin'
[0.482s] Level 1:colcon.colcon_core.environment:checking '/home/ananya/ros2_ws/install/gazebo_test/lib/pkgconfig/gazebo_test.pc'
[0.482s] Level 1:colcon.colcon_core.environment:checking '/home/ananya/ros2_ws/install/gazebo_test/lib/python3.10/site-packages'
[0.482s] Level 1:colcon.colcon_core.environment:checking '/home/ananya/ros2_ws/install/gazebo_test/bin'
[0.483s] INFO:colcon.colcon_core.shell:Creating package script '/home/ananya/ros2_ws/install/gazebo_test/share/gazebo_test/package.ps1'
[0.484s] INFO:colcon.colcon_core.shell:Creating package descriptor '/home/ananya/ros2_ws/install/gazebo_test/share/gazebo_test/package.dsv'
[0.484s] INFO:colcon.colcon_core.shell:Creating package script '/home/ananya/ros2_ws/install/gazebo_test/share/gazebo_test/package.sh'
[0.484s] INFO:colcon.colcon_core.shell:Creating package script '/home/ananya/ros2_ws/install/gazebo_test/share/gazebo_test/package.bash'
[0.484s] INFO:colcon.colcon_core.shell:Creating package script '/home/ananya/ros2_ws/install/gazebo_test/share/gazebo_test/package.zsh'
[0.485s] Level 1:colcon.colcon_core.environment:create_file_with_runtime_dependencies(/home/ananya/ros2_ws/install/gazebo_test/share/colcon-core/packages/gazebo_test)
[0.488s] DEBUG:colcon.colcon_core.event_handler.log_command:Invoking command in '/home/ananya/ros2_ws/build/my_box_bot_gazebo': AMENT_PREFIX_PATH=/home/ananya/ros2_ws/install/my_box_bot_description:${AMENT_PREFIX_PATH} CMAKE_PREFIX_PATH=/home/ananya/ros2_ws/install/my_box_bot_description:/opt/ros/humble /usr/bin/cmake --build /home/ananya/ros2_ws/build/my_box_bot_gazebo -- -j8 -l8
[0.522s] DEBUG:colcon.colcon_core.event_handler.log_command:Invoked command in '/home/ananya/ros2_ws/build/my_box_bot_gazebo' returned '0': AMENT_PREFIX_PATH=/home/ananya/ros2_ws/install/my_box_bot_description:${AMENT_PREFIX_PATH} CMAKE_PREFIX_PATH=/home/ananya/ros2_ws/install/my_box_bot_description:/opt/ros/humble /usr/bin/cmake --build /home/ananya/ros2_ws/build/my_box_bot_gazebo -- -j8 -l8
[0.540s] DEBUG:colcon.colcon_core.event_handler.log_command:Invoking command in '/home/ananya/ros2_ws/build/my_box_bot_gazebo': AMENT_PREFIX_PATH=/home/ananya/ros2_ws/install/my_box_bot_description:${AMENT_PREFIX_PATH} CMAKE_PREFIX_PATH=/home/ananya/ros2_ws/install/my_box_bot_description:/opt/ros/humble /usr/bin/cmake --install /home/ananya/ros2_ws/build/my_box_bot_gazebo
[0.548s] Level 1:colcon.colcon_core.environment:create_environment_scripts_only(my_box_bot_gazebo)
[0.550s] Level 1:colcon.colcon_core.environment:checking '/home/ananya/ros2_ws/install/my_box_bot_gazebo' for CMake module files
[0.550s] DEBUG:colcon.colcon_core.event_handler.log_command:Invoked command in '/home/ananya/ros2_ws/build/my_box_bot_gazebo' returned '0': AMENT_PREFIX_PATH=/home/ananya/ros2_ws/install/my_box_bot_description:${AMENT_PREFIX_PATH} CMAKE_PREFIX_PATH=/home/ananya/ros2_ws/install/my_box_bot_description:/opt/ros/humble /usr/bin/cmake --install /home/ananya/ros2_ws/build/my_box_bot_gazebo
[0.550s] Level 1:colcon.colcon_core.environment:checking '/home/ananya/ros2_ws/install/my_box_bot_gazebo' for CMake config files
[0.551s] Level 1:colcon.colcon_core.shell:create_environment_hook('my_box_bot_gazebo', 'cmake_prefix_path')
[0.552s] INFO:colcon.colcon_core.shell:Creating environment hook '/home/ananya/ros2_ws/install/my_box_bot_gazebo/share/my_box_bot_gazebo/hook/cmake_prefix_path.ps1'
[0.552s] INFO:colcon.colcon_core.shell:Creating environment descriptor '/home/ananya/ros2_ws/install/my_box_bot_gazebo/share/my_box_bot_gazebo/hook/cmake_prefix_path.dsv'
[0.552s] INFO:colcon.colcon_core.shell:Creating environment hook '/home/ananya/ros2_ws/install/my_box_bot_gazebo/share/my_box_bot_gazebo/hook/cmake_prefix_path.sh'
[0.553s] Level 1:colcon.colcon_core.environment:checking '/home/ananya/ros2_ws/install/my_box_bot_gazebo/bin'
[0.553s] Level 1:colcon.colcon_core.environment:checking '/home/ananya/ros2_ws/install/my_box_bot_gazebo/lib/pkgconfig/my_box_bot_gazebo.pc'
[0.553s] Level 1:colcon.colcon_core.environment:checking '/home/ananya/ros2_ws/install/my_box_bot_gazebo/lib/python3.10/site-packages'
[0.553s] Level 1:colcon.colcon_core.environment:checking '/home/ananya/ros2_ws/install/my_box_bot_gazebo/bin'
[0.554s] INFO:colcon.colcon_core.shell:Creating package script '/home/ananya/ros2_ws/install/my_box_bot_gazebo/share/my_box_bot_gazebo/package.ps1'
[0.554s] INFO:colcon.colcon_core.shell:Creating package descriptor '/home/ananya/ros2_ws/install/my_box_bot_gazebo/share/my_box_bot_gazebo/package.dsv'
[0.555s] INFO:colcon.colcon_core.shell:Creating package script '/home/ananya/ros2_ws/install/my_box_bot_gazebo/share/my_box_bot_gazebo/package.sh'
[0.555s] INFO:colcon.colcon_core.shell:Creating package script '/home/ananya/ros2_ws/install/my_box_bot_gazebo/share/my_box_bot_gazebo/package.bash'
[0.555s] INFO:colcon.colcon_core.shell:Creating package script '/home/ananya/ros2_ws/install/my_box_bot_gazebo/share/my_box_bot_gazebo/package.zsh'
[0.555s] Level 1:colcon.colcon_core.environment:create_file_with_runtime_dependencies(/home/ananya/ros2_ws/install/my_box_bot_gazebo/share/colcon-core/packages/my_box_bot_gazebo)
[0.574s] Level 1:colcon.colcon_core.environment:create_environment_scripts_only(my_box_bot_gazebo)
[0.575s] Level 1:colcon.colcon_core.environment:checking '/home/ananya/ros2_ws/install/my_box_bot_gazebo' for CMake module files
[0.575s] Level 1:colcon.colcon_core.environment:checking '/home/ananya/ros2_ws/install/my_box_bot_gazebo' for CMake config files
[0.576s] Level 1:colcon.colcon_core.shell:create_environment_hook('my_box_bot_gazebo', 'cmake_prefix_path')
[0.577s] INFO:colcon.colcon_core.shell:Creating environment hook '/home/ananya/ros2_ws/install/my_box_bot_gazebo/share/my_box_bot_gazebo/hook/cmake_prefix_path.ps1'
[0.577s] INFO:colcon.colcon_core.shell:Creating environment descriptor '/home/ananya/ros2_ws/install/my_box_bot_gazebo/share/my_box_bot_gazebo/hook/cmake_prefix_path.dsv'
[0.578s] INFO:colcon.colcon_core.shell:Creating environment hook '/home/ananya/ros2_ws/install/my_box_bot_gazebo/share/my_box_bot_gazebo/hook/cmake_prefix_path.sh'
[0.578s] Level 1:colcon.colcon_core.environment:checking '/home/ananya/ros2_ws/install/my_box_bot_gazebo/bin'
[0.578s] Level 1:colcon.colcon_core.environment:checking '/home/ananya/ros2_ws/install/my_box_bot_gazebo/lib/pkgconfig/my_box_bot_gazebo.pc'
[0.578s] Level 1:colcon.colcon_core.environment:checking '/home/ananya/ros2_ws/install/my_box_bot_gazebo/lib/python3.10/site-packages'
[0.578s] Level 1:colcon.colcon_core.environment:checking '/home/ananya/ros2_ws/install/my_box_bot_gazebo/bin'
[0.579s] INFO:colcon.colcon_core.shell:Creating package script '/home/ananya/ros2_ws/install/my_box_bot_gazebo/share/my_box_bot_gazebo/package.ps1'
[0.580s] INFO:colcon.colcon_core.shell:Creating package descriptor '/home/ananya/ros2_ws/install/my_box_bot_gazebo/share/my_box_bot_gazebo/package.dsv'
[0.580s] INFO:colcon.colcon_core.shell:Creating package script '/home/ananya/ros2_ws/install/my_box_bot_gazebo/share/my_box_bot_gazebo/package.sh'
[0.580s] INFO:colcon.colcon_core.shell:Creating package script '/home/ananya/ros2_ws/install/my_box_bot_gazebo/share/my_box_bot_gazebo/package.bash'
[0.580s] INFO:colcon.colcon_core.shell:Creating package script '/home/ananya/ros2_ws/install/my_box_bot_gazebo/share/my_box_bot_gazebo/package.zsh'
[0.581s] Level 1:colcon.colcon_core.environment:create_file_with_runtime_dependencies(/home/ananya/ros2_ws/install/my_box_bot_gazebo/share/colcon-core/packages/my_box_bot_gazebo)
[0.581s] DEBUG:colcon.colcon_parallel_executor.executor.parallel:closing loop
[0.581s] DEBUG:colcon.colcon_parallel_executor.executor.parallel:loop closed
[0.581s] DEBUG:colcon.colcon_parallel_executor.executor.parallel:run_until_complete finished with '0'
[0.581s] DEBUG:colcon.colcon_core.event_reactor:joining thread
[0.585s] INFO:colcon.colcon_core.plugin_system:Skipping extension 'colcon_notification.desktop_notification.terminal_notifier': Not used on non-Darwin systems
[0.585s] INFO:colcon.colcon_core.plugin_system:Skipping extension 'colcon_notification.desktop_notification.win32': Not used on non-Windows systems
[0.585s] INFO:colcon.colcon_notification.desktop_notification:Sending desktop notification using 'notify2'
[0.594s] DEBUG:colcon.colcon_core.event_reactor:joined thread
[0.595s] INFO:colcon.colcon_core.shell:Creating prefix script '/home/ananya/ros2_ws/install/local_setup.ps1'
[0.596s] INFO:colcon.colcon_core.shell:Creating prefix util module '/home/ananya/ros2_ws/install/_local_setup_util_ps1.py'
[0.597s] INFO:colcon.colcon_core.shell:Creating prefix chain script '/home/ananya/ros2_ws/install/setup.ps1'
[0.598s] INFO:colcon.colcon_core.shell:Creating prefix script '/home/ananya/ros2_ws/install/local_setup.sh'
[0.598s] INFO:colcon.colcon_core.shell:Creating prefix util module '/home/ananya/ros2_ws/install/_local_setup_util_sh.py'
[0.599s] INFO:colcon.colcon_core.shell:Creating prefix chain script '/home/ananya/ros2_ws/install/setup.sh'
[0.600s] INFO:colcon.colcon_core.shell:Creating prefix script '/home/ananya/ros2_ws/install/local_setup.bash'
[0.600s] INFO:colcon.colcon_core.shell:Creating prefix chain script '/home/ananya/ros2_ws/install/setup.bash'
[0.601s] INFO:colcon.colcon_core.shell:Creating prefix script '/home/ananya/ros2_ws/install/local_setup.zsh'
[0.601s] INFO:colcon.colcon_core.shell:Creating prefix chain script '/home/ananya/ros2_ws/install/setup.zsh'
