[0.005s] Invoking command in '/home/ananya/ros2_ws/build/my_box_bot_gazebo': AMENT_PREFIX_PATH=/home/ananya/ros2_ws/install/my_box_bot_description:${AMENT_PREFIX_PATH} CMAKE_PREFIX_PATH=/home/ananya/ros2_ws/install/my_box_bot_description:/opt/ros/humble /usr/bin/cmake --build /home/ananya/ros2_ws/build/my_box_bot_gazebo -- -j8 -l8
[0.025s] -- Found ament_cmake: 1.3.5 (/opt/ros/humble/share/ament_cmake/cmake)
[0.130s] -- Found rclpy: 3.3.9 (/opt/ros/humble/share/rclpy/cmake)
[0.130s] -- Found gazebo_ros: 3.7.0 (/opt/ros/humble/share/gazebo_ros/cmake)
[0.150s] -- Found rosidl_generator_c: 3.1.5 (/opt/ros/humble/share/rosidl_generator_c/cmake)
[0.151s] -- Found rosidl_adapter: 3.1.5 (/opt/ros/humble/share/rosidl_adapter/cmake)
[0.156s] -- Found rosidl_generator_cpp: 3.1.5 (/opt/ros/humble/share/rosidl_generator_cpp/cmake)
[0.165s] -- Using all available rosidl_typesupport_c: rosidl_typesupport_fastrtps_c;rosidl_typesupport_introspection_c
[0.175s] -- Using all available rosidl_typesupport_cpp: rosidl_typesupport_fastrtps_cpp;rosidl_typesupport_introspection_cpp
[0.212s] -- Found rmw_implementation_cmake: 6.1.1 (/opt/ros/humble/share/rmw_implementation_cmake/cmake)
[0.213s] -- Found rmw_fastrtps_cpp: 6.2.3 (/opt/ros/humble/share/rmw_fastrtps_cpp/cmake)
[0.294s] -- Using RMW implementation 'rmw_fastrtps_cpp' as default
[0.417s] -- Found DART: /usr/include (Required is at least version "6.6") found components: dart 
[0.436s] -- Found Protobuf: /usr/lib/x86_64-linux-gnu/libprotobuf.so (found version "3.12.4") 
[0.438s] -- Looking for ignition-math6 -- found version 6.15.0
[0.441s] -- Searching for dependencies of ignition-math6
[0.441s] -- Looking for OGRE...
[0.446s] -- Found Ogre Ghadamon (1.9.0)
[0.446s] -- Found OGRE: optimized;/usr/lib/x86_64-linux-gnu/libOgreMain.so;debug;/usr/lib/x86_64-linux-gnu/libOgreMain.so
[0.452s] -- Looking for OGRE_Paging...
[0.452s] -- Found OGRE_Paging: optimized;/usr/lib/x86_64-linux-gnu/libOgrePaging.so;debug;/usr/lib/x86_64-linux-gnu/libOgrePaging.so
[0.453s] -- Looking for OGRE_Terrain...
[0.453s] -- Found OGRE_Terrain: optimized;/usr/lib/x86_64-linux-gnu/libOgreTerrain.so;debug;/usr/lib/x86_64-linux-gnu/libOgreTerrain.so
[0.453s] -- Looking for OGRE_Property...
[0.453s] -- Found OGRE_Property: optimized;/usr/lib/x86_64-linux-gnu/libOgreProperty.so;debug;/usr/lib/x86_64-linux-gnu/libOgreProperty.so
[0.453s] -- Looking for OGRE_RTShaderSystem...
[0.453s] -- Found OGRE_RTShaderSystem: optimized;/usr/lib/x86_64-linux-gnu/libOgreRTShaderSystem.so;debug;/usr/lib/x86_64-linux-gnu/libOgreRTShaderSystem.so
[0.453s] -- Looking for OGRE_Volume...
[0.453s] -- Found OGRE_Volume: optimized;/usr/lib/x86_64-linux-gnu/libOgreVolume.so;debug;/usr/lib/x86_64-linux-gnu/libOgreVolume.so
[0.453s] -- Looking for OGRE_Overlay...
[0.453s] -- Found OGRE_Overlay: optimized;/usr/lib/x86_64-linux-gnu/libOgreOverlay.so;debug;/usr/lib/x86_64-linux-gnu/libOgreOverlay.so
[0.515s] -- Looking for ignition-math6 -- found version 6.15.0
[0.515s] -- Looking for ignition-transport8 -- found version 8.2.1
[0.516s] -- Searching for dependencies of ignition-transport8
[0.528s] -- Found Protobuf: /usr/lib/x86_64-linux-gnu/libprotobuf.so (found suitable version "3.12.4", minimum required is "3") 
[0.535s] -- Config-file not installed for ZeroMQ -- checking for pkg-config
[0.539s] -- Checking for module 'libzmq >= 4'
[0.548s] --   Found libzmq , version 4.3.4
[0.577s] -- Checking for module 'uuid'
[0.585s] --   Found uuid, version 2.37.2
[0.622s] -- Looking for ignition-msgs5 -- found version 5.8.1
[0.622s] -- Searching for dependencies of ignition-msgs5
[0.638s] -- Looking for ignition-math6 -- found version 6.15.0
[0.642s] -- Checking for module 'tinyxml2'
[0.651s] --   Found tinyxml2, version 9.0.0
[0.684s] -- Looking for ignition-msgs5 -- found version 5.8.1
[0.685s] -- Looking for ignition-common3 -- found version 3.14.0
[0.685s] -- Searching for dependencies of ignition-common3
[0.685s] -- Looking for dlfcn.h - found
[0.686s] -- Looking for libdl - found
[0.697s] -- Searching for <ignition-common3> component [graphics]
[0.697s] -- Looking for ignition-common3-graphics -- found version 3.14.0
[0.697s] -- Searching for dependencies of ignition-common3-graphics
[0.697s] -- Looking for ignition-math6 -- found version 6.15.0
[0.698s] -- Looking for ignition-fuel_tools4 -- found version 4.4.0
[0.698s] -- Searching for dependencies of ignition-fuel_tools4
[0.725s] -- Checking for module 'jsoncpp'
[0.733s] --   Found jsoncpp, version 1.9.5
[0.764s] -- Checking for module 'libzip'
[0.778s] --   Found libzip, version 1.7.3
[0.828s] -- Looking for ignition-common3 -- found version 3.14.0
[0.828s] -- Looking for ignition-math6 -- found version 6.15.0
[0.829s] -- Looking for ignition-msgs5 -- found version 5.8.1
[0.831s] -- Gazebo version: 11.10
[0.841s] -- Found my_box_bot_description: 0.0.0 (/home/ananya/ros2_ws/install/my_box_bot_description/share/my_box_bot_description/cmake)
[0.841s] -- Found xacro: 2.0.8 (/opt/ros/humble/share/xacro/cmake)
[0.849s] -- Configuring incomplete, errors occurred!
[0.849s] See also "/home/ananya/ros2_ws/build/my_box_bot_gazebo/CMakeFiles/CMakeOutput.log".
[0.849s] [31mCMake Error at CMakeLists.txt:14 (find_package):
[0.849s]   By not providing "Findros2_control.cmake" in CMAKE_MODULE_PATH this project
[0.849s]   has asked CMake to find a package configuration file provided by
[0.849s]   "ros2_control", but CMake did not find one.
[0.849s] 
[0.849s]   Could not find a package configuration file provided by "ros2_control" with
[0.849s]   any of the following names:
[0.849s] 
[0.849s]     ros2_controlConfig.cmake
[0.849s]     ros2_control-config.cmake
[0.849s] 
[0.849s]   Add the installation prefix of "ros2_control" to CMAKE_PREFIX_PATH or set
[0.849s]   "ros2_control_DIR" to a directory containing one of the above files.  If
[0.849s]   "ros2_control" provides a separate development package or SDK, be sure it
[0.849s]   has been installed.
[0.849s] 
[0.849s] [0m
[0.858s] gmake: *** [Makefile:226: cmake_check_build_system] Error 1
[0.860s] Invoked command in '/home/ananya/ros2_ws/build/my_box_bot_gazebo' returned '2': AMENT_PREFIX_PATH=/home/ananya/ros2_ws/install/my_box_bot_description:${AMENT_PREFIX_PATH} CMAKE_PREFIX_PATH=/home/ananya/ros2_ws/install/my_box_bot_description:/opt/ros/humble /usr/bin/cmake --build /home/ananya/ros2_ws/build/my_box_bot_gazebo -- -j8 -l8
