[0.017s] Invoking command in '/home/ananya/ros2_ws/build/my_box_bot_description': CMAKE_PREFIX_PATH=${CMAKE_PREFIX_PATH}:/opt/ros/humble /usr/bin/cmake --build /home/ananya/ros2_ws/build/my_box_bot_description -- -j8 -l8
[0.051s] Invoked command in '/home/ananya/ros2_ws/build/my_box_bot_description' returned '0': CMAKE_PREFIX_PATH=${CMAKE_PREFIX_PATH}:/opt/ros/humble /usr/bin/cmake --build /home/ananya/ros2_ws/build/my_box_bot_description -- -j8 -l8
[0.076s] Invoking command in '/home/ananya/ros2_ws/build/my_box_bot_description': CMAKE_PREFIX_PATH=${CMAKE_PREFIX_PATH}:/opt/ros/humble /usr/bin/cmake --install /home/ananya/ros2_ws/build/my_box_bot_description
[0.084s] -- Install configuration: ""
[0.084s] -- Up-to-date: /home/ananya/ros2_ws/install/my_box_bot_description/share/ament_index/resource_index/package_run_dependencies/my_box_bot_description
[0.084s] -- Up-to-date: /home/ananya/ros2_ws/install/my_box_bot_description/share/ament_index/resource_index/parent_prefix_path/my_box_bot_description
[0.084s] -- Up-to-date: /home/ananya/ros2_ws/install/my_box_bot_description/share/my_box_bot_description/environment/ament_prefix_path.sh
[0.084s] -- Up-to-date: /home/ananya/ros2_ws/install/my_box_bot_description/share/my_box_bot_description/environment/ament_prefix_path.dsv
[0.084s] -- Up-to-date: /home/ananya/ros2_ws/install/my_box_bot_description/share/my_box_bot_description/environment/path.sh
[0.084s] -- Up-to-date: /home/ananya/ros2_ws/install/my_box_bot_description/share/my_box_bot_description/environment/path.dsv
[0.084s] -- Up-to-date: /home/ananya/ros2_ws/install/my_box_bot_description/share/my_box_bot_description/local_setup.bash
[0.084s] -- Up-to-date: /home/ananya/ros2_ws/install/my_box_bot_description/share/my_box_bot_description/local_setup.sh
[0.085s] -- Up-to-date: /home/ananya/ros2_ws/install/my_box_bot_description/share/my_box_bot_description/local_setup.zsh
[0.085s] -- Up-to-date: /home/ananya/ros2_ws/install/my_box_bot_description/share/my_box_bot_description/local_setup.dsv
[0.085s] -- Installing: /home/ananya/ros2_ws/install/my_box_bot_description/share/my_box_bot_description/package.dsv
[0.085s] -- Up-to-date: /home/ananya/ros2_ws/install/my_box_bot_description/share/ament_index/resource_index/packages/my_box_bot_description
[0.085s] -- Up-to-date: /home/ananya/ros2_ws/install/my_box_bot_description/share/my_box_bot_description/cmake/my_box_bot_descriptionConfig.cmake
[0.085s] -- Up-to-date: /home/ananya/ros2_ws/install/my_box_bot_description/share/my_box_bot_description/cmake/my_box_bot_descriptionConfig-version.cmake
[0.085s] -- Up-to-date: /home/ananya/ros2_ws/install/my_box_bot_description/share/my_box_bot_description/package.xml
[0.087s] Invoked command in '/home/ananya/ros2_ws/build/my_box_bot_description' returned '0': CMAKE_PREFIX_PATH=${CMAKE_PREFIX_PATH}:/opt/ros/humble /usr/bin/cmake --install /home/ananya/ros2_ws/build/my_box_bot_description
