[0.240s] DEBUG:colcon:Command line arguments: ['/usr/bin/colcon', 'build']
[0.241s] DEBUG:colcon:Parsed command line arguments: Namespace(log_base=None, log_level=None, verb_name='build', build_base='build', install_base='install', merge_install=False, symlink_install=False, test_result_base=None, continue_on_error=False, executor='parallel', parallel_workers=8, event_handlers=None, ignore_user_meta=False, metas=['./colcon.meta'], base_paths=['.'], packages_ignore=None, packages_ignore_regex=None, paths=None, packages_up_to=None, packages_up_to_regex=None, packages_above=None, packages_above_and_dependencies=None, packages_above_depth=None, packages_select_by_dep=None, packages_skip_by_dep=None, packages_skip_up_to=None, packages_select_build_failed=False, packages_skip_build_finished=False, packages_select_test_failures=False, packages_skip_test_passed=False, packages_select=None, packages_skip=None, packages_select_regex=None, packages_skip_regex=None, packages_start=None, packages_end=None, allow_overriding=[], cmake_args=None, cmake_target=None, cmake_target_skip_unavailable=False, cmake_clean_cache=False, cmake_clean_first=False, cmake_force_configure=False, ament_cmake_args=None, catkin_cmake_args=None, catkin_skip_building_tests=False, verb_parser=<colcon_defaults.argument_parser.defaults.DefaultArgumentsDecorator object at 0x7f0004d86d40>, verb_extension=<colcon_core.verb.build.BuildVerb object at 0x7f0004d867d0>, main=<bound method BuildVerb.main of <colcon_core.verb.build.BuildVerb object at 0x7f0004d867d0>>)
[0.257s] Level 1:colcon.colcon_core.package_discovery:discover_packages(colcon_meta) check parameters
[0.257s] Level 1:colcon.colcon_core.package_discovery:discover_packages(recursive) check parameters
[0.257s] Level 1:colcon.colcon_core.package_discovery:discover_packages(ignore) check parameters
[0.257s] Level 1:colcon.colcon_core.package_discovery:discover_packages(path) check parameters
[0.257s] Level 1:colcon.colcon_core.package_discovery:discover_packages(colcon_meta) discover
[0.257s] Level 1:colcon.colcon_core.package_discovery:discover_packages(recursive) discover
[0.257s] INFO:colcon.colcon_core.package_discovery:Crawling recursively for packages in '/home/ananya/ros2_ws'
[0.257s] Level 1:colcon.colcon_core.package_identification:_identify(.) by extensions ['ignore', 'ignore_ament_install']
[0.257s] Level 1:colcon.colcon_core.package_identification:_identify(.) by extension 'ignore'
[0.258s] Level 1:colcon.colcon_core.package_identification:_identify(.) by extension 'ignore_ament_install'
[0.258s] Level 1:colcon.colcon_core.package_identification:_identify(.) by extensions ['colcon_pkg']
[0.258s] Level 1:colcon.colcon_core.package_identification:_identify(.) by extension 'colcon_pkg'
[0.258s] Level 1:colcon.colcon_core.package_identification:_identify(.) by extensions ['colcon_meta']
[0.258s] Level 1:colcon.colcon_core.package_identification:_identify(.) by extension 'colcon_meta'
[0.258s] Level 1:colcon.colcon_core.package_identification:_identify(.) by extensions ['ros']
[0.258s] Level 1:colcon.colcon_core.package_identification:_identify(.) by extension 'ros'
[0.266s] Level 1:colcon.colcon_core.package_identification:_identify(.) by extensions ['cmake', 'python']
[0.266s] Level 1:colcon.colcon_core.package_identification:_identify(.) by extension 'cmake'
[0.266s] Level 1:colcon.colcon_core.package_identification:_identify(.) by extension 'python'
[0.266s] Level 1:colcon.colcon_core.package_identification:_identify(.) by extensions ['python_setup_py']
[0.267s] Level 1:colcon.colcon_core.package_identification:_identify(.) by extension 'python_setup_py'
[0.267s] Level 1:colcon.colcon_core.package_identification:_identify(build) by extensions ['ignore', 'ignore_ament_install']
[0.267s] Level 1:colcon.colcon_core.package_identification:_identify(build) by extension 'ignore'
[0.267s] Level 1:colcon.colcon_core.package_identification:_identify(build) ignored
[0.267s] Level 1:colcon.colcon_core.package_identification:_identify(install) by extensions ['ignore', 'ignore_ament_install']
[0.267s] Level 1:colcon.colcon_core.package_identification:_identify(install) by extension 'ignore'
[0.267s] Level 1:colcon.colcon_core.package_identification:_identify(install) ignored
[0.267s] Level 1:colcon.colcon_core.package_identification:_identify(log) by extensions ['ignore', 'ignore_ament_install']
[0.267s] Level 1:colcon.colcon_core.package_identification:_identify(log) by extension 'ignore'
[0.267s] Level 1:colcon.colcon_core.package_identification:_identify(log) ignored
[0.267s] Level 1:colcon.colcon_core.package_identification:_identify(src) by extensions ['ignore', 'ignore_ament_install']
[0.267s] Level 1:colcon.colcon_core.package_identification:_identify(src) by extension 'ignore'
[0.267s] Level 1:colcon.colcon_core.package_identification:_identify(src) by extension 'ignore_ament_install'
[0.267s] Level 1:colcon.colcon_core.package_identification:_identify(src) by extensions ['colcon_pkg']
[0.267s] Level 1:colcon.colcon_core.package_identification:_identify(src) by extension 'colcon_pkg'
[0.267s] Level 1:colcon.colcon_core.package_identification:_identify(src) by extensions ['colcon_meta']
[0.267s] Level 1:colcon.colcon_core.package_identification:_identify(src) by extension 'colcon_meta'
[0.267s] Level 1:colcon.colcon_core.package_identification:_identify(src) by extensions ['ros']
[0.267s] Level 1:colcon.colcon_core.package_identification:_identify(src) by extension 'ros'
[0.267s] Level 1:colcon.colcon_core.package_identification:_identify(src) by extensions ['cmake', 'python']
[0.267s] Level 1:colcon.colcon_core.package_identification:_identify(src) by extension 'cmake'
[0.267s] Level 1:colcon.colcon_core.package_identification:_identify(src) by extension 'python'
[0.267s] Level 1:colcon.colcon_core.package_identification:_identify(src) by extensions ['python_setup_py']
[0.267s] Level 1:colcon.colcon_core.package_identification:_identify(src) by extension 'python_setup_py'
[0.268s] Level 1:colcon.colcon_core.package_identification:_identify(src/my_box_bot_description) by extensions ['ignore', 'ignore_ament_install']
[0.268s] Level 1:colcon.colcon_core.package_identification:_identify(src/my_box_bot_description) by extension 'ignore'
[0.268s] Level 1:colcon.colcon_core.package_identification:_identify(src/my_box_bot_description) by extension 'ignore_ament_install'
[0.268s] Level 1:colcon.colcon_core.package_identification:_identify(src/my_box_bot_description) by extensions ['colcon_pkg']
[0.268s] Level 1:colcon.colcon_core.package_identification:_identify(src/my_box_bot_description) by extension 'colcon_pkg'
[0.268s] Level 1:colcon.colcon_core.package_identification:_identify(src/my_box_bot_description) by extensions ['colcon_meta']
[0.268s] Level 1:colcon.colcon_core.package_identification:_identify(src/my_box_bot_description) by extension 'colcon_meta'
[0.268s] Level 1:colcon.colcon_core.package_identification:_identify(src/my_box_bot_description) by extensions ['ros']
[0.268s] Level 1:colcon.colcon_core.package_identification:_identify(src/my_box_bot_description) by extension 'ros'
[0.270s] DEBUG:colcon.colcon_core.package_identification:Package 'src/my_box_bot_description' with type 'ros.ament_cmake' and name 'my_box_bot_description'
[0.270s] Level 1:colcon.colcon_core.package_identification:_identify(src/my_box_bot_gazebo) by extensions ['ignore', 'ignore_ament_install']
[0.270s] Level 1:colcon.colcon_core.package_identification:_identify(src/my_box_bot_gazebo) by extension 'ignore'
[0.270s] Level 1:colcon.colcon_core.package_identification:_identify(src/my_box_bot_gazebo) by extension 'ignore_ament_install'
[0.270s] Level 1:colcon.colcon_core.package_identification:_identify(src/my_box_bot_gazebo) by extensions ['colcon_pkg']
[0.270s] Level 1:colcon.colcon_core.package_identification:_identify(src/my_box_bot_gazebo) by extension 'colcon_pkg'
[0.270s] Level 1:colcon.colcon_core.package_identification:_identify(src/my_box_bot_gazebo) by extensions ['colcon_meta']
[0.270s] Level 1:colcon.colcon_core.package_identification:_identify(src/my_box_bot_gazebo) by extension 'colcon_meta'
[0.270s] Level 1:colcon.colcon_core.package_identification:_identify(src/my_box_bot_gazebo) by extensions ['ros']
[0.270s] Level 1:colcon.colcon_core.package_identification:_identify(src/my_box_bot_gazebo) by extension 'ros'
[0.270s] DEBUG:colcon.colcon_core.package_identification:Package 'src/my_box_bot_gazebo' with type 'ros.ament_cmake' and name 'my_box_bot_gazebo'
[0.270s] Level 1:colcon.colcon_core.package_identification:_identify(src/my_robot_bringup) by extensions ['ignore', 'ignore_ament_install']
[0.271s] Level 1:colcon.colcon_core.package_identification:_identify(src/my_robot_bringup) by extension 'ignore'
[0.271s] Level 1:colcon.colcon_core.package_identification:_identify(src/my_robot_bringup) by extension 'ignore_ament_install'
[0.271s] Level 1:colcon.colcon_core.package_identification:_identify(src/my_robot_bringup) by extensions ['colcon_pkg']
[0.271s] Level 1:colcon.colcon_core.package_identification:_identify(src/my_robot_bringup) by extension 'colcon_pkg'
[0.271s] Level 1:colcon.colcon_core.package_identification:_identify(src/my_robot_bringup) by extensions ['colcon_meta']
[0.271s] Level 1:colcon.colcon_core.package_identification:_identify(src/my_robot_bringup) by extension 'colcon_meta'
[0.271s] Level 1:colcon.colcon_core.package_identification:_identify(src/my_robot_bringup) by extensions ['ros']
[0.271s] Level 1:colcon.colcon_core.package_identification:_identify(src/my_robot_bringup) by extension 'ros'
[0.271s] DEBUG:colcon.colcon_core.package_identification:Package 'src/my_robot_bringup' with type 'ros.ament_cmake' and name 'gazebo_test'
[0.271s] Level 1:colcon.colcon_core.package_discovery:discover_packages(recursive) using defaults
[0.271s] Level 1:colcon.colcon_core.package_discovery:discover_packages(ignore) discover
[0.271s] Level 1:colcon.colcon_core.package_discovery:discover_packages(ignore) using defaults
[0.271s] Level 1:colcon.colcon_core.package_discovery:discover_packages(path) discover
[0.271s] Level 1:colcon.colcon_core.package_discovery:discover_packages(path) using defaults
[0.288s] Level 1:colcon.colcon_core.package_discovery:discover_packages(prefix_path) check parameters
[0.288s] Level 1:colcon.colcon_core.package_discovery:discover_packages(prefix_path) discover
[0.290s] DEBUG:colcon.colcon_installed_package_information.package_discovery:Found 3 installed packages in /home/ananya/ros2_ws/install
[0.291s] DEBUG:colcon.colcon_installed_package_information.package_discovery:Found 330 installed packages in /opt/ros/humble
[0.293s] Level 1:colcon.colcon_core.package_discovery:discover_packages(prefix_path) using defaults
[0.336s] Level 5:colcon.colcon_core.verb:set package 'gazebo_test' build argument 'cmake_args' from command line to 'None'
[0.336s] Level 5:colcon.colcon_core.verb:set package 'gazebo_test' build argument 'cmake_target' from command line to 'None'
[0.336s] Level 5:colcon.colcon_core.verb:set package 'gazebo_test' build argument 'cmake_target_skip_unavailable' from command line to 'False'
[0.336s] Level 5:colcon.colcon_core.verb:set package 'gazebo_test' build argument 'cmake_clean_cache' from command line to 'False'
[0.336s] Level 5:colcon.colcon_core.verb:set package 'gazebo_test' build argument 'cmake_clean_first' from command line to 'False'
[0.336s] Level 5:colcon.colcon_core.verb:set package 'gazebo_test' build argument 'cmake_force_configure' from command line to 'False'
[0.336s] Level 5:colcon.colcon_core.verb:set package 'gazebo_test' build argument 'ament_cmake_args' from command line to 'None'
[0.336s] Level 5:colcon.colcon_core.verb:set package 'gazebo_test' build argument 'catkin_cmake_args' from command line to 'None'
[0.336s] Level 5:colcon.colcon_core.verb:set package 'gazebo_test' build argument 'catkin_skip_building_tests' from command line to 'False'
[0.336s] DEBUG:colcon.colcon_core.verb:Building package 'gazebo_test' with the following arguments: {'ament_cmake_args': None, 'build_base': '/home/ananya/ros2_ws/build/gazebo_test', 'catkin_cmake_args': None, 'catkin_skip_building_tests': False, 'cmake_args': None, 'cmake_clean_cache': False, 'cmake_clean_first': False, 'cmake_force_configure': False, 'cmake_target': None, 'cmake_target_skip_unavailable': False, 'install_base': '/home/ananya/ros2_ws/install/gazebo_test', 'merge_install': False, 'path': '/home/ananya/ros2_ws/src/my_robot_bringup', 'symlink_install': False, 'test_result_base': None}
[0.337s] Level 5:colcon.colcon_core.verb:set package 'my_box_bot_description' build argument 'cmake_args' from command line to 'None'
[0.337s] Level 5:colcon.colcon_core.verb:set package 'my_box_bot_description' build argument 'cmake_target' from command line to 'None'
[0.337s] Level 5:colcon.colcon_core.verb:set package 'my_box_bot_description' build argument 'cmake_target_skip_unavailable' from command line to 'False'
[0.337s] Level 5:colcon.colcon_core.verb:set package 'my_box_bot_description' build argument 'cmake_clean_cache' from command line to 'False'
[0.337s] Level 5:colcon.colcon_core.verb:set package 'my_box_bot_description' build argument 'cmake_clean_first' from command line to 'False'
[0.337s] Level 5:colcon.colcon_core.verb:set package 'my_box_bot_description' build argument 'cmake_force_configure' from command line to 'False'
[0.337s] Level 5:colcon.colcon_core.verb:set package 'my_box_bot_description' build argument 'ament_cmake_args' from command line to 'None'
[0.337s] Level 5:colcon.colcon_core.verb:set package 'my_box_bot_description' build argument 'catkin_cmake_args' from command line to 'None'
[0.337s] Level 5:colcon.colcon_core.verb:set package 'my_box_bot_description' build argument 'catkin_skip_building_tests' from command line to 'False'
[0.337s] DEBUG:colcon.colcon_core.verb:Building package 'my_box_bot_description' with the following arguments: {'ament_cmake_args': None, 'build_base': '/home/ananya/ros2_ws/build/my_box_bot_description', 'catkin_cmake_args': None, 'catkin_skip_building_tests': False, 'cmake_args': None, 'cmake_clean_cache': False, 'cmake_clean_first': False, 'cmake_force_configure': False, 'cmake_target': None, 'cmake_target_skip_unavailable': False, 'install_base': '/home/ananya/ros2_ws/install/my_box_bot_description', 'merge_install': False, 'path': '/home/ananya/ros2_ws/src/my_box_bot_description', 'symlink_install': False, 'test_result_base': None}
[0.338s] Level 5:colcon.colcon_core.verb:set package 'my_box_bot_gazebo' build argument 'cmake_args' from command line to 'None'
[0.338s] Level 5:colcon.colcon_core.verb:set package 'my_box_bot_gazebo' build argument 'cmake_target' from command line to 'None'
[0.338s] Level 5:colcon.colcon_core.verb:set package 'my_box_bot_gazebo' build argument 'cmake_target_skip_unavailable' from command line to 'False'
[0.338s] Level 5:colcon.colcon_core.verb:set package 'my_box_bot_gazebo' build argument 'cmake_clean_cache' from command line to 'False'
[0.338s] Level 5:colcon.colcon_core.verb:set package 'my_box_bot_gazebo' build argument 'cmake_clean_first' from command line to 'False'
[0.338s] Level 5:colcon.colcon_core.verb:set package 'my_box_bot_gazebo' build argument 'cmake_force_configure' from command line to 'False'
[0.338s] Level 5:colcon.colcon_core.verb:set package 'my_box_bot_gazebo' build argument 'ament_cmake_args' from command line to 'None'
[0.338s] Level 5:colcon.colcon_core.verb:set package 'my_box_bot_gazebo' build argument 'catkin_cmake_args' from command line to 'None'
[0.338s] Level 5:colcon.colcon_core.verb:set package 'my_box_bot_gazebo' build argument 'catkin_skip_building_tests' from command line to 'False'
[0.338s] DEBUG:colcon.colcon_core.verb:Building package 'my_box_bot_gazebo' with the following arguments: {'ament_cmake_args': None, 'build_base': '/home/ananya/ros2_ws/build/my_box_bot_gazebo', 'catkin_cmake_args': None, 'catkin_skip_building_tests': False, 'cmake_args': None, 'cmake_clean_cache': False, 'cmake_clean_first': False, 'cmake_force_configure': False, 'cmake_target': None, 'cmake_target_skip_unavailable': False, 'install_base': '/home/ananya/ros2_ws/install/my_box_bot_gazebo', 'merge_install': False, 'path': '/home/ananya/ros2_ws/src/my_box_bot_gazebo', 'symlink_install': False, 'test_result_base': None}
[0.338s] INFO:colcon.colcon_core.executor:Executing jobs using 'parallel' executor
[0.341s] DEBUG:colcon.colcon_parallel_executor.executor.parallel:run_until_complete
[0.341s] INFO:colcon.colcon_ros.task.ament_cmake.build:Building ROS package in '/home/ananya/ros2_ws/src/my_box_bot_description' with build type 'ament_cmake'
[0.341s] INFO:colcon.colcon_cmake.task.cmake.build:Building CMake package in '/home/ananya/ros2_ws/src/my_box_bot_description'
[0.344s] INFO:colcon.colcon_core.plugin_system:Skipping extension 'colcon_core.shell.bat': Not used on non-Windows systems
[0.344s] INFO:colcon.colcon_core.shell:Skip shell extension 'powershell' for command environment: Not usable outside of PowerShell
[0.344s] DEBUG:colcon.colcon_core.shell:Skip shell extension 'dsv' for command environment
[0.348s] INFO:colcon.colcon_ros.task.ament_cmake.build:Building ROS package in '/home/ananya/ros2_ws/src/my_robot_bringup' with build type 'ament_cmake'
[0.348s] INFO:colcon.colcon_cmake.task.cmake.build:Building CMake package in '/home/ananya/ros2_ws/src/my_robot_bringup'
[0.349s] INFO:colcon.colcon_core.shell:Skip shell extension 'powershell' for command environment: Not usable outside of PowerShell
[0.349s] DEBUG:colcon.colcon_core.shell:Skip shell extension 'dsv' for command environment
[0.357s] DEBUG:colcon.colcon_core.event_handler.log_command:Invoking command in '/home/ananya/ros2_ws/build/my_box_bot_description': CMAKE_PREFIX_PATH=${CMAKE_PREFIX_PATH}:/opt/ros/humble /usr/bin/cmake --build /home/ananya/ros2_ws/build/my_box_bot_description -- -j8 -l8
[0.360s] DEBUG:colcon.colcon_core.event_handler.log_command:Invoking command in '/home/ananya/ros2_ws/build/gazebo_test': CMAKE_PREFIX_PATH=${CMAKE_PREFIX_PATH}:/opt/ros/humble /usr/bin/cmake --build /home/ananya/ros2_ws/build/gazebo_test -- -j8 -l8
[0.389s] DEBUG:colcon.colcon_core.event_handler.log_command:Invoked command in '/home/ananya/ros2_ws/build/my_box_bot_description' returned '0': CMAKE_PREFIX_PATH=${CMAKE_PREFIX_PATH}:/opt/ros/humble /usr/bin/cmake --build /home/ananya/ros2_ws/build/my_box_bot_description -- -j8 -l8
[0.390s] DEBUG:colcon.colcon_core.event_handler.log_command:Invoked command in '/home/ananya/ros2_ws/build/gazebo_test' returned '0': CMAKE_PREFIX_PATH=${CMAKE_PREFIX_PATH}:/opt/ros/humble /usr/bin/cmake --build /home/ananya/ros2_ws/build/gazebo_test -- -j8 -l8
[0.412s] DEBUG:colcon.colcon_core.event_handler.log_command:Invoking command in '/home/ananya/ros2_ws/build/my_box_bot_description': CMAKE_PREFIX_PATH=${CMAKE_PREFIX_PATH}:/opt/ros/humble /usr/bin/cmake --install /home/ananya/ros2_ws/build/my_box_bot_description
[0.414s] DEBUG:colcon.colcon_core.event_handler.log_command:Invoking command in '/home/ananya/ros2_ws/build/gazebo_test': CMAKE_PREFIX_PATH=${CMAKE_PREFIX_PATH}:/opt/ros/humble /usr/bin/cmake --install /home/ananya/ros2_ws/build/gazebo_test
[0.420s] Level 1:colcon.colcon_core.environment:create_environment_scripts_only(my_box_bot_description)
[0.421s] DEBUG:colcon.colcon_core.event_handler.log_command:Invoked command in '/home/ananya/ros2_ws/build/my_box_bot_description' returned '0': CMAKE_PREFIX_PATH=${CMAKE_PREFIX_PATH}:/opt/ros/humble /usr/bin/cmake --install /home/ananya/ros2_ws/build/my_box_bot_description
[0.424s] Level 1:colcon.colcon_core.environment:checking '/home/ananya/ros2_ws/install/my_box_bot_description' for CMake module files
[0.424s] Level 1:colcon.colcon_core.environment:checking '/home/ananya/ros2_ws/install/my_box_bot_description' for CMake config files
[0.425s] Level 1:colcon.colcon_core.shell:create_environment_hook('my_box_bot_description', 'cmake_prefix_path')
[0.426s] INFO:colcon.colcon_core.shell:Creating environment hook '/home/ananya/ros2_ws/install/my_box_bot_description/share/my_box_bot_description/hook/cmake_prefix_path.ps1'
[0.426s] INFO:colcon.colcon_core.shell:Creating environment descriptor '/home/ananya/ros2_ws/install/my_box_bot_description/share/my_box_bot_description/hook/cmake_prefix_path.dsv'
[0.426s] INFO:colcon.colcon_core.shell:Creating environment hook '/home/ananya/ros2_ws/install/my_box_bot_description/share/my_box_bot_description/hook/cmake_prefix_path.sh'
[0.427s] Level 1:colcon.colcon_core.environment:checking '/home/ananya/ros2_ws/install/my_box_bot_description/bin'
[0.427s] Level 1:colcon.colcon_core.environment:checking '/home/ananya/ros2_ws/install/my_box_bot_description/lib/pkgconfig/my_box_bot_description.pc'
[0.427s] Level 1:colcon.colcon_core.environment:checking '/home/ananya/ros2_ws/install/my_box_bot_description/lib/python3.10/site-packages'
[0.427s] Level 1:colcon.colcon_core.environment:checking '/home/ananya/ros2_ws/install/my_box_bot_description/bin'
[0.428s] INFO:colcon.colcon_core.shell:Creating package script '/home/ananya/ros2_ws/install/my_box_bot_description/share/my_box_bot_description/package.ps1'
[0.429s] INFO:colcon.colcon_core.shell:Creating package descriptor '/home/ananya/ros2_ws/install/my_box_bot_description/share/my_box_bot_description/package.dsv'
[0.429s] INFO:colcon.colcon_core.shell:Creating package script '/home/ananya/ros2_ws/install/my_box_bot_description/share/my_box_bot_description/package.sh'
[0.430s] INFO:colcon.colcon_core.shell:Creating package script '/home/ananya/ros2_ws/install/my_box_bot_description/share/my_box_bot_description/package.bash'
[0.430s] INFO:colcon.colcon_core.shell:Creating package script '/home/ananya/ros2_ws/install/my_box_bot_description/share/my_box_bot_description/package.zsh'
[0.431s] Level 1:colcon.colcon_core.environment:create_file_with_runtime_dependencies(/home/ananya/ros2_ws/install/my_box_bot_description/share/colcon-core/packages/my_box_bot_description)
[0.432s] Level 1:colcon.colcon_core.environment:create_environment_scripts_only(gazebo_test)
[0.433s] Level 1:colcon.colcon_core.environment:checking '/home/ananya/ros2_ws/install/gazebo_test' for CMake module files
[0.434s] DEBUG:colcon.colcon_core.event_handler.log_command:Invoked command in '/home/ananya/ros2_ws/build/gazebo_test' returned '0': CMAKE_PREFIX_PATH=${CMAKE_PREFIX_PATH}:/opt/ros/humble /usr/bin/cmake --install /home/ananya/ros2_ws/build/gazebo_test
[0.434s] Level 1:colcon.colcon_core.environment:checking '/home/ananya/ros2_ws/install/gazebo_test' for CMake config files
[0.434s] Level 1:colcon.colcon_core.shell:create_environment_hook('gazebo_test', 'cmake_prefix_path')
[0.435s] INFO:colcon.colcon_core.shell:Creating environment hook '/home/ananya/ros2_ws/install/gazebo_test/share/gazebo_test/hook/cmake_prefix_path.ps1'
[0.435s] INFO:colcon.colcon_core.shell:Creating environment descriptor '/home/ananya/ros2_ws/install/gazebo_test/share/gazebo_test/hook/cmake_prefix_path.dsv'
[0.436s] INFO:colcon.colcon_core.shell:Creating environment hook '/home/ananya/ros2_ws/install/gazebo_test/share/gazebo_test/hook/cmake_prefix_path.sh'
[0.436s] Level 1:colcon.colcon_core.environment:checking '/home/ananya/ros2_ws/install/gazebo_test/bin'
[0.436s] Level 1:colcon.colcon_core.environment:checking '/home/ananya/ros2_ws/install/gazebo_test/lib/pkgconfig/gazebo_test.pc'
[0.436s] Level 1:colcon.colcon_core.environment:checking '/home/ananya/ros2_ws/install/gazebo_test/lib/python3.10/site-packages'
[0.436s] Level 1:colcon.colcon_core.environment:checking '/home/ananya/ros2_ws/install/gazebo_test/bin'
[0.437s] INFO:colcon.colcon_core.shell:Creating package script '/home/ananya/ros2_ws/install/gazebo_test/share/gazebo_test/package.ps1'
[0.438s] INFO:colcon.colcon_core.shell:Creating package descriptor '/home/ananya/ros2_ws/install/gazebo_test/share/gazebo_test/package.dsv'
[0.438s] INFO:colcon.colcon_core.shell:Creating package script '/home/ananya/ros2_ws/install/gazebo_test/share/gazebo_test/package.sh'
[0.438s] INFO:colcon.colcon_core.shell:Creating package script '/home/ananya/ros2_ws/install/gazebo_test/share/gazebo_test/package.bash'
[0.439s] INFO:colcon.colcon_core.shell:Creating package script '/home/ananya/ros2_ws/install/gazebo_test/share/gazebo_test/package.zsh'
[0.439s] Level 1:colcon.colcon_core.environment:create_file_with_runtime_dependencies(/home/ananya/ros2_ws/install/gazebo_test/share/colcon-core/packages/gazebo_test)
[0.448s] Level 1:colcon.colcon_core.environment:create_environment_scripts_only(my_box_bot_description)
[0.449s] Level 1:colcon.colcon_core.environment:checking '/home/ananya/ros2_ws/install/my_box_bot_description' for CMake module files
[0.450s] Level 1:colcon.colcon_core.environment:checking '/home/ananya/ros2_ws/install/my_box_bot_description' for CMake config files
[0.450s] Level 1:colcon.colcon_core.shell:create_environment_hook('my_box_bot_description', 'cmake_prefix_path')
[0.451s] INFO:colcon.colcon_core.shell:Creating environment hook '/home/ananya/ros2_ws/install/my_box_bot_description/share/my_box_bot_description/hook/cmake_prefix_path.ps1'
[0.451s] INFO:colcon.colcon_core.shell:Creating environment descriptor '/home/ananya/ros2_ws/install/my_box_bot_description/share/my_box_bot_description/hook/cmake_prefix_path.dsv'
[0.451s] INFO:colcon.colcon_core.shell:Creating environment hook '/home/ananya/ros2_ws/install/my_box_bot_description/share/my_box_bot_description/hook/cmake_prefix_path.sh'
[0.452s] Level 1:colcon.colcon_core.environment:checking '/home/ananya/ros2_ws/install/my_box_bot_description/bin'
[0.452s] Level 1:colcon.colcon_core.environment:checking '/home/ananya/ros2_ws/install/my_box_bot_description/lib/pkgconfig/my_box_bot_description.pc'
[0.452s] Level 1:colcon.colcon_core.environment:checking '/home/ananya/ros2_ws/install/my_box_bot_description/lib/python3.10/site-packages'
[0.452s] Level 1:colcon.colcon_core.environment:checking '/home/ananya/ros2_ws/install/my_box_bot_description/bin'
[0.453s] INFO:colcon.colcon_core.shell:Creating package script '/home/ananya/ros2_ws/install/my_box_bot_description/share/my_box_bot_description/package.ps1'
[0.454s] INFO:colcon.colcon_core.shell:Creating package descriptor '/home/ananya/ros2_ws/install/my_box_bot_description/share/my_box_bot_description/package.dsv'
[0.454s] INFO:colcon.colcon_core.shell:Creating package script '/home/ananya/ros2_ws/install/my_box_bot_description/share/my_box_bot_description/package.sh'
[0.454s] INFO:colcon.colcon_core.shell:Creating package script '/home/ananya/ros2_ws/install/my_box_bot_description/share/my_box_bot_description/package.bash'
[0.455s] INFO:colcon.colcon_core.shell:Creating package script '/home/ananya/ros2_ws/install/my_box_bot_description/share/my_box_bot_description/package.zsh'
[0.455s] Level 1:colcon.colcon_core.environment:create_file_with_runtime_dependencies(/home/ananya/ros2_ws/install/my_box_bot_description/share/colcon-core/packages/my_box_bot_description)
[0.455s] INFO:colcon.colcon_ros.task.ament_cmake.build:Building ROS package in '/home/ananya/ros2_ws/src/my_box_bot_gazebo' with build type 'ament_cmake'
[0.455s] INFO:colcon.colcon_cmake.task.cmake.build:Building CMake package in '/home/ananya/ros2_ws/src/my_box_bot_gazebo'
[0.456s] INFO:colcon.colcon_core.shell:Skip shell extension 'powershell' for command environment: Not usable outside of PowerShell
[0.456s] DEBUG:colcon.colcon_core.shell:Skip shell extension 'dsv' for command environment
[0.462s] Level 1:colcon.colcon_core.environment:create_environment_scripts_only(gazebo_test)
[0.463s] Level 1:colcon.colcon_core.environment:checking '/home/ananya/ros2_ws/install/gazebo_test' for CMake module files
[0.463s] Level 1:colcon.colcon_core.environment:checking '/home/ananya/ros2_ws/install/gazebo_test' for CMake config files
[0.463s] Level 1:colcon.colcon_core.shell:create_environment_hook('gazebo_test', 'cmake_prefix_path')
[0.464s] INFO:colcon.colcon_core.shell:Creating environment hook '/home/ananya/ros2_ws/install/gazebo_test/share/gazebo_test/hook/cmake_prefix_path.ps1'
[0.465s] INFO:colcon.colcon_core.shell:Creating environment descriptor '/home/ananya/ros2_ws/install/gazebo_test/share/gazebo_test/hook/cmake_prefix_path.dsv'
[0.465s] INFO:colcon.colcon_core.shell:Creating environment hook '/home/ananya/ros2_ws/install/gazebo_test/share/gazebo_test/hook/cmake_prefix_path.sh'
[0.465s] Level 1:colcon.colcon_core.environment:checking '/home/ananya/ros2_ws/install/gazebo_test/bin'
[0.465s] Level 1:colcon.colcon_core.environment:checking '/home/ananya/ros2_ws/install/gazebo_test/lib/pkgconfig/gazebo_test.pc'
[0.465s] Level 1:colcon.colcon_core.environment:checking '/home/ananya/ros2_ws/install/gazebo_test/lib/python3.10/site-packages'
[0.465s] Level 1:colcon.colcon_core.environment:checking '/home/ananya/ros2_ws/install/gazebo_test/bin'
[0.466s] INFO:colcon.colcon_core.shell:Creating package script '/home/ananya/ros2_ws/install/gazebo_test/share/gazebo_test/package.ps1'
[0.467s] INFO:colcon.colcon_core.shell:Creating package descriptor '/home/ananya/ros2_ws/install/gazebo_test/share/gazebo_test/package.dsv'
[0.467s] INFO:colcon.colcon_core.shell:Creating package script '/home/ananya/ros2_ws/install/gazebo_test/share/gazebo_test/package.sh'
[0.467s] INFO:colcon.colcon_core.shell:Creating package script '/home/ananya/ros2_ws/install/gazebo_test/share/gazebo_test/package.bash'
[0.467s] INFO:colcon.colcon_core.shell:Creating package script '/home/ananya/ros2_ws/install/gazebo_test/share/gazebo_test/package.zsh'
[0.468s] Level 1:colcon.colcon_core.environment:create_file_with_runtime_dependencies(/home/ananya/ros2_ws/install/gazebo_test/share/colcon-core/packages/gazebo_test)
[0.471s] DEBUG:colcon.colcon_core.event_handler.log_command:Invoking command in '/home/ananya/ros2_ws/build/my_box_bot_gazebo': CMAKE_PREFIX_PATH=/home/ananya/ros2_ws/install/my_box_bot_description:/home/ananya/ros2_ws/install/my_box_bot_gazebo:/home/ananya/ros2_ws/install/gazebo_test:/opt/ros/humble /usr/bin/cmake --build /home/ananya/ros2_ws/build/my_box_bot_gazebo -- -j8 -l8
[0.511s] DEBUG:colcon.colcon_core.event_handler.log_command:Invoked command in '/home/ananya/ros2_ws/build/my_box_bot_gazebo' returned '0': CMAKE_PREFIX_PATH=/home/ananya/ros2_ws/install/my_box_bot_description:/home/ananya/ros2_ws/install/my_box_bot_gazebo:/home/ananya/ros2_ws/install/gazebo_test:/opt/ros/humble /usr/bin/cmake --build /home/ananya/ros2_ws/build/my_box_bot_gazebo -- -j8 -l8
[0.529s] DEBUG:colcon.colcon_core.event_handler.log_command:Invoking command in '/home/ananya/ros2_ws/build/my_box_bot_gazebo': CMAKE_PREFIX_PATH=/home/ananya/ros2_ws/install/my_box_bot_description:/home/ananya/ros2_ws/install/my_box_bot_gazebo:/home/ananya/ros2_ws/install/gazebo_test:/opt/ros/humble /usr/bin/cmake --install /home/ananya/ros2_ws/build/my_box_bot_gazebo
[0.537s] Level 1:colcon.colcon_core.environment:create_environment_scripts_only(my_box_bot_gazebo)
[0.538s] Level 1:colcon.colcon_core.environment:checking '/home/ananya/ros2_ws/install/my_box_bot_gazebo' for CMake module files
[0.539s] DEBUG:colcon.colcon_core.event_handler.log_command:Invoked command in '/home/ananya/ros2_ws/build/my_box_bot_gazebo' returned '0': CMAKE_PREFIX_PATH=/home/ananya/ros2_ws/install/my_box_bot_description:/home/ananya/ros2_ws/install/my_box_bot_gazebo:/home/ananya/ros2_ws/install/gazebo_test:/opt/ros/humble /usr/bin/cmake --install /home/ananya/ros2_ws/build/my_box_bot_gazebo
[0.539s] Level 1:colcon.colcon_core.environment:checking '/home/ananya/ros2_ws/install/my_box_bot_gazebo' for CMake config files
[0.539s] Level 1:colcon.colcon_core.shell:create_environment_hook('my_box_bot_gazebo', 'cmake_prefix_path')
[0.540s] INFO:colcon.colcon_core.shell:Creating environment hook '/home/ananya/ros2_ws/install/my_box_bot_gazebo/share/my_box_bot_gazebo/hook/cmake_prefix_path.ps1'
[0.541s] INFO:colcon.colcon_core.shell:Creating environment descriptor '/home/ananya/ros2_ws/install/my_box_bot_gazebo/share/my_box_bot_gazebo/hook/cmake_prefix_path.dsv'
[0.541s] INFO:colcon.colcon_core.shell:Creating environment hook '/home/ananya/ros2_ws/install/my_box_bot_gazebo/share/my_box_bot_gazebo/hook/cmake_prefix_path.sh'
[0.541s] Level 1:colcon.colcon_core.environment:checking '/home/ananya/ros2_ws/install/my_box_bot_gazebo/bin'
[0.541s] Level 1:colcon.colcon_core.environment:checking '/home/ananya/ros2_ws/install/my_box_bot_gazebo/lib/pkgconfig/my_box_bot_gazebo.pc'
[0.541s] Level 1:colcon.colcon_core.environment:checking '/home/ananya/ros2_ws/install/my_box_bot_gazebo/lib/python3.10/site-packages'
[0.542s] Level 1:colcon.colcon_core.environment:checking '/home/ananya/ros2_ws/install/my_box_bot_gazebo/bin'
[0.542s] INFO:colcon.colcon_core.shell:Creating package script '/home/ananya/ros2_ws/install/my_box_bot_gazebo/share/my_box_bot_gazebo/package.ps1'
[0.543s] INFO:colcon.colcon_core.shell:Creating package descriptor '/home/ananya/ros2_ws/install/my_box_bot_gazebo/share/my_box_bot_gazebo/package.dsv'
[0.543s] INFO:colcon.colcon_core.shell:Creating package script '/home/ananya/ros2_ws/install/my_box_bot_gazebo/share/my_box_bot_gazebo/package.sh'
[0.543s] INFO:colcon.colcon_core.shell:Creating package script '/home/ananya/ros2_ws/install/my_box_bot_gazebo/share/my_box_bot_gazebo/package.bash'
[0.543s] INFO:colcon.colcon_core.shell:Creating package script '/home/ananya/ros2_ws/install/my_box_bot_gazebo/share/my_box_bot_gazebo/package.zsh'
[0.544s] Level 1:colcon.colcon_core.environment:create_file_with_runtime_dependencies(/home/ananya/ros2_ws/install/my_box_bot_gazebo/share/colcon-core/packages/my_box_bot_gazebo)
[0.562s] Level 1:colcon.colcon_core.environment:create_environment_scripts_only(my_box_bot_gazebo)
[0.564s] Level 1:colcon.colcon_core.environment:checking '/home/ananya/ros2_ws/install/my_box_bot_gazebo' for CMake module files
[0.564s] Level 1:colcon.colcon_core.environment:checking '/home/ananya/ros2_ws/install/my_box_bot_gazebo' for CMake config files
[0.564s] Level 1:colcon.colcon_core.shell:create_environment_hook('my_box_bot_gazebo', 'cmake_prefix_path')
[0.565s] INFO:colcon.colcon_core.shell:Creating environment hook '/home/ananya/ros2_ws/install/my_box_bot_gazebo/share/my_box_bot_gazebo/hook/cmake_prefix_path.ps1'
[0.566s] INFO:colcon.colcon_core.shell:Creating environment descriptor '/home/ananya/ros2_ws/install/my_box_bot_gazebo/share/my_box_bot_gazebo/hook/cmake_prefix_path.dsv'
[0.566s] INFO:colcon.colcon_core.shell:Creating environment hook '/home/ananya/ros2_ws/install/my_box_bot_gazebo/share/my_box_bot_gazebo/hook/cmake_prefix_path.sh'
[0.567s] Level 1:colcon.colcon_core.environment:checking '/home/ananya/ros2_ws/install/my_box_bot_gazebo/bin'
[0.567s] Level 1:colcon.colcon_core.environment:checking '/home/ananya/ros2_ws/install/my_box_bot_gazebo/lib/pkgconfig/my_box_bot_gazebo.pc'
[0.567s] Level 1:colcon.colcon_core.environment:checking '/home/ananya/ros2_ws/install/my_box_bot_gazebo/lib/python3.10/site-packages'
[0.567s] Level 1:colcon.colcon_core.environment:checking '/home/ananya/ros2_ws/install/my_box_bot_gazebo/bin'
[0.568s] INFO:colcon.colcon_core.shell:Creating package script '/home/ananya/ros2_ws/install/my_box_bot_gazebo/share/my_box_bot_gazebo/package.ps1'
[0.569s] INFO:colcon.colcon_core.shell:Creating package descriptor '/home/ananya/ros2_ws/install/my_box_bot_gazebo/share/my_box_bot_gazebo/package.dsv'
[0.569s] INFO:colcon.colcon_core.shell:Creating package script '/home/ananya/ros2_ws/install/my_box_bot_gazebo/share/my_box_bot_gazebo/package.sh'
[0.569s] INFO:colcon.colcon_core.shell:Creating package script '/home/ananya/ros2_ws/install/my_box_bot_gazebo/share/my_box_bot_gazebo/package.bash'
[0.570s] INFO:colcon.colcon_core.shell:Creating package script '/home/ananya/ros2_ws/install/my_box_bot_gazebo/share/my_box_bot_gazebo/package.zsh'
[0.570s] Level 1:colcon.colcon_core.environment:create_file_with_runtime_dependencies(/home/ananya/ros2_ws/install/my_box_bot_gazebo/share/colcon-core/packages/my_box_bot_gazebo)
[0.570s] DEBUG:colcon.colcon_parallel_executor.executor.parallel:closing loop
[0.570s] DEBUG:colcon.colcon_parallel_executor.executor.parallel:loop closed
[0.570s] DEBUG:colcon.colcon_parallel_executor.executor.parallel:run_until_complete finished with '0'
[0.570s] DEBUG:colcon.colcon_core.event_reactor:joining thread
[0.575s] INFO:colcon.colcon_core.plugin_system:Skipping extension 'colcon_notification.desktop_notification.terminal_notifier': Not used on non-Darwin systems
[0.575s] INFO:colcon.colcon_core.plugin_system:Skipping extension 'colcon_notification.desktop_notification.win32': Not used on non-Windows systems
[0.575s] INFO:colcon.colcon_notification.desktop_notification:Sending desktop notification using 'notify2'
[0.583s] DEBUG:colcon.colcon_core.event_reactor:joined thread
[0.584s] INFO:colcon.colcon_core.shell:Creating prefix script '/home/ananya/ros2_ws/install/local_setup.ps1'
[0.585s] INFO:colcon.colcon_core.shell:Creating prefix util module '/home/ananya/ros2_ws/install/_local_setup_util_ps1.py'
[0.586s] INFO:colcon.colcon_core.shell:Creating prefix chain script '/home/ananya/ros2_ws/install/setup.ps1'
[0.587s] INFO:colcon.colcon_core.shell:Creating prefix script '/home/ananya/ros2_ws/install/local_setup.sh'
[0.587s] INFO:colcon.colcon_core.shell:Creating prefix util module '/home/ananya/ros2_ws/install/_local_setup_util_sh.py'
[0.588s] INFO:colcon.colcon_core.shell:Creating prefix chain script '/home/ananya/ros2_ws/install/setup.sh'
[0.589s] INFO:colcon.colcon_core.shell:Creating prefix script '/home/ananya/ros2_ws/install/local_setup.bash'
[0.590s] INFO:colcon.colcon_core.shell:Creating prefix chain script '/home/ananya/ros2_ws/install/setup.bash'
[0.591s] INFO:colcon.colcon_core.shell:Creating prefix script '/home/ananya/ros2_ws/install/local_setup.zsh'
[0.592s] INFO:colcon.colcon_core.shell:Creating prefix chain script '/home/ananya/ros2_ws/install/setup.zsh'
