[0.014s] Invoking command in '/home/sra-vjti/Titanleg_Design_EKLAVYA_2023/build/titanleg_gazebo': /usr/bin/cmake /home/sra-vjti/Titanleg_Design_EKLAVYA_2023/src/titanleg_gazebo -DCMAKE_INSTALL_PREFIX=/home/sra-vjti/Titanleg_Design_EKLAVYA_2023/install/titanleg_gazebo
[0.216s] -- The C compiler identification is GNU 9.4.0
[0.451s] -- The CXX compiler identification is GNU 9.4.0
[0.465s] -- Detecting C compiler ABI info
[0.563s] -- Detecting C compiler ABI info - done
[0.572s] -- Check for working C compiler: /usr/bin/cc - skipped
[0.572s] -- Detecting C compile features
[0.573s] -- Detecting C compile features - done
[0.578s] -- Detecting CXX compiler ABI info
[0.650s] -- Detecting CXX compiler ABI info - done
[0.658s] -- Check for working CXX compiler: /usr/bin/c++ - skipped
[0.658s] -- Detecting CXX compile features
[0.658s] -- Detecting CXX compile features - done
[0.668s] [31mCMake Error at CMakeLists.txt:9 (find_package):
[0.669s]   By not providing "Findament_cmake.cmake" in CMAKE_MODULE_PATH this project
[0.669s]   has asked CMake to find a package configuration file provided by
[0.669s]   "ament_cmake", but CMake did not find one.
[0.669s] 
[0.669s]   Could not find a package configuration file provided by "ament_cmake" with
[0.669s]   any of the following names:
[0.669s] 
[0.669s]     ament_cmakeConfig.cmake
[0.669s]     ament_cmake-config.cmake
[0.669s] 
[0.669s]   Add the installation prefix of "ament_cmake" to CMAKE_PREFIX_PATH or set
[0.670s]   "ament_cmake_DIR" to a directory containing one of the above files.  If
[0.670s]   "ament_cmake" provides a separate development package or SDK, be sure it
[0.670s]   has been installed.
[0.670s] 
[0.670s] [0m
[0.670s] -- Configuring incomplete, errors occurred!
[0.670s] See also "/home/sra-vjti/Titanleg_Design_EKLAVYA_2023/build/titanleg_gazebo/CMakeFiles/CMakeOutput.log".
[0.672s] Invoked command in '/home/sra-vjti/Titanleg_Design_EKLAVYA_2023/build/titanleg_gazebo' returned '1': /usr/bin/cmake /home/sra-vjti/Titanleg_Design_EKLAVYA_2023/src/titanleg_gazebo -DCMAKE_INSTALL_PREFIX=/home/sra-vjti/Titanleg_Design_EKLAVYA_2023/install/titanleg_gazebo
